#
# There is insufficient memory for the Java Runtime Environment to continue.
# Native memory allocation (malloc) failed to allocate 730176 bytes for Chunk::new
# Possible reasons:
#   The system is out of physical RAM or swap space
#   The process is running with CompressedOops enabled, and the Java Heap may be blocking the growth of the native heap
# Possible solutions:
#   Reduce memory load on the system
#   Increase physical memory or swap space
#   Check if swap backing store is full
#   Decrease Java heap size (-Xmx/-Xms)
#   Decrease number of Java threads
#   Decrease Java thread stack sizes (-Xss)
#   Set larger code cache with -XX:ReservedCodeCacheSize=
#   JVM is running with Unscaled Compressed Oops mode in which the Java heap is
#     placed in the first 4GB address space. The Java Heap base address is the
#     maximum limit for the native heap growth. Please use -XX:HeapBaseMinAddress
#     to set the Java Heap base and to place the Java Heap above 4GB virtual address.
# This output file may be truncated or incomplete.
#
#  Out of Memory Error (allocation.cpp:389), pid=20204, tid=0x0000000000000480
#
# JRE version: OpenJDK Runtime Environment (8.0_202-b03) (build 1.8.0_202-release-1483-b03)
# Java VM: OpenJDK 64-Bit Server VM (25.202-b03 mixed mode windows-amd64 compressed oops)
# Failed to write core dump. Minidumps are not enabled by default on client versions of Windows
#

---------------  T H R E A D  ---------------

Current thread (0x000000001a9bc000):  JavaThread "C2 CompilerThread1" daemon [_thread_in_native, id=1152, stack(0x000000001b380000,0x000000001b480000)]

Stack: [0x000000001b380000,0x000000001b480000]
[error occurred during error reporting (printing stack bounds), id 0xc0000005]

Native frames: (J=compiled Java code, j=interpreted, Vv=VM code, C=native code)


Current CompileTask:
C2:  16140 8904       4       com.android.tools.r8.ir.conversion.N::a (5667 bytes)


---------------  P R O C E S S  ---------------

Java Threads: ( => current thread )
  0x000000002255a000 JavaThread "WorkerExecutor Queue Thread 6" [_thread_blocked, id=21668, stack(0x00000000288b0000,0x00000000289b0000)]
  0x000000002255d000 JavaThread "WorkerExecutor Queue Thread 5" [_thread_in_native, id=8812, stack(0x00000000287b0000,0x00000000288b0000)]
  0x0000000022559800 JavaThread "WorkerExecutor Queue Thread 4" [_thread_in_native, id=7352, stack(0x00000000286b0000,0x00000000287b0000)]
  0x0000000022555800 JavaThread "WorkerExecutor Queue Thread 3" [_thread_in_Java, id=15656, stack(0x00000000285b0000,0x00000000286b0000)]
  0x0000000022558800 JavaThread "stdout" [_thread_in_native, id=23200, stack(0x00000000282b0000,0x00000000283b0000)]
  0x000000002255b800 JavaThread "stderr" [_thread_in_native, id=20308, stack(0x00000000281b0000,0x00000000282b0000)]
  0x000000002254f800 JavaThread "pool-2-thread-1" [_thread_blocked, id=20876, stack(0x00000000280b0000,0x00000000281b0000)]
  0x0000000022552800 JavaThread "WorkerExecutor Queue" [_thread_in_Java, id=11024, stack(0x0000000027eb0000,0x0000000027fb0000)]
  0x0000000022550800 JavaThread "Cache worker for execution history cache (C:\Users\s987216\AndroidStudioProjects\Gruv\.gradle\5.4.1\executionHistory)" [_thread_blocked, id=20460, stack(0x0000000027ab0000,0x0000000027bb0000)]
  0x0000000022553800 JavaThread "Execution worker for ':' Thread 7" [_thread_blocked, id=8608, stack(0x00000000277b0000,0x00000000278b0000)]
  0x0000000022552000 JavaThread "Execution worker for ':' Thread 6" [_thread_blocked, id=20568, stack(0x00000000276b0000,0x00000000277b0000)]
  0x0000000022554000 JavaThread "Execution worker for ':' Thread 5" [_thread_blocked, id=2064, stack(0x00000000275b0000,0x00000000276b0000)]
  0x0000000022555000 JavaThread "Execution worker for ':' Thread 4" [_thread_blocked, id=13624, stack(0x00000000274b0000,0x00000000275b0000)]
  0x0000000023d50800 JavaThread "Execution worker for ':' Thread 3" [_thread_blocked, id=14080, stack(0x00000000273b0000,0x00000000274b0000)]
  0x0000000023d4f000 JavaThread "Execution worker for ':' Thread 2" [_thread_blocked, id=11684, stack(0x00000000272b0000,0x00000000273b0000)]
  0x0000000023d4e000 JavaThread "Execution worker for ':'" [_thread_blocked, id=11284, stack(0x00000000271b0000,0x00000000272b0000)]
  0x0000000023d4d800 JavaThread "Cache worker for file content cache (C:\Users\s987216\AndroidStudioProjects\Gruv\.gradle\5.4.1\fileContent)" [_thread_blocked, id=15988, stack(0x0000000026a20000,0x0000000026b20000)]
  0x0000000023d4c800 JavaThread "Cache worker for file content cache (C:\Users\s987216\.gradle\caches\5.4.1\fileContent)" [_thread_blocked, id=3432, stack(0x0000000026920000,0x0000000026a20000)]
  0x0000000023d4f800 JavaThread "Memory manager" [_thread_blocked, id=21224, stack(0x0000000026550000,0x0000000026650000)]
  0x0000000023d4b000 JavaThread "Cache worker for Build Output Cleanup Cache (C:\Users\s987216\AndroidStudioProjects\Gruv\.gradle\buildOutputCleanup)" [_thread_blocked, id=17688, stack(0x0000000025e50000,0x0000000025f50000)]
  0x0000000023d4a800 JavaThread "pool-1-thread-1" [_thread_blocked, id=17960, stack(0x0000000025b50000,0x0000000025c50000)]
  0x0000000023d42000 JavaThread "Build operations Thread 8" [_thread_blocked, id=21860, stack(0x0000000025650000,0x0000000025750000)]
  0x0000000023d46800 JavaThread "Build operations Thread 7" [_thread_blocked, id=9360, stack(0x0000000025550000,0x0000000025650000)]
  0x0000000023d43000 JavaThread "Build operations Thread 6" [_thread_blocked, id=10852, stack(0x0000000025450000,0x0000000025550000)]
  0x0000000023d49000 JavaThread "Build operations Thread 5" [_thread_blocked, id=19732, stack(0x0000000025350000,0x0000000025450000)]
  0x0000000023d44800 JavaThread "Build operations Thread 4" [_thread_blocked, id=23120, stack(0x0000000025250000,0x0000000025350000)]
  0x0000000023d43800 JavaThread "Build operations Thread 3" [_thread_blocked, id=22688, stack(0x0000000025150000,0x0000000025250000)]
  0x0000000023d47800 JavaThread "Build operations Thread 2" [_thread_blocked, id=10412, stack(0x0000000025050000,0x0000000025150000)]
  0x0000000023d41800 JavaThread "Build operations" [_thread_blocked, id=12684, stack(0x0000000024af0000,0x0000000024bf0000)]
  0x0000000023d48000 JavaThread "Cache worker for execution history cache (C:\Users\s987216\.gradle\caches\5.4.1\executionHistory)" [_thread_blocked, id=5188, stack(0x00000000249f0000,0x0000000024af0000)]
  0x0000000023d46000 JavaThread "Cache worker for cache directory md-rule (C:\Users\s987216\.gradle\caches\5.4.1\md-rule)" [_thread_blocked, id=10476, stack(0x00000000232f0000,0x00000000233f0000)]
  0x000000001cfb7000 JavaThread "Cache worker for cache directory md-supplier (C:\Users\s987216\.gradle\caches\5.4.1\md-supplier)" [_thread_blocked, id=18220, stack(0x00000000221d0000,0x00000000222d0000)]
  0x000000001cfba000 JavaThread "Cache worker for file hash cache (C:\Users\s987216\AndroidStudioProjects\Gruv\.gradle\5.4.1\fileHashes)" [_thread_blocked, id=18148, stack(0x000000001f810000,0x000000001f910000)]
  0x000000001cfb8800 JavaThread "Cache worker for journal cache (C:\Users\s987216\.gradle\caches\journal-1)" [_thread_blocked, id=4012, stack(0x000000001f510000,0x000000001f610000)]
  0x000000001cfb7800 JavaThread "File lock request listener" [_thread_in_native, id=2356, stack(0x000000001f410000,0x000000001f510000)]
  0x000000001cfbe800 JavaThread "Cache worker for file hash cache (C:\Users\s987216\.gradle\caches\5.4.1\fileHashes)" [_thread_blocked, id=13516, stack(0x000000001f310000,0x000000001f410000)]
  0x000000001ce9e000 JavaThread "Thread-9" [_thread_blocked, id=16960, stack(0x000000001e240000,0x000000001e340000)]
  0x000000001ce9d000 JavaThread "Stdin handler" [_thread_blocked, id=14908, stack(0x000000001e140000,0x000000001e240000)]
  0x000000001ce9c000 JavaThread "Asynchronous log dispatcher for DefaultDaemonConnection: socket connection from /127.0.0.1:53187 to /127.0.0.1:53188" [_thread_blocked, id=22608, stack(0x000000001df40000,0x000000001e040000)]
  0x000000001ce71800 JavaThread "Daemon worker" [_thread_blocked, id=868, stack(0x000000001de40000,0x000000001df40000)]
  0x000000001ce71000 JavaThread "Cancel handler" [_thread_blocked, id=23244, stack(0x000000001dd40000,0x000000001de40000)]
  0x000000001ce65800 JavaThread "Handler for socket connection from /127.0.0.1:53187 to /127.0.0.1:53188" [_thread_in_native, id=4072, stack(0x000000001da40000,0x000000001db40000)]
  0x000000001ce5d000 JavaThread "Daemon" [_thread_blocked, id=17036, stack(0x000000001d940000,0x000000001da40000)]
  0x000000001ce01000 JavaThread "Daemon periodic checks" [_thread_blocked, id=9620, stack(0x000000001d840000,0x000000001d940000)]
  0x000000001ce00000 JavaThread "Incoming local TCP Connector on port 53187" [_thread_in_native, id=3884, stack(0x000000001d350000,0x000000001d450000)]
  0x000000001cdd7000 JavaThread "Daemon health stats" [_thread_blocked, id=19588, stack(0x000000001d050000,0x000000001d150000)]
  0x000000001a9e8800 JavaThread "Service Thread" daemon [_thread_blocked, id=17388, stack(0x000000001b680000,0x000000001b780000)]
  0x000000001a9c5000 JavaThread "C1 CompilerThread3" daemon [_thread_in_native, id=12524, stack(0x000000001b580000,0x000000001b680000)]
  0x000000001a9c1000 JavaThread "C2 CompilerThread2" daemon [_thread_in_vm, id=13040, stack(0x000000001b480000,0x000000001b580000)]
=>0x000000001a9bc000 JavaThread "C2 CompilerThread1" daemon [_thread_in_native, id=1152, stack(0x000000001b380000,0x000000001b480000)]
  0x000000001a9b9000 JavaThread "C2 CompilerThread0" daemon [_thread_in_native, id=6208, stack(0x000000001b280000,0x000000001b380000)]
  0x000000001a9b8000 JavaThread "Attach Listener" daemon [_thread_blocked, id=14188, stack(0x000000001b180000,0x000000001b280000)]
  0x000000001a9b7000 JavaThread "Signal Dispatcher" daemon [_thread_blocked, id=21556, stack(0x000000001b080000,0x000000001b180000)]
  0x0000000018ba2000 JavaThread "Finalizer" daemon [_thread_blocked, id=7840, stack(0x000000001ae90000,0x000000001af90000)]
  0x0000000018b9b800 JavaThread "Reference Handler" daemon [_thread_blocked, id=20812, stack(0x000000001ad90000,0x000000001ae90000)]
  0x0000000004dde800 JavaThread "main" [_thread_blocked, id=14400, stack(0x0000000004770000,0x0000000004870000)]

Other Threads:
  0x0000000018b96000 VMThread [stack: 0x000000001a890000,0x000000001a990000] [id=5260]
  0x000000001a9e9800 WatcherThread [stack: 0x000000001b780000,0x000000001b880000] [id=20328]

VM state:not at safepoint (normal execution)

VM Mutex/Monitor currently owned by a thread: None

heap address: 0x00000000a0000000, size: 1536 MB, Compressed Oops mode: 32-bit
Narrow klass base: 0x0000000000000000, Narrow klass shift: 3
Compressed class space size: 1073741824 Address: 0x0000000100000000

Heap:
 PSYoungGen      total 153088K, used 40945K [0x00000000e0000000, 0x00000000ebc00000, 0x0000000100000000)
  eden space 134656K, 16% used [0x00000000e0000000,0x00000000e16023e0,0x00000000e8380000)
  from space 18432K, 99% used [0x00000000e8380000,0x00000000e957a2b0,0x00000000e9580000)
  to   space 21504K, 0% used [0x00000000ea700000,0x00000000ea700000,0x00000000ebc00000)
 ParOldGen       total 190464K, used 34584K [0x00000000a0000000, 0x00000000aba00000, 0x00000000e0000000)
  object space 190464K, 18% used [0x00000000a0000000,0x00000000a21c60f0,0x00000000aba00000)
 Metaspace       used 69173K, capacity 72412K, committed 72536K, reserved 1112064K
  class space    used 9473K, capacity 10099K, committed 10112K, reserved 1048576K

Card table byte_map: [0x00000000141a0000,0x00000000144b0000] byte_map_base: 0x0000000013ca0000

Marking Bits: (ParMarkBitMap*) 0x00000000728f9f30
 Begin Bits: [0x0000000014eb0000, 0x00000000166b0000)
 End Bits:   [0x00000000166b0000, 0x0000000017eb0000)

Polling page: 0x0000000002ee0000

CodeCache: size=245760Kb used=24327Kb max_used=24327Kb free=221432Kb
 bounds [0x0000000004de0000, 0x00000000065c0000, 0x0000000013de0000]
 total_blobs=8757 nmethods=7936 adapters=734
 compilation: enabled

Compilation events (10 events):
Event: 16.118 Thread 0x000000001a9c5000 nmethod 8987 0x00000000065a2d90 code [0x00000000065a2f00, 0x00000000065a3130]
Event: 16.118 Thread 0x000000001a9c5000 8996       3       com.android.tools.r8.graph.DexDebugEventBuilder::a (1005 bytes)
Event: 16.118 Thread 0x000000001a9c1000 nmethod 8993 0x0000000005ec5610 code [0x0000000005ec5740, 0x0000000005ec57b8]
Event: 16.118 Thread 0x000000001a9c1000 8994       4       com.android.tools.r8.t.a.a.G.f::next (37 bytes)
Event: 16.119 Thread 0x000000001a9c1000 nmethod 8994 0x0000000004fba850 code [0x0000000004fba980, 0x0000000004fbaa18]
Event: 16.119 Thread 0x000000001a9c1000 8998       4       com.android.tools.r8.ir.conversion.N::c (288 bytes)
Event: 16.124 Thread 0x000000001a9c5000 nmethod 8996 0x00000000065a49d0 code [0x00000000065a4fc0, 0x00000000065a8d68]
Event: 16.124 Thread 0x000000001a9c5000 8891       3       com.android.tools.r8.ir.code.k::<init> (6 bytes)
Event: 16.125 Thread 0x000000001a9c5000 nmethod 8891 0x00000000065a2a10 code [0x00000000065a2b80, 0x00000000065a2d08]
Event: 16.125 Thread 0x000000001a9c5000 8888       3       com.android.tools.r8.ir.code.ConstNumber::<init> (45 bytes)

GC Heap History (10 events):
Event: 7.976 GC heap before
{Heap before GC invocations=10 (full 2):
 PSYoungGen      total 107520K, used 107519K [0x00000000e0000000, 0x00000000e9180000, 0x0000000100000000)
  eden space 95232K, 100% used [0x00000000e0000000,0x00000000e5d00000,0x00000000e5d00000)
  from space 12288K, 99% used [0x00000000e5d00000,0x00000000e68fffa8,0x00000000e6900000)
  to   space 13824K, 0% used [0x00000000e8400000,0x00000000e8400000,0x00000000e9180000)
 ParOldGen       total 190464K, used 17169K [0x00000000a0000000, 0x00000000aba00000, 0x00000000e0000000)
  object space 190464K, 9% used [0x00000000a0000000,0x00000000a10c4550,0x00000000aba00000)
 Metaspace       used 52105K, capacity 53396K, committed 53464K, reserved 1095680K
  class space    used 7051K, capacity 7385K, committed 7424K, reserved 1048576K
Event: 7.990 GC heap after
Heap after GC invocations=10 (full 2):
 PSYoungGen      total 132608K, used 13801K [0x00000000e0000000, 0x00000000e9800000, 0x0000000100000000)
  eden space 118784K, 0% used [0x00000000e0000000,0x00000000e0000000,0x00000000e7400000)
  from space 13824K, 99% used [0x00000000e8400000,0x00000000e917a6e8,0x00000000e9180000)
  to   space 16384K, 0% used [0x00000000e7400000,0x00000000e7400000,0x00000000e8400000)
 ParOldGen       total 190464K, used 20211K [0x00000000a0000000, 0x00000000aba00000, 0x00000000e0000000)
  object space 190464K, 10% used [0x00000000a0000000,0x00000000a13bcf08,0x00000000aba00000)
 Metaspace       used 52105K, capacity 53396K, committed 53464K, reserved 1095680K
  class space    used 7051K, capacity 7385K, committed 7424K, reserved 1048576K
}
Event: 8.902 GC heap before
{Heap before GC invocations=11 (full 2):
 PSYoungGen      total 132608K, used 81974K [0x00000000e0000000, 0x00000000e9800000, 0x0000000100000000)
  eden space 118784K, 57% used [0x00000000e0000000,0x00000000e4293438,0x00000000e7400000)
  from space 13824K, 99% used [0x00000000e8400000,0x00000000e917a6e8,0x00000000e9180000)
  to   space 16384K, 0% used [0x00000000e7400000,0x00000000e7400000,0x00000000e8400000)
 ParOldGen       total 190464K, used 20211K [0x00000000a0000000, 0x00000000aba00000, 0x00000000e0000000)
  object space 190464K, 10% used [0x00000000a0000000,0x00000000a13bcf08,0x00000000aba00000)
 Metaspace       used 57490K, capacity 58978K, committed 59028K, reserved 1099776K
  class space    used 7799K, capacity 8166K, committed 8192K, reserved 1048576K
Event: 8.920 GC heap after
Heap after GC invocations=11 (full 2):
 PSYoungGen      total 135168K, used 16363K [0x00000000e0000000, 0x00000000eb080000, 0x0000000100000000)
  eden space 118784K, 0% used [0x00000000e0000000,0x00000000e0000000,0x00000000e7400000)
  from space 16384K, 99% used [0x00000000e7400000,0x00000000e83fad60,0x00000000e8400000)
  to   space 18944K, 0% used [0x00000000e9e00000,0x00000000e9e00000,0x00000000eb080000)
 ParOldGen       total 190464K, used 21554K [0x00000000a0000000, 0x00000000aba00000, 0x00000000e0000000)
  object space 190464K, 11% used [0x00000000a0000000,0x00000000a150cb88,0x00000000aba00000)
 Metaspace       used 57490K, capacity 58978K, committed 59028K, reserved 1099776K
  class space    used 7799K, capacity 8166K, committed 8192K, reserved 1048576K
}
Event: 8.920 GC heap before
{Heap before GC invocations=12 (full 3):
 PSYoungGen      total 135168K, used 16363K [0x00000000e0000000, 0x00000000eb080000, 0x0000000100000000)
  eden space 118784K, 0% used [0x00000000e0000000,0x00000000e0000000,0x00000000e7400000)
  from space 16384K, 99% used [0x00000000e7400000,0x00000000e83fad60,0x00000000e8400000)
  to   space 18944K, 0% used [0x00000000e9e00000,0x00000000e9e00000,0x00000000eb080000)
 ParOldGen       total 190464K, used 21554K [0x00000000a0000000, 0x00000000aba00000, 0x00000000e0000000)
  object space 190464K, 11% used [0x00000000a0000000,0x00000000a150cb88,0x00000000aba00000)
 Metaspace       used 57490K, capacity 58978K, committed 59028K, reserved 1099776K
  class space    used 7799K, capacity 8166K, committed 8192K, reserved 1048576K
Event: 9.140 GC heap after
Heap after GC invocations=12 (full 3):
 PSYoungGen      total 135168K, used 0K [0x00000000e0000000, 0x00000000eb080000, 0x0000000100000000)
  eden space 118784K, 0% used [0x00000000e0000000,0x00000000e0000000,0x00000000e7400000)
  from space 16384K, 0% used [0x00000000e7400000,0x00000000e7400000,0x00000000e8400000)
  to   space 18944K, 0% used [0x00000000e9e00000,0x00000000e9e00000,0x00000000eb080000)
 ParOldGen       total 190464K, used 31593K [0x00000000a0000000, 0x00000000aba00000, 0x00000000e0000000)
  object space 190464K, 16% used [0x00000000a0000000,0x00000000a1eda5b0,0x00000000aba00000)
 Metaspace       used 57490K, capacity 58978K, committed 59028K, reserved 1099776K
  class space    used 7799K, capacity 8166K, committed 8192K, reserved 1048576K
}
Event: 11.062 GC heap before
{Heap before GC invocations=13 (full 3):
 PSYoungGen      total 135168K, used 118784K [0x00000000e0000000, 0x00000000eb080000, 0x0000000100000000)
  eden space 118784K, 100% used [0x00000000e0000000,0x00000000e7400000,0x00000000e7400000)
  from space 16384K, 0% used [0x00000000e7400000,0x00000000e7400000,0x00000000e8400000)
  to   space 18944K, 0% used [0x00000000e9e00000,0x00000000e9e00000,0x00000000eb080000)
 ParOldGen       total 190464K, used 31593K [0x00000000a0000000, 0x00000000aba00000, 0x00000000e0000000)
  object space 190464K, 16% used [0x00000000a0000000,0x00000000a1eda5b0,0x00000000aba00000)
 Metaspace       used 60813K, capacity 62930K, committed 63320K, reserved 1103872K
  class space    used 8244K, capacity 8718K, committed 8832K, reserved 1048576K
Event: 11.069 GC heap after
Heap after GC invocations=13 (full 3):
 PSYoungGen      total 143872K, used 9382K [0x00000000e0000000, 0x00000000ea780000, 0x0000000100000000)
  eden space 134144K, 0% used [0x00000000e0000000,0x00000000e0000000,0x00000000e8300000)
  from space 9728K, 96% used [0x00000000e9e00000,0x00000000ea729ba0,0x00000000ea780000)
  to   space 18432K, 0% used [0x00000000e8380000,0x00000000e8380000,0x00000000e9580000)
 ParOldGen       total 190464K, used 31601K [0x00000000a0000000, 0x00000000aba00000, 0x00000000e0000000)
  object space 190464K, 16% used [0x00000000a0000000,0x00000000a1edc5b0,0x00000000aba00000)
 Metaspace       used 60813K, capacity 62930K, committed 63320K, reserved 1103872K
  class space    used 8244K, capacity 8718K, committed 8832K, reserved 1048576K
}
Event: 15.882 GC heap before
{Heap before GC invocations=14 (full 3):
 PSYoungGen      total 143872K, used 143526K [0x00000000e0000000, 0x00000000ea780000, 0x0000000100000000)
  eden space 134144K, 100% used [0x00000000e0000000,0x00000000e8300000,0x00000000e8300000)
  from space 9728K, 96% used [0x00000000e9e00000,0x00000000ea729ba0,0x00000000ea780000)
  to   space 18432K, 0% used [0x00000000e8380000,0x00000000e8380000,0x00000000e9580000)
 ParOldGen       total 190464K, used 31601K [0x00000000a0000000, 0x00000000aba00000, 0x00000000e0000000)
  object space 190464K, 16% used [0x00000000a0000000,0x00000000a1edc5b0,0x00000000aba00000)
 Metaspace       used 67601K, capacity 70364K, committed 70488K, reserved 1110016K
  class space    used 9233K, capacity 9805K, committed 9856K, reserved 1048576K
Event: 15.903 GC heap after
Heap after GC invocations=14 (full 3):
 PSYoungGen      total 153088K, used 18408K [0x00000000e0000000, 0x00000000ebc00000, 0x0000000100000000)
  eden space 134656K, 0% used [0x00000000e0000000,0x00000000e0000000,0x00000000e8380000)
  from space 18432K, 99% used [0x00000000e8380000,0x00000000e957a2b0,0x00000000e9580000)
  to   space 21504K, 0% used [0x00000000ea700000,0x00000000ea700000,0x00000000ebc00000)
 ParOldGen       total 190464K, used 34584K [0x00000000a0000000, 0x00000000aba00000, 0x00000000e0000000)
  object space 190464K, 18% used [0x00000000a0000000,0x00000000a21c60f0,0x00000000aba00000)
 Metaspace       used 67601K, capacity 70364K, committed 70488K, reserved 1110016K
  class space    used 9233K, capacity 9805K, committed 9856K, reserved 1048576K
}

Deoptimization events (10 events):
Event: 15.912 Thread 0x0000000022552800 Uncommon trap: reason=bimorphic action=maybe_recompile pc=0x0000000006492f1c method=com.android.tools.r8.m.a.a.a.A.b(Ljava/lang/Object;)I @ 8
Event: 15.912 Thread 0x0000000022552800 Uncommon trap: reason=bimorphic action=maybe_recompile pc=0x0000000006492f1c method=com.android.tools.r8.m.a.a.a.A.b(Ljava/lang/Object;)I @ 8
Event: 15.912 Thread 0x0000000022552800 Uncommon trap: reason=bimorphic action=maybe_recompile pc=0x0000000006492f1c method=com.android.tools.r8.m.a.a.a.A.b(Ljava/lang/Object;)I @ 8
Event: 15.912 Thread 0x0000000022552800 Uncommon trap: reason=bimorphic action=maybe_recompile pc=0x0000000006492f1c method=com.android.tools.r8.m.a.a.a.A.b(Ljava/lang/Object;)I @ 8
Event: 15.912 Thread 0x0000000022552800 Uncommon trap: reason=unstable_if action=reinterpret pc=0x0000000004ee03f0 method=com.android.tools.r8.n.a.a.a.g.n0.e()Lcom/android/tools/r8/n/a/a/a/g/n0; @ 7
Event: 15.912 Thread 0x0000000022552800 Uncommon trap: reason=unstable_if action=reinterpret pc=0x00000000064f3328 method=com.android.tools.r8.n.a.a.a.g.n0.e()Lcom/android/tools/r8/n/a/a/a/g/n0; @ 7
Event: 15.958 Thread 0x0000000022552800 Uncommon trap: reason=unstable_if action=reinterpret pc=0x0000000005799bb8 method=com.android.tools.r8.ir.code.B.hasNext()Z @ 21
Event: 15.971 Thread 0x0000000022552800 Uncommon trap: reason=unstable_if action=reinterpret pc=0x00000000058ecda8 method=com.android.tools.r8.ir.code.B.next()Ljava/lang/Object; @ 9
Event: 15.980 Thread 0x000000002255d000 Uncommon trap: reason=array_check action=maybe_recompile pc=0x00000000055ebf18 method=java.util.TimSort.binarySort([Ljava/lang/Object;IIILjava/util/Comparator;)V @ 183
Event: 15.980 Thread 0x000000002255d000 Uncommon trap: reason=array_check action=maybe_recompile pc=0x00000000055ebf18 method=java.util.TimSort.binarySort([Ljava/lang/Object;IIILjava/util/Comparator;)V @ 183

Classes redefined (0 events):
No events

Internal exceptions (10 events):
Event: 15.790 Thread 0x0000000022552800 Exception <a 'java/lang/NoSuchMethodError': java.lang.Object.lambda$maxBy$1(Ljava/util/Comparator;Ljava/lang/Object;Ljava/lang/Object;)Ljava/lang/Object;> (0x00000000e7c4b358) thrown at [D:\src\AOSP-openjdk-cygwin\jdk8u\hotspot\src\share\vm\interpreter\li
Event: 16.061 Thread 0x000000002255d000 Exception <a 'sun/nio/fs/WindowsException'> (0x00000000e0f596b0) thrown at [D:\src\AOSP-openjdk-cygwin\jdk8u\hotspot\src\share\vm\prims\jni.cpp, line 710]
Event: 16.061 Thread 0x0000000022559800 Exception <a 'sun/nio/fs/WindowsException'> (0x00000000e0f2c1d0) thrown at [D:\src\AOSP-openjdk-cygwin\jdk8u\hotspot\src\share\vm\prims\jni.cpp, line 710]
Event: 16.061 Thread 0x0000000022559800 Exception <a 'sun/nio/fs/WindowsException'> (0x00000000e0f2cc00) thrown at [D:\src\AOSP-openjdk-cygwin\jdk8u\hotspot\src\share\vm\prims\jni.cpp, line 710]
Event: 16.061 Thread 0x000000002255d000 Exception <a 'sun/nio/fs/WindowsException'> (0x00000000e0f5a0e0) thrown at [D:\src\AOSP-openjdk-cygwin\jdk8u\hotspot\src\share\vm\prims\jni.cpp, line 710]
Event: 16.061 Thread 0x0000000022559800 Exception <a 'sun/nio/fs/WindowsException'> (0x00000000e0f2d530) thrown at [D:\src\AOSP-openjdk-cygwin\jdk8u\hotspot\src\share\vm\prims\jni.cpp, line 710]
Event: 16.061 Thread 0x000000002255d000 Exception <a 'sun/nio/fs/WindowsException'> (0x00000000e0f5aa10) thrown at [D:\src\AOSP-openjdk-cygwin\jdk8u\hotspot\src\share\vm\prims\jni.cpp, line 710]
Event: 16.062 Thread 0x000000002255d000 Exception <a 'sun/nio/fs/WindowsException'> (0x00000000e0f5b818) thrown at [D:\src\AOSP-openjdk-cygwin\jdk8u\hotspot\src\share\vm\prims\jni.cpp, line 710]
Event: 16.062 Thread 0x0000000022559800 Exception <a 'sun/nio/fs/WindowsException'> (0x00000000e0f2e338) thrown at [D:\src\AOSP-openjdk-cygwin\jdk8u\hotspot\src\share\vm\prims\jni.cpp, line 710]
Event: 16.074 Thread 0x000000002255d000 Exception <a 'sun/nio/fs/WindowsException'> (0x00000000e0f5d368) thrown at [D:\src\AOSP-openjdk-cygwin\jdk8u\hotspot\src\share\vm\prims\jni.cpp, line 710]

Events (10 events):
Event: 16.115 loading class com/android/tools/r8/ir/code/IRCode
Event: 16.115 loading class com/android/tools/r8/ir/code/IRCode done
Event: 16.121 loading class com/android/tools/r8/cf/code/CfConstString
Event: 16.121 loading class com/android/tools/r8/cf/code/CfConstString done
Event: 16.121 loading class com/android/tools/r8/code/ConstString
Event: 16.121 loading class com/android/tools/r8/code/ConstString done
Event: 16.124 loading class com/android/tools/r8/cf/code/CfConstClass
Event: 16.124 loading class com/android/tools/r8/cf/code/CfConstClass done
Event: 16.124 loading class com/android/tools/r8/code/ConstClass
Event: 16.124 loading class com/android/tools/r8/code/ConstClass done


Dynamic libraries:
0x00007ff6bbff0000 - 0x00007ff6bc021000 	C:\Program Files\Android\Android Studio\jre\bin\java.exe
0x00007fff8c4a0000 - 0x00007fff8c680000 	C:\WINDOWS\SYSTEM32\ntdll.dll
0x00007fff89f40000 - 0x00007fff89fee000 	C:\WINDOWS\System32\KERNEL32.DLL
0x00007fff88de0000 - 0x00007fff89046000 	C:\WINDOWS\System32\KERNELBASE.dll
0x00007fff8bc60000 - 0x00007fff8bd01000 	C:\WINDOWS\System32\ADVAPI32.dll
0x00007fff8c2e0000 - 0x00007fff8c37d000 	C:\WINDOWS\System32\msvcrt.dll
0x00007fff8b8e0000 - 0x00007fff8b93b000 	C:\WINDOWS\System32\sechost.dll
0x00007fff8bb40000 - 0x00007fff8bc5f000 	C:\WINDOWS\System32\RPCRT4.dll
0x00007fff89db0000 - 0x00007fff89f3f000 	C:\WINDOWS\System32\USER32.dll
0x00007fff89100000 - 0x00007fff89120000 	C:\WINDOWS\System32\win32u.dll
0x00007fff8b8b0000 - 0x00007fff8b8d8000 	C:\WINDOWS\System32\GDI32.dll
0x00007fff88920000 - 0x00007fff88ab3000 	C:\WINDOWS\System32\gdi32full.dll
0x00007fff89120000 - 0x00007fff891bb000 	C:\WINDOWS\System32\msvcp_win.dll
0x00007fff88ce0000 - 0x00007fff88dd4000 	C:\WINDOWS\System32\ucrtbase.dll
0x00007fff746e0000 - 0x00007fff74949000 	C:\WINDOWS\WinSxS\amd64_microsoft.windows.common-controls_6595b64144ccf1df_6.0.16299.1364_none_0f8eb80e5a670b19\COMCTL32.dll
0x00007fff89ff0000 - 0x00007fff8a2f6000 	C:\WINDOWS\System32\combase.dll
0x00007fff888a0000 - 0x00007fff88918000 	C:\WINDOWS\System32\bcryptPrimitives.dll
0x00007fff89c10000 - 0x00007fff89c3d000 	C:\WINDOWS\System32\IMM32.DLL
0x00007fff66810000 - 0x00007fff668bf000 	C:\Program Files\McAfee\Endpoint Security\Threat Prevention\Ips\EpMPApi.dll
0x00007fff89910000 - 0x00007fff89969000 	C:\WINDOWS\System32\WINTRUST.dll
0x00007fff88810000 - 0x00007fff88822000 	C:\WINDOWS\System32\MSASN1.dll
0x00007fff88ac0000 - 0x00007fff88c8e000 	C:\WINDOWS\System32\CRYPT32.dll
0x00000000745c0000 - 0x00000000745cc000 	C:\Program Files\McAfee\Endpoint Security\Threat Prevention\Ips\EpMPThe.dll
0x00007fff7a570000 - 0x00007fff7a58b000 	C:\Program Files\McAfee\Endpoint Security\Threat Prevention\Ips\HIPHandlers64.dll
0x00007fff8bae0000 - 0x00007fff8bb31000 	C:\WINDOWS\System32\SHLWAPI.dll
0x00000000737d0000 - 0x00000000738a2000 	C:\Program Files\Android\Android Studio\jre\jre\bin\msvcr100.dll
0x0000000072130000 - 0x0000000072976000 	C:\Program Files\Android\Android Studio\jre\jre\bin\server\jvm.dll
0x00007fff8c400000 - 0x00007fff8c408000 	C:\WINDOWS\System32\PSAPI.DLL
0x00007fff79ae0000 - 0x00007fff79aea000 	C:\WINDOWS\SYSTEM32\VERSION.dll
0x00007fff83c80000 - 0x00007fff83ca3000 	C:\WINDOWS\SYSTEM32\WINMM.dll
0x00007fff7a3c0000 - 0x00007fff7a3c9000 	C:\WINDOWS\SYSTEM32\WSOCK32.dll
0x00007fff8bd70000 - 0x00007fff8bddc000 	C:\WINDOWS\System32\WS2_32.dll
0x00007fff83c50000 - 0x00007fff83c7a000 	C:\WINDOWS\SYSTEM32\winmmbase.dll
0x00007fff88c90000 - 0x00007fff88cda000 	C:\WINDOWS\System32\cfgmgr32.dll
0x00007fff84ae0000 - 0x00007fff84aef000 	C:\Program Files\Android\Android Studio\jre\jre\bin\verify.dll
0x00007fff79b80000 - 0x00007fff79ba9000 	C:\Program Files\Android\Android Studio\jre\jre\bin\java.dll
0x00007fff79b60000 - 0x00007fff79b76000 	C:\Program Files\Android\Android Studio\jre\jre\bin\zip.dll
0x00007fff8a300000 - 0x00007fff8b73c000 	C:\WINDOWS\System32\SHELL32.dll
0x00007fff8c230000 - 0x00007fff8c2d6000 	C:\WINDOWS\System32\shcore.dll
0x00007fff891c0000 - 0x00007fff89907000 	C:\WINDOWS\System32\windows.storage.dll
0x00007fff887f0000 - 0x00007fff88801000 	C:\WINDOWS\System32\kernel.appcore.dll
0x00007fff88850000 - 0x00007fff8889c000 	C:\WINDOWS\System32\powrprof.dll
0x00007fff88830000 - 0x00007fff8884b000 	C:\WINDOWS\System32\profapi.dll
0x00007fff79b40000 - 0x00007fff79b5a000 	C:\Program Files\Android\Android Studio\jre\jre\bin\net.dll
0x00007fff88080000 - 0x00007fff880e6000 	C:\WINDOWS\system32\mswsock.dll
0x00007fff73ee0000 - 0x00007fff73ef1000 	C:\Program Files\Android\Android Studio\jre\jre\bin\nio.dll
0x00007fff660a0000 - 0x00007fff660c6000 	C:\Users\s987216\.gradle\native\29\windows-amd64\native-platform.dll
0x00007fff84a80000 - 0x00007fff84a8d000 	C:\Program Files\Android\Android Studio\jre\jre\bin\management.dll
0x00007fff88240000 - 0x00007fff88257000 	C:\WINDOWS\SYSTEM32\CRYPTSP.dll
0x00007fff87c40000 - 0x00007fff87c73000 	C:\WINDOWS\system32\rsaenh.dll
0x00007fff88350000 - 0x00007fff88375000 	C:\WINDOWS\SYSTEM32\bcrypt.dll
0x00007fff886f0000 - 0x00007fff88719000 	C:\WINDOWS\SYSTEM32\USERENV.dll
0x00007fff88260000 - 0x00007fff8826b000 	C:\WINDOWS\SYSTEM32\CRYPTBASE.dll
0x00007fff87dd0000 - 0x00007fff87e09000 	C:\WINDOWS\SYSTEM32\IPHLPAPI.DLL
0x00007fff89970000 - 0x00007fff89978000 	C:\WINDOWS\System32\NSI.dll
0x00007fff83c30000 - 0x00007fff83c46000 	C:\WINDOWS\SYSTEM32\dhcpcsvc6.DLL
0x00007fff83ba0000 - 0x00007fff83bba000 	C:\WINDOWS\SYSTEM32\dhcpcsvc.DLL

VM Arguments:
jvm_args: -Xmx1536m -Dfile.encoding=windows-1252 -Duser.country=ZA -Duser.language=en -Duser.variant 
java_command: org.gradle.launcher.daemon.bootstrap.GradleDaemon 5.4.1
java_class_path (initial): C:\Users\s987216\.gradle\wrapper\dists\gradle-5.4.1-all\3221gyojl5jsh0helicew7rwx\gradle-5.4.1\lib\gradle-launcher-5.4.1.jar
Launcher Type: SUN_STANDARD

Environment Variables:
JAVA_HOME=C:\Program Files\Java\jdk1.8.0_131
PATH=C:\Program Files (x86)\Common Files\Oracle\Java\javapath;C:\WINDOWS\system32;C:\WINDOWS;C:\WINDOWS\System32\Wbem;C:\WINDOWS\System32\WindowsPowerShell\v1.0\;C:\Program Files\dotnet\;C:\Program Files\Microsoft SQL Server\130\Tools\Binn\;C:\Program Files\Microsoft SQL Server\Client SDK\ODBC\170\Tools\Binn\;C:\Program Files\MySQL\MySQL Utilities 1.6\;C:\Users\s987216\AppData\Local\Android\Sdk\platform-tools;C:\Users\s987216\AppData\Local\Android\Sdk\tools;C:\Users\s987216\AppData\Local\Android\Sdk\tools\bin;C:\Program Files\apache-maven-3.6.1\bin;C:\Program Files\nodejs\;C:\Users\s987216\AppData\Local\Microsoft\WindowsApps;C:\Users\s987216\AppData\Roaming\npm;C:\Program Files\JetBrains\IntelliJ IDEA Community Edition 2019.2\bin;
USERNAME=S987216
OS=Windows_NT
PROCESSOR_IDENTIFIER=Intel64 Family 6 Model 142 Stepping 10, GenuineIntel



---------------  S Y S T E M  ---------------

OS: Windows 10.0 , 64 bit Build 16299 (10.0.16299.1146)

CPU:total 8 (initial active 8) (4 cores per cpu, 2 threads per core) family 6 model 142 stepping 10, cmov, cx8, fxsr, mmx, sse, sse2, sse3, ssse3, sse4.1, sse4.2, popcnt, avx, avx2, aes, clmul, erms, 3dnowpref, lzcnt, ht, tsc, tscinvbit, bmi1, bmi2, adx

Memory: 4k page, physical 16669144k(3340720k free), swap 20253144k(2588k free)

vm_info: OpenJDK 64-Bit Server VM (25.202-b03) for windows-amd64 JRE (1.8.0_202-release-1483-b03), built by "builder" with MS VC++ 10.0 (VS2010)

time: Fri Sep 27 10:05:50 2019
timezone: South Africa Standard Time
elapsed time: 16 seconds (0d 0h 0m 16s)

