#
# There is insufficient memory for the Java Runtime Environment to continue.
# Native memory allocation (malloc) failed to allocate 32744 bytes for ChunkPool::allocate
# Possible reasons:
#   The system is out of physical RAM or swap space
#   The process is running with CompressedOops enabled, and the Java Heap may be blocking the growth of the native heap
# Possible solutions:
#   Reduce memory load on the system
#   Increase physical memory or swap space
#   Check if swap backing store is full
#   Decrease Java heap size (-Xmx/-Xms)
#   Decrease number of Java threads
#   Decrease Java thread stack sizes (-Xss)
#   Set larger code cache with -XX:ReservedCodeCacheSize=
#   JVM is running with Unscaled Compressed Oops mode in which the Java heap is
#     placed in the first 4GB address space. The Java Heap base address is the
#     maximum limit for the native heap growth. Please use -XX:HeapBaseMinAddress
#     to set the Java Heap base and to place the Java Heap above 4GB virtual address.
# This output file may be truncated or incomplete.
#
#  Out of Memory Error (allocation.cpp:272), pid=14180, tid=0x0000000000003bdc
#
# JRE version: OpenJDK Runtime Environment (8.0_202-b03) (build 1.8.0_202-release-1483-b03)
# Java VM: OpenJDK 64-Bit Server VM (25.202-b03 mixed mode windows-amd64 compressed oops)
# Failed to write core dump. Minidumps are not enabled by default on client versions of Windows
#

---------------  T H R E A D  ---------------

Current thread (0x000000001acd9000):  JavaThread "C2 CompilerThread2" daemon [_thread_in_native, id=15324, stack(0x000000001b790000,0x000000001b890000)]

Stack: [0x000000001b790000,0x000000001b890000]
[error occurred during error reporting (printing stack bounds), id 0xc0000005]

Native frames: (J=compiled Java code, j=interpreted, Vv=VM code, C=native code)


Current CompileTask:
C2:  10859 5573 %     4       org.gradle.internal.instantiation.AbstractClassGenerator::inspectType @ 107 (559 bytes)


---------------  P R O C E S S  ---------------

Java Threads: ( => current thread )
  0x000000002159e800 JavaThread "Cache worker for file content cache (C:\Users\s987216\AndroidStudioProjects\Gruv\.gradle\5.4.1\fileContent)" [_thread_blocked, id=4792, stack(0x0000000026da0000,0x0000000026ea0000)]
  0x0000000021599800 JavaThread "Cache worker for file content cache (C:\Users\s987216\.gradle\caches\5.4.1\fileContent)" [_thread_blocked, id=16892, stack(0x0000000026ca0000,0x0000000026da0000)]
  0x000000001e8d7000 JavaThread "Memory manager" [_thread_blocked, id=17460, stack(0x0000000026ba0000,0x0000000026ca0000)]
  0x000000001e8d5800 JavaThread "Cache worker for Build Output Cleanup Cache (C:\Users\s987216\AndroidStudioProjects\Gruv\.gradle\buildOutputCleanup)" [_thread_blocked, id=20348, stack(0x00000000260a0000,0x00000000261a0000)]
  0x000000001e8d8800 JavaThread "pool-1-thread-1" [_thread_blocked, id=17960, stack(0x0000000025da0000,0x0000000025ea0000)]
  0x000000001e8d9800 JavaThread "Build operations Thread 8" [_thread_blocked, id=11684, stack(0x0000000025aa0000,0x0000000025ba0000)]
  0x000000001e8cc000 JavaThread "Build operations Thread 7" [_thread_blocked, id=6320, stack(0x00000000259a0000,0x0000000025aa0000)]
  0x000000001e8d0800 JavaThread "Build operations Thread 6" [_thread_blocked, id=10936, stack(0x00000000258a0000,0x00000000259a0000)]
  0x000000001e8cf800 JavaThread "Build operations Thread 5" [_thread_blocked, id=8980, stack(0x00000000257a0000,0x00000000258a0000)]
  0x000000001e8d2800 JavaThread "Build operations Thread 4" [_thread_blocked, id=17428, stack(0x00000000256a0000,0x00000000257a0000)]
  0x000000001e8cd800 JavaThread "Build operations Thread 3" [_thread_blocked, id=19240, stack(0x00000000255a0000,0x00000000256a0000)]
  0x000000001e8d2000 JavaThread "Build operations Thread 2" [_thread_blocked, id=8256, stack(0x00000000254a0000,0x00000000255a0000)]
  0x000000001e8cb000 JavaThread "Build operations" [_thread_blocked, id=17712, stack(0x00000000253a0000,0x00000000254a0000)]
  0x000000001e8ca000 JavaThread "Cache worker for execution history cache (C:\Users\s987216\.gradle\caches\5.4.1\executionHistory)" [_thread_blocked, id=19700, stack(0x0000000024a70000,0x0000000024b70000)]
  0x000000001e8cf000 JavaThread "Cache worker for cache directory md-rule (C:\Users\s987216\.gradle\caches\5.4.1\md-rule)" [_thread_blocked, id=2484, stack(0x0000000024970000,0x0000000024a70000)]
  0x000000001e8cc800 JavaThread "Cache worker for cache directory md-supplier (C:\Users\s987216\.gradle\caches\5.4.1\md-supplier)" [_thread_blocked, id=16048, stack(0x0000000024870000,0x0000000024970000)]
  0x000000001acdf800 JavaThread "Cache worker for file hash cache (C:\Users\s987216\AndroidStudioProjects\Gruv\.gradle\5.4.1\fileHashes)" [_thread_blocked, id=2852, stack(0x0000000021dc0000,0x0000000021ec0000)]
  0x000000001ace4000 JavaThread "Cache worker for journal cache (C:\Users\s987216\.gradle\caches\journal-1)" [_thread_blocked, id=4004, stack(0x000000001f920000,0x000000001fa20000)]
  0x000000001ace1000 JavaThread "File lock request listener" [_thread_in_native, id=14012, stack(0x000000001f820000,0x000000001f920000)]
  0x000000001ace0000 JavaThread "Cache worker for file hash cache (C:\Users\s987216\.gradle\caches\5.4.1\fileHashes)" [_thread_blocked, id=8960, stack(0x000000001f720000,0x000000001f820000)]
  0x000000001cea8000 JavaThread "Thread-9" [_thread_blocked, id=18020, stack(0x000000001e650000,0x000000001e750000)]
  0x000000001cfdc000 JavaThread "Stdin handler" [_thread_blocked, id=6484, stack(0x000000001e550000,0x000000001e650000)]
  0x000000001cfd9000 JavaThread "Asynchronous log dispatcher for DefaultDaemonConnection: socket connection from /127.0.0.1:58012 to /127.0.0.1:58013" [_thread_blocked, id=2952, stack(0x000000001e250000,0x000000001e350000)]
  0x000000001cea3800 JavaThread "Daemon worker" [_thread_in_vm, id=19816, stack(0x000000001e150000,0x000000001e250000)]
  0x000000001cfcd000 JavaThread "Cancel handler" [_thread_blocked, id=15156, stack(0x000000001e050000,0x000000001e150000)]
  0x000000001cf03800 JavaThread "Handler for socket connection from /127.0.0.1:58012 to /127.0.0.1:58013" [_thread_in_native, id=15264, stack(0x000000001dd50000,0x000000001de50000)]
  0x000000001cefc800 JavaThread "Daemon" [_thread_blocked, id=14100, stack(0x000000001dc50000,0x000000001dd50000)]
  0x000000001d118000 JavaThread "Daemon periodic checks" [_thread_blocked, id=15292, stack(0x000000001db50000,0x000000001dc50000)]
  0x000000001cbc5000 JavaThread "Incoming local TCP Connector on port 58012" [_thread_in_native, id=20072, stack(0x000000001d660000,0x000000001d760000)]
  0x000000001cc5a000 JavaThread "Daemon health stats" [_thread_blocked, id=14300, stack(0x000000001d360000,0x000000001d460000)]
  0x000000001ad68000 JavaThread "Service Thread" daemon [_thread_blocked, id=9068, stack(0x000000001b990000,0x000000001ba90000)]
  0x000000001ace3000 JavaThread "C1 CompilerThread3" daemon [_thread_in_native, id=18516, stack(0x000000001b890000,0x000000001b990000)]
=>0x000000001acd9000 JavaThread "C2 CompilerThread2" daemon [_thread_in_native, id=15324, stack(0x000000001b790000,0x000000001b890000)]
  0x0000000018eea000 JavaThread "C2 CompilerThread1" daemon [_thread_in_native, id=8136, stack(0x000000001b690000,0x000000001b790000)]
  0x000000001accf800 JavaThread "C2 CompilerThread0" daemon [_thread_in_native, id=17392, stack(0x000000001b590000,0x000000001b690000)]
  0x000000001acce800 JavaThread "Attach Listener" daemon [_thread_blocked, id=3368, stack(0x000000001b490000,0x000000001b590000)]
  0x000000001accd800 JavaThread "Signal Dispatcher" daemon [_thread_blocked, id=9976, stack(0x000000001b390000,0x000000001b490000)]
  0x000000001acc1000 JavaThread "Finalizer" daemon [_thread_blocked, id=17792, stack(0x000000001b1a0000,0x000000001b2a0000)]
  0x000000001acc0800 JavaThread "Reference Handler" daemon [_thread_blocked, id=6796, stack(0x000000001b0a0000,0x000000001b1a0000)]
  0x0000000004a7e800 JavaThread "main" [_thread_blocked, id=16196, stack(0x0000000004f20000,0x0000000005020000)]

Other Threads:
  0x0000000018ed6000 VMThread [stack: 0x000000001aba0000,0x000000001aca0000] [id=17684]
  0x000000001ad68800 WatcherThread [stack: 0x000000001ba90000,0x000000001bb90000] [id=16636]

VM state:not at safepoint (normal execution)

VM Mutex/Monitor currently owned by a thread: None

heap address: 0x00000000a0000000, size: 1536 MB, Compressed Oops mode: 32-bit
Narrow klass base: 0x0000000000000000, Narrow klass shift: 3
Compressed class space size: 1073741824 Address: 0x0000000100000000

Heap:
 PSYoungGen      total 110080K, used 3740K [0x00000000e0000000, 0x00000000e9a80000, 0x0000000100000000)
  eden space 97792K, 3% used [0x00000000e0000000,0x00000000e03a7388,0x00000000e5f80000)
  from space 12288K, 0% used [0x00000000e5f80000,0x00000000e5f80000,0x00000000e6b80000)
  to   space 19456K, 0% used [0x00000000e8780000,0x00000000e8780000,0x00000000e9a80000)
 ParOldGen       total 184320K, used 31560K [0x00000000a0000000, 0x00000000ab400000, 0x00000000e0000000)
  object space 184320K, 17% used [0x00000000a0000000,0x00000000a1ed2280,0x00000000ab400000)
 Metaspace       used 57569K, capacity 59234K, committed 59544K, reserved 1099776K
  class space    used 7815K, capacity 8258K, committed 8360K, reserved 1048576K

Card table byte_map: [0x00000000144e0000,0x00000000147f0000] byte_map_base: 0x0000000013fe0000

Marking Bits: (ParMarkBitMap*) 0x0000000062fb9f30
 Begin Bits: [0x00000000151f0000, 0x00000000169f0000)
 End Bits:   [0x00000000169f0000, 0x00000000181f0000)

Polling page: 0x0000000004a60000

CodeCache: size=245760Kb used=16998Kb max_used=17314Kb free=228761Kb
 bounds [0x0000000005120000, 0x0000000006220000, 0x0000000014120000]
 total_blobs=5947 nmethods=5163 adapters=697
 compilation: enabled

Compilation events (10 events):
Event: 10.848 Thread 0x000000001ace3000 nmethod 5575 0x000000000561d290 code [0x000000000561d520, 0x000000000561e658]
Event: 10.848 Thread 0x000000001ace3000 5576       3       org.objectweb.asm.Type::getDescriptor (18 bytes)
Event: 10.848 Thread 0x000000001ace3000 nmethod 5576 0x00000000053a6dd0 code [0x00000000053a6f60, 0x00000000053a7458]
Event: 10.849 Thread 0x000000001ace3000 5577       3       java.lang.reflect.Field::isSynthetic (8 bytes)
Event: 10.849 Thread 0x000000001ace3000 nmethod 5577 0x0000000005259310 code [0x0000000005259480, 0x0000000005259730]
Event: 10.849 Thread 0x000000001ace3000 5578       3       com.google.common.base.Suppliers::memoize (43 bytes)
Event: 10.850 Thread 0x000000001ace3000 nmethod 5578 0x0000000005481fd0 code [0x00000000054821a0, 0x00000000054829b8]
Event: 10.850 Thread 0x000000001ace3000 5580       3       java.util.concurrent.LinkedBlockingQueue::enqueue (14 bytes)
Event: 10.850 Thread 0x000000001ace3000 nmethod 5580 0x00000000054150d0 code [0x0000000005415220, 0x00000000054153b0]
Event: 10.850 Thread 0x000000001ace3000 5579       3       com.google.common.base.Suppliers$NonSerializableMemoizingSupplier::<init> (16 bytes)

GC Heap History (10 events):
Event: 6.419 GC heap before
{Heap before GC invocations=8 (full 2):
 PSYoungGen      total 110592K, used 9656K [0x00000000e0000000, 0x00000000e7980000, 0x0000000100000000)
  eden space 97792K, 0% used [0x00000000e0000000,0x00000000e0000000,0x00000000e5f80000)
  from space 12800K, 75% used [0x00000000e6b80000,0x00000000e74ee3c8,0x00000000e7800000)
  to   space 12288K, 0% used [0x00000000e5f80000,0x00000000e5f80000,0x00000000e6b80000)
 ParOldGen       total 113152K, used 11749K [0x00000000a0000000, 0x00000000a6e80000, 0x00000000e0000000)
  object space 113152K, 10% used [0x00000000a0000000,0x00000000a0b795f8,0x00000000a6e80000)
 Metaspace       used 34739K, capacity 35440K, committed 35496K, reserved 1079296K
  class space    used 4782K, capacity 5017K, committed 5032K, reserved 1048576K
Event: 6.491 GC heap after
Heap after GC invocations=8 (full 2):
 PSYoungGen      total 110592K, used 0K [0x00000000e0000000, 0x00000000e7980000, 0x0000000100000000)
  eden space 97792K, 0% used [0x00000000e0000000,0x00000000e0000000,0x00000000e5f80000)
  from space 12800K, 0% used [0x00000000e6b80000,0x00000000e6b80000,0x00000000e7800000)
  to   space 12288K, 0% used [0x00000000e5f80000,0x00000000e5f80000,0x00000000e6b80000)
 ParOldGen       total 184320K, used 16493K [0x00000000a0000000, 0x00000000ab400000, 0x00000000e0000000)
  object space 184320K, 8% used [0x00000000a0000000,0x00000000a101b750,0x00000000ab400000)
 Metaspace       used 34725K, capacity 35392K, committed 35496K, reserved 1079296K
  class space    used 4778K, capacity 5009K, committed 5032K, reserved 1048576K
}
Event: 7.773 GC heap before
{Heap before GC invocations=9 (full 2):
 PSYoungGen      total 110592K, used 97792K [0x00000000e0000000, 0x00000000e7980000, 0x0000000100000000)
  eden space 97792K, 100% used [0x00000000e0000000,0x00000000e5f80000,0x00000000e5f80000)
  from space 12800K, 0% used [0x00000000e6b80000,0x00000000e6b80000,0x00000000e7800000)
  to   space 12288K, 0% used [0x00000000e5f80000,0x00000000e5f80000,0x00000000e6b80000)
 ParOldGen       total 184320K, used 16493K [0x00000000a0000000, 0x00000000ab400000, 0x00000000e0000000)
  object space 184320K, 8% used [0x00000000a0000000,0x00000000a101b750,0x00000000ab400000)
 Metaspace       used 44888K, capacity 45796K, committed 46120K, reserved 1089536K
  class space    used 6032K, capacity 6322K, committed 6440K, reserved 1048576K
Event: 7.784 GC heap after
Heap after GC invocations=9 (full 2):
 PSYoungGen      total 110080K, used 12278K [0x00000000e0000000, 0x00000000e7980000, 0x0000000100000000)
  eden space 97792K, 0% used [0x00000000e0000000,0x00000000e0000000,0x00000000e5f80000)
  from space 12288K, 99% used [0x00000000e5f80000,0x00000000e6b7db70,0x00000000e6b80000)
  to   space 12800K, 0% used [0x00000000e6b80000,0x00000000e6b80000,0x00000000e7800000)
 ParOldGen       total 184320K, used 18940K [0x00000000a0000000, 0x00000000ab400000, 0x00000000e0000000)
  object space 184320K, 10% used [0x00000000a0000000,0x00000000a127f388,0x00000000ab400000)
 Metaspace       used 44888K, capacity 45796K, committed 46120K, reserved 1089536K
  class space    used 6032K, capacity 6322K, committed 6440K, reserved 1048576K
}
Event: 9.595 GC heap before
{Heap before GC invocations=10 (full 2):
 PSYoungGen      total 110080K, used 110070K [0x00000000e0000000, 0x00000000e7980000, 0x0000000100000000)
  eden space 97792K, 100% used [0x00000000e0000000,0x00000000e5f80000,0x00000000e5f80000)
  from space 12288K, 99% used [0x00000000e5f80000,0x00000000e6b7db70,0x00000000e6b80000)
  to   space 12800K, 0% used [0x00000000e6b80000,0x00000000e6b80000,0x00000000e7800000)
 ParOldGen       total 184320K, used 18940K [0x00000000a0000000, 0x00000000ab400000, 0x00000000e0000000)
  object space 184320K, 10% used [0x00000000a0000000,0x00000000a127f388,0x00000000ab400000)
 Metaspace       used 52401K, capacity 53844K, committed 54184K, reserved 1095680K
  class space    used 7093K, capacity 7475K, committed 7592K, reserved 1048576K
Event: 9.606 GC heap after
Heap after GC invocations=10 (full 2):
 PSYoungGen      total 110592K, used 12775K [0x00000000e0000000, 0x00000000e7980000, 0x0000000100000000)
  eden space 97792K, 0% used [0x00000000e0000000,0x00000000e0000000,0x00000000e5f80000)
  from space 12800K, 99% used [0x00000000e6b80000,0x00000000e77f9c38,0x00000000e7800000)
  to   space 12288K, 0% used [0x00000000e5f80000,0x00000000e5f80000,0x00000000e6b80000)
 ParOldGen       total 184320K, used 23525K [0x00000000a0000000, 0x00000000ab400000, 0x00000000e0000000)
  object space 184320K, 12% used [0x00000000a0000000,0x00000000a16f9560,0x00000000ab400000)
 Metaspace       used 52401K, capacity 53844K, committed 54184K, reserved 1095680K
  class space    used 7093K, capacity 7475K, committed 7592K, reserved 1048576K
}
Event: 10.585 GC heap before
{Heap before GC invocations=11 (full 2):
 PSYoungGen      total 110592K, used 77666K [0x00000000e0000000, 0x00000000e7980000, 0x0000000100000000)
  eden space 97792K, 66% used [0x00000000e0000000,0x00000000e3f5ef28,0x00000000e5f80000)
  from space 12800K, 99% used [0x00000000e6b80000,0x00000000e77f9c38,0x00000000e7800000)
  to   space 12288K, 0% used [0x00000000e5f80000,0x00000000e5f80000,0x00000000e6b80000)
 ParOldGen       total 184320K, used 23525K [0x00000000a0000000, 0x00000000ab400000, 0x00000000e0000000)
  object space 184320K, 12% used [0x00000000a0000000,0x00000000a16f9560,0x00000000ab400000)
 Metaspace       used 57509K, capacity 59144K, committed 59160K, reserved 1099776K
  class space    used 7800K, capacity 8217K, committed 8232K, reserved 1048576K
Event: 10.601 GC heap after
Heap after GC invocations=11 (full 2):
 PSYoungGen      total 110080K, used 12276K [0x00000000e0000000, 0x00000000e9a80000, 0x0000000100000000)
  eden space 97792K, 0% used [0x00000000e0000000,0x00000000e0000000,0x00000000e5f80000)
  from space 12288K, 99% used [0x00000000e5f80000,0x00000000e6b7d320,0x00000000e6b80000)
  to   space 19456K, 0% used [0x00000000e8780000,0x00000000e8780000,0x00000000e9a80000)
 ParOldGen       total 184320K, used 28859K [0x00000000a0000000, 0x00000000ab400000, 0x00000000e0000000)
  object space 184320K, 15% used [0x00000000a0000000,0x00000000a1c2ecd0,0x00000000ab400000)
 Metaspace       used 57509K, capacity 59144K, committed 59160K, reserved 1099776K
  class space    used 7800K, capacity 8217K, committed 8232K, reserved 1048576K
}
Event: 10.601 GC heap before
{Heap before GC invocations=12 (full 3):
 PSYoungGen      total 110080K, used 12276K [0x00000000e0000000, 0x00000000e9a80000, 0x0000000100000000)
  eden space 97792K, 0% used [0x00000000e0000000,0x00000000e0000000,0x00000000e5f80000)
  from space 12288K, 99% used [0x00000000e5f80000,0x00000000e6b7d320,0x00000000e6b80000)
  to   space 19456K, 0% used [0x00000000e8780000,0x00000000e8780000,0x00000000e9a80000)
 ParOldGen       total 184320K, used 28859K [0x00000000a0000000, 0x00000000ab400000, 0x00000000e0000000)
  object space 184320K, 15% used [0x00000000a0000000,0x00000000a1c2ecd0,0x00000000ab400000)
 Metaspace       used 57509K, capacity 59144K, committed 59160K, reserved 1099776K
  class space    used 7800K, capacity 8217K, committed 8232K, reserved 1048576K
Event: 10.827 GC heap after
Heap after GC invocations=12 (full 3):
 PSYoungGen      total 110080K, used 0K [0x00000000e0000000, 0x00000000e9a80000, 0x0000000100000000)
  eden space 97792K, 0% used [0x00000000e0000000,0x00000000e0000000,0x00000000e5f80000)
  from space 12288K, 0% used [0x00000000e5f80000,0x00000000e5f80000,0x00000000e6b80000)
  to   space 19456K, 0% used [0x00000000e8780000,0x00000000e8780000,0x00000000e9a80000)
 ParOldGen       total 184320K, used 31560K [0x00000000a0000000, 0x00000000ab400000, 0x00000000e0000000)
  object space 184320K, 17% used [0x00000000a0000000,0x00000000a1ed2280,0x00000000ab400000)
 Metaspace       used 57509K, capacity 59144K, committed 59160K, reserved 1099776K
  class space    used 7800K, capacity 8217K, committed 8232K, reserved 1048576K
}

Deoptimization events (10 events):
Event: 8.100 Thread 0x000000001cea3800 Uncommon trap: reason=unstable_if action=reinterpret pc=0x0000000005d9e0f0 method=org.gradle.internal.instantiation.AbstractClassGenerator$InjectionAnnotationValidator.validateMethod(Ljava/lang/reflect/Method;Lorg/gradle/internal/reflect/PropertyAccessorT
Event: 8.588 Thread 0x000000001cea3800 Uncommon trap: reason=unstable_if action=reinterpret pc=0x00000000056922e4 method=java.lang.String.lastIndexOf([CII[CIII)I @ 17
Event: 8.840 Thread 0x000000001cea3800 Uncommon trap: reason=unstable_if action=reinterpret pc=0x00000000056e84c8 method=kotlin.reflect.jvm.internal.impl.protobuf.CodedInputStream.readRawVarint32()I @ 10
Event: 9.535 Thread 0x000000001cea3800 Uncommon trap: reason=unstable_if action=reinterpret pc=0x0000000005bbd964 method=java.io.WinNTFileSystem.normalize(Ljava/lang/String;)Ljava/lang/String; @ 74
Event: 9.631 Thread 0x000000001cea3800 Uncommon trap: reason=unstable_if action=reinterpret pc=0x0000000005dae32c method=org.objectweb.asm.ByteVector.putInt(I)Lorg/objectweb/asm/ByteVector; @ 13
Event: 10.098 Thread 0x000000001cea3800 Uncommon trap: reason=unstable_if action=reinterpret pc=0x000000000570b414 method=java.io.DataInputStream.readUTF(Ljava/io/DataInput;)Ljava/lang/String; @ 31
Event: 10.136 Thread 0x000000001cea3800 Uncommon trap: reason=unstable_if action=reinterpret pc=0x00000000059d69e0 method=java.util.regex.Pattern$BmpCharProperty.match(Ljava/util/regex/Matcher;ILjava/lang/CharSequence;)Z @ 34
Event: 10.142 Thread 0x000000001cea3800 Uncommon trap: reason=unstable_if action=reinterpret pc=0x0000000006025544 method=com.sun.org.apache.xerces.internal.impl.XMLEntityScanner.skipSpaces()Z @ 14
Event: 10.143 Thread 0x000000001cea3800 Uncommon trap: reason=unstable_if action=reinterpret pc=0x000000000601bd70 method=com.sun.org.apache.xerces.internal.impl.XMLEntityScanner.scanLiteral(ILcom/sun/org/apache/xerces/internal/xni/XMLString;Z)I @ 660
Event: 10.152 Thread 0x000000001cea3800 Uncommon trap: reason=unstable_if action=reinterpret pc=0x000000000601ac00 method=com.sun.org.apache.xerces.internal.util.SymbolTable.addSymbol([CII)Ljava/lang/String; @ 38

Classes redefined (0 events):
No events

Internal exceptions (10 events):
Event: 9.409 Thread 0x000000001cea3800 Exception <a 'java/lang/ClassNotFoundException': com/android/build/gradle/internal/api/BaseVariantOutputImplCustomizer> (0x00000000e58d9a10) thrown at [D:\src\AOSP-openjdk-cygwin\jdk8u\hotspot\src\share\vm\classfile\systemDictionary.cpp, line 210]
Event: 9.410 Thread 0x000000001cea3800 Exception <a 'java/lang/ClassNotFoundException': com/android/build/gradle/internal/api/ApkVariantOutputImplCustomizer> (0x00000000e590f440) thrown at [D:\src\AOSP-openjdk-cygwin\jdk8u\hotspot\src\share\vm\classfile\systemDictionary.cpp, line 210]
Event: 9.411 Thread 0x000000001cea3800 Exception <a 'java/lang/ClassNotFoundException': com/android/build/gradle/internal/api/ApkVariantOutputImpl_DecoratedCustomizer> (0x00000000e593ff98) thrown at [D:\src\AOSP-openjdk-cygwin\jdk8u\hotspot\src\share\vm\classfile\systemDictionary.cpp, line 210
Event: 9.685 Thread 0x000000001cea3800 Exception <a 'java/lang/NoSuchMethodError': java.lang.Object.lambda$static$0(Ljava/util/Set;Ljava/util/Set;)Z> (0x00000000e07301d0) thrown at [D:\src\AOSP-openjdk-cygwin\jdk8u\hotspot\src\share\vm\interpreter\linkResolver.cpp, line 620]
Event: 9.685 Thread 0x000000001cea3800 Exception <a 'java/lang/NoSuchMethodError': java.lang.Object.lambda$static$1(Ljava/util/Set;Ljava/util/Set;)Z> (0x00000000e0733140) thrown at [D:\src\AOSP-openjdk-cygwin\jdk8u\hotspot\src\share\vm\interpreter\linkResolver.cpp, line 620]
Event: 9.685 Thread 0x000000001cea3800 Exception <a 'java/lang/NoSuchMethodError': java.lang.Object.lambda$static$2(Ljava/util/Set;Ljava/util/Set;)Z> (0x00000000e0735c80) thrown at [D:\src\AOSP-openjdk-cygwin\jdk8u\hotspot\src\share\vm\interpreter\linkResolver.cpp, line 620]
Event: 9.686 Thread 0x000000001cea3800 Exception <a 'java/lang/NoSuchMethodError': java.lang.Object.lambda$static$3(Ljava/util/Set;Ljava/util/Set;)Z> (0x00000000e07387c0) thrown at [D:\src\AOSP-openjdk-cygwin\jdk8u\hotspot\src\share\vm\interpreter\linkResolver.cpp, line 620]
Event: 9.686 Thread 0x000000001cea3800 Exception <a 'java/lang/NoSuchMethodError': java.lang.Object.lambda$static$4(Ljava/util/Set;Ljava/util/Set;)Z> (0x00000000e073b300) thrown at [D:\src\AOSP-openjdk-cygwin\jdk8u\hotspot\src\share\vm\interpreter\linkResolver.cpp, line 620]
Event: 9.852 Thread 0x000000001cea3800 Exception <a 'java/lang/ClassNotFoundException': com/sun/org/glassfish/hk2/osgiresourcelocator/ServiceLoader> (0x00000000e0f6bb10) thrown at [D:\src\AOSP-openjdk-cygwin\jdk8u\hotspot\src\share\vm\classfile\systemDictionary.cpp, line 210]
Event: 9.893 Thread 0x000000001cea3800 Exception <a 'java/lang/NullPointerException'> (0x00000000e14377f0) thrown at [D:\src\AOSP-openjdk-cygwin\jdk8u\hotspot\src\share\vm\interpreter\linkResolver.cpp, line 1287]

Events (10 events):
Event: 10.837 loading class com/android/ide/common/resources/AssetSet
Event: 10.837 loading class com/android/ide/common/resources/AssetSet done
Event: 10.837 Thread 0x000000001ace3000 flushing nmethod 0x0000000005b20490
Event: 10.837 Thread 0x000000001ace3000 flushing nmethod 0x0000000005b597d0
Event: 10.842 loading class com/android/build/gradle/tasks/MergeSourceSetFolders$MergeAssetBaseCreationAction$configure$assetDirFunction$1
Event: 10.842 loading class com/android/build/gradle/tasks/MergeSourceSetFolders$MergeAssetBaseCreationAction$configure$assetDirFunction$1 done
Event: 10.842 loading class com/android/build/gradle/tasks/MergeSourceSetFolders$MergeAssetBaseCreationAction$configure$1
Event: 10.842 loading class com/android/build/gradle/tasks/MergeSourceSetFolders$MergeAssetBaseCreationAction$configure$1 done
Event: 10.843 loading class com/android/build/gradle/tasks/MergeSourceSetFolders$MergeAssetBaseCreationAction$configure$2
Event: 10.843 loading class com/android/build/gradle/tasks/MergeSourceSetFolders$MergeAssetBaseCreationAction$configure$2 done


Dynamic libraries:
0x00007ff7c6340000 - 0x00007ff7c6371000 	C:\Program Files\Android\Android Studio\jre\bin\java.exe
0x00007ffcf3a10000 - 0x00007ffcf3bf0000 	C:\WINDOWS\SYSTEM32\ntdll.dll
0x00007ffcf1a60000 - 0x00007ffcf1b0e000 	C:\WINDOWS\System32\KERNEL32.DLL
0x00007ffcf0410000 - 0x00007ffcf0676000 	C:\WINDOWS\System32\KERNELBASE.dll
0x00007ffcf1910000 - 0x00007ffcf19b1000 	C:\WINDOWS\System32\ADVAPI32.dll
0x00007ffcf19c0000 - 0x00007ffcf1a5d000 	C:\WINDOWS\System32\msvcrt.dll
0x00007ffcf17e0000 - 0x00007ffcf183b000 	C:\WINDOWS\System32\sechost.dll
0x00007ffcf2050000 - 0x00007ffcf216f000 	C:\WINDOWS\System32\RPCRT4.dll
0x00007ffcf23b0000 - 0x00007ffcf253f000 	C:\WINDOWS\System32\USER32.dll
0x00007ffcf0680000 - 0x00007ffcf06a0000 	C:\WINDOWS\System32\win32u.dll
0x00007ffcf39b0000 - 0x00007ffcf39d8000 	C:\WINDOWS\System32\GDI32.dll
0x00007ffcefe90000 - 0x00007ffcf0023000 	C:\WINDOWS\System32\gdi32full.dll
0x00007ffcf06a0000 - 0x00007ffcf073b000 	C:\WINDOWS\System32\msvcp_win.dll
0x00007ffcf0140000 - 0x00007ffcf0234000 	C:\WINDOWS\System32\ucrtbase.dll
0x00007ffce0850000 - 0x00007ffce0ab9000 	C:\WINDOWS\WinSxS\amd64_microsoft.windows.common-controls_6595b64144ccf1df_6.0.16299.1387_none_0f90744a5a658aaa\COMCTL32.dll
0x00007ffcf1c20000 - 0x00007ffcf1f26000 	C:\WINDOWS\System32\combase.dll
0x00007ffcefe10000 - 0x00007ffcefe88000 	C:\WINDOWS\System32\bcryptPrimitives.dll
0x00007ffcf12e0000 - 0x00007ffcf130d000 	C:\WINDOWS\System32\IMM32.DLL
0x00007ffce84d0000 - 0x00007ffce857f000 	C:\Program Files\McAfee\Endpoint Security\Threat Prevention\Ips\EpMPApi.dll
0x00007ffcf0030000 - 0x00007ffcf0089000 	C:\WINDOWS\System32\WINTRUST.dll
0x00007ffcefd60000 - 0x00007ffcefd72000 	C:\WINDOWS\System32\MSASN1.dll
0x00007ffcf0240000 - 0x00007ffcf040e000 	C:\WINDOWS\System32\CRYPT32.dll
0x00000000644a0000 - 0x00000000644ac000 	C:\Program Files\McAfee\Endpoint Security\Threat Prevention\Ips\EpMPThe.dll
0x00007ffcbf840000 - 0x00007ffcbf876000 	C:\Program Files\McAfee\Endpoint Security\Threat Prevention\Ips\HIPHandlers64.dll
0x00007ffcf1840000 - 0x00007ffcf1891000 	C:\WINDOWS\System32\SHLWAPI.dll
0x0000000063ec0000 - 0x0000000063f92000 	C:\Program Files\Android\Android Studio\jre\jre\bin\msvcr100.dll
0x00000000627f0000 - 0x0000000063036000 	C:\Program Files\Android\Android Studio\jre\jre\bin\server\jvm.dll
0x00007ffcf39a0000 - 0x00007ffcf39a8000 	C:\WINDOWS\System32\PSAPI.DLL
0x00007ffcedf90000 - 0x00007ffcedf9a000 	C:\WINDOWS\SYSTEM32\VERSION.dll
0x00007ffcead10000 - 0x00007ffcead33000 	C:\WINDOWS\SYSTEM32\WINMM.dll
0x00007ffcdd5d0000 - 0x00007ffcdd5d9000 	C:\WINDOWS\SYSTEM32\WSOCK32.dll
0x00007ffcf18a0000 - 0x00007ffcf190c000 	C:\WINDOWS\System32\WS2_32.dll
0x00007ffceac90000 - 0x00007ffceacba000 	C:\WINDOWS\SYSTEM32\WINMMBASE.dll
0x00007ffcf0740000 - 0x00007ffcf078a000 	C:\WINDOWS\System32\cfgmgr32.dll
0x00007ffceb0f0000 - 0x00007ffceb0ff000 	C:\Program Files\Android\Android Studio\jre\jre\bin\verify.dll
0x00007ffceafe0000 - 0x00007ffceb009000 	C:\Program Files\Android\Android Studio\jre\jre\bin\java.dll
0x00007ffce7e20000 - 0x00007ffce7e36000 	C:\Program Files\Android\Android Studio\jre\jre\bin\zip.dll
0x00007ffcf2550000 - 0x00007ffcf398a000 	C:\WINDOWS\System32\SHELL32.dll
0x00007ffcf10e0000 - 0x00007ffcf1186000 	C:\WINDOWS\System32\shcore.dll
0x00007ffcf0790000 - 0x00007ffcf0ed7000 	C:\WINDOWS\System32\windows.storage.dll
0x00007ffcefdf0000 - 0x00007ffcefe01000 	C:\WINDOWS\System32\kernel.appcore.dll
0x00007ffcefda0000 - 0x00007ffcefdec000 	C:\WINDOWS\System32\powrprof.dll
0x00007ffcefd80000 - 0x00007ffcefd9b000 	C:\WINDOWS\System32\profapi.dll
0x00007ffce2e50000 - 0x00007ffce2e6a000 	C:\Program Files\Android\Android Studio\jre\jre\bin\net.dll
0x00007ffcef5f0000 - 0x00007ffcef656000 	C:\WINDOWS\system32\mswsock.dll
0x00007ffce1770000 - 0x00007ffce1781000 	C:\Program Files\Android\Android Studio\jre\jre\bin\nio.dll
0x00007ffcd3f60000 - 0x00007ffcd3f86000 	C:\Users\s987216\.gradle\native\29\windows-amd64\native-platform.dll
0x00007ffceb0e0000 - 0x00007ffceb0ed000 	C:\Program Files\Android\Android Studio\jre\jre\bin\management.dll
0x00007ffcef7b0000 - 0x00007ffcef7c7000 	C:\WINDOWS\SYSTEM32\CRYPTSP.dll
0x00007ffcef1b0000 - 0x00007ffcef1e3000 	C:\WINDOWS\system32\rsaenh.dll
0x00007ffcef8c0000 - 0x00007ffcef8e5000 	C:\WINDOWS\SYSTEM32\bcrypt.dll
0x00007ffcefc90000 - 0x00007ffcefcb9000 	C:\WINDOWS\SYSTEM32\USERENV.dll
0x00007ffcef7d0000 - 0x00007ffcef7db000 	C:\WINDOWS\SYSTEM32\CRYPTBASE.dll
0x00007ffcef340000 - 0x00007ffcef379000 	C:\WINDOWS\SYSTEM32\IPHLPAPI.DLL
0x00007ffcf2540000 - 0x00007ffcf2548000 	C:\WINDOWS\System32\NSI.dll
0x00007ffceae70000 - 0x00007ffceae86000 	C:\WINDOWS\SYSTEM32\dhcpcsvc6.DLL
0x00007ffceae50000 - 0x00007ffceae6a000 	C:\WINDOWS\SYSTEM32\dhcpcsvc.DLL

VM Arguments:
jvm_args: -Xmx1536m -Dfile.encoding=windows-1252 -Duser.country=ZA -Duser.language=en -Duser.variant 
java_command: org.gradle.launcher.daemon.bootstrap.GradleDaemon 5.4.1
java_class_path (initial): C:\Users\s987216\.gradle\wrapper\dists\gradle-5.4.1-all\3221gyojl5jsh0helicew7rwx\gradle-5.4.1\lib\gradle-launcher-5.4.1.jar
Launcher Type: SUN_STANDARD

Environment Variables:
JAVA_HOME=C:\Program Files\Java\jdk1.8.0_131
PATH=C:\Program Files\AdoptOpenJDK\jdk-8.0.222.10-hotspot\bin;C:\ProgramData\Oracle\Java\javapath;C:\Program Files (x86)\Common Files\Oracle\Java\javapath;C:\WINDOWS\system32;C:\WINDOWS;C:\WINDOWS\System32\Wbem;C:\WINDOWS\System32\WindowsPowerShell\v1.0\;C:\Program Files\dotnet\;C:\Program Files\Microsoft SQL Server\130\Tools\Binn\;C:\Program Files\Microsoft SQL Server\Client SDK\ODBC\170\Tools\Binn\;C:\Program Files\MySQL\MySQL Utilities 1.6\;C:\Users\s987216\AppData\Local\Android\Sdk\platform-tools;C:\Users\s987216\AppData\Local\Android\Sdk\tools;C:\Users\s987216\AppData\Local\Android\Sdk\tools\bin;C:\Program Files\apache-maven-3.6.1\bin;C:\Program Files\nodejs\;C:\Users\s987216\AppData\Local\Microsoft\WindowsApps;C:\Users\s987216\AppData\Roaming\npm;C:\Program Files\JetBrains\IntelliJ IDEA Community Edition 2019.2\bin;
USERNAME=s987216
OS=Windows_NT
PROCESSOR_IDENTIFIER=Intel64 Family 6 Model 142 Stepping 10, GenuineIntel



---------------  S Y S T E M  ---------------

OS: Windows 10.0 , 64 bit Build 16299 (10.0.16299.1146)

CPU:total 8 (initial active 8) (4 cores per cpu, 2 threads per core) family 6 model 142 stepping 10, cmov, cx8, fxsr, mmx, sse, sse2, sse3, ssse3, sse4.1, sse4.2, popcnt, avx, avx2, aes, clmul, erms, 3dnowpref, lzcnt, ht, tsc, tscinvbit, bmi1, bmi2, adx

Memory: 4k page, physical 16669144k(4864144k free), swap 20253144k(4096k free)

vm_info: OpenJDK 64-Bit Server VM (25.202-b03) for windows-amd64 JRE (1.8.0_202-release-1483-b03), built by "builder" with MS VC++ 10.0 (VS2010)

time: Wed Oct 16 11:37:09 2019
timezone: South Africa Standard Time
elapsed time: 10 seconds (0d 0h 0m 10s)

