#
# There is insufficient memory for the Java Runtime Environment to continue.
# Native memory allocation (malloc) failed to allocate 1159376 bytes for Chunk::new
# Possible reasons:
#   The system is out of physical RAM or swap space
#   The process is running with CompressedOops enabled, and the Java Heap may be blocking the growth of the native heap
# Possible solutions:
#   Reduce memory load on the system
#   Increase physical memory or swap space
#   Check if swap backing store is full
#   Decrease Java heap size (-Xmx/-Xms)
#   Decrease number of Java threads
#   Decrease Java thread stack sizes (-Xss)
#   Set larger code cache with -XX:ReservedCodeCacheSize=
#   JVM is running with Unscaled Compressed Oops mode in which the Java heap is
#     placed in the first 4GB address space. The Java Heap base address is the
#     maximum limit for the native heap growth. Please use -XX:HeapBaseMinAddress
#     to set the Java Heap base and to place the Java Heap above 4GB virtual address.
# This output file may be truncated or incomplete.
#
#  Out of Memory Error (allocation.cpp:389), pid=15232, tid=0x00000000000005ec
#
# JRE version: OpenJDK Runtime Environment (8.0_202-b03) (build 1.8.0_202-release-1483-b03)
# Java VM: OpenJDK 64-Bit Server VM (25.202-b03 mixed mode windows-amd64 compressed oops)
# Failed to write core dump. Minidumps are not enabled by default on client versions of Windows
#

---------------  T H R E A D  ---------------

Current thread (0x000000001b07e000):  JavaThread "C2 CompilerThread0" daemon [_thread_in_native, id=1516, stack(0x000000001b940000,0x000000001ba40000)]

Stack: [0x000000001b940000,0x000000001ba40000]
[error occurred during error reporting (printing stack bounds), id 0xc0000005]

Native frames: (J=compiled Java code, j=interpreted, Vv=VM code, C=native code)


Current CompileTask:
C2:   6899 3698       4       org.objectweb.asm.SymbolTable::addConstantMemberReference (147 bytes)


---------------  P R O C E S S  ---------------

Java Threads: ( => current thread )
  0x000000001ebf2000 JavaThread "Cache worker for Build Output Cleanup Cache (C:\Users\s987216\AndroidStudioProjects\Gruv\.gradle\buildOutputCleanup)" [_thread_blocked, id=14888, stack(0x0000000026310000,0x0000000026410000)]
  0x000000001ebf1800 JavaThread "pool-1-thread-1" [_thread_blocked, id=17964, stack(0x0000000026010000,0x0000000026110000)]
  0x000000001ebe9000 JavaThread "Build operations Thread 8" [_thread_blocked, id=18464, stack(0x0000000025b10000,0x0000000025c10000)]
  0x000000001ebf0000 JavaThread "Build operations Thread 7" [_thread_blocked, id=8460, stack(0x0000000025a10000,0x0000000025b10000)]
  0x000000001ebef000 JavaThread "Build operations Thread 6" [_thread_blocked, id=13488, stack(0x0000000025910000,0x0000000025a10000)]
  0x000000001ebed000 JavaThread "Build operations Thread 5" [_thread_blocked, id=21120, stack(0x0000000025810000,0x0000000025910000)]
  0x000000001ebeb800 JavaThread "Build operations Thread 4" [_thread_blocked, id=9672, stack(0x0000000025710000,0x0000000025810000)]
  0x000000001ebee800 JavaThread "Build operations Thread 3" [_thread_blocked, id=12984, stack(0x0000000024440000,0x0000000024540000)]
  0x000000001ebea800 JavaThread "Build operations Thread 2" [_thread_blocked, id=12892, stack(0x0000000024340000,0x0000000024440000)]
  0x000000001ebed800 JavaThread "Build operations" [_thread_blocked, id=15904, stack(0x0000000024240000,0x0000000024340000)]
  0x000000001ebea000 JavaThread "Cache worker for execution history cache (C:\Users\s987216\.gradle\caches\5.4.1\executionHistory)" [_thread_blocked, id=6360, stack(0x0000000023e30000,0x0000000023f30000)]
  0x000000001d5ac800 JavaThread "Cache worker for cache directory md-rule (C:\Users\s987216\.gradle\caches\5.4.1\md-rule)" [_thread_blocked, id=5348, stack(0x0000000023b30000,0x0000000023c30000)]
  0x000000001d5b2800 JavaThread "Cache worker for cache directory md-supplier (C:\Users\s987216\.gradle\caches\5.4.1\md-supplier)" [_thread_blocked, id=9420, stack(0x00000000227c0000,0x00000000228c0000)]
  0x000000001d5b3800 JavaThread "Cache worker for file hash cache (C:\Users\s987216\AndroidStudioProjects\Gruv\.gradle\5.4.1\fileHashes)" [_thread_blocked, id=7948, stack(0x0000000022070000,0x0000000022170000)]
  0x000000001d5ad800 JavaThread "Cache worker for journal cache (C:\Users\s987216\.gradle\caches\journal-1)" [_thread_blocked, id=12468, stack(0x000000001fbd0000,0x000000001fcd0000)]
  0x000000001d5ae000 JavaThread "File lock request listener" [_thread_in_native, id=14144, stack(0x000000001fad0000,0x000000001fbd0000)]
  0x000000001d569000 JavaThread "Cache worker for file hash cache (C:\Users\s987216\.gradle\caches\5.4.1\fileHashes)" [_thread_blocked, id=15960, stack(0x000000001f9d0000,0x000000001fad0000)]
  0x000000001d4f6800 JavaThread "Thread-9" [_thread_blocked, id=17648, stack(0x000000001e900000,0x000000001ea00000)]
  0x000000001d534000 JavaThread "Stdin handler" [_thread_blocked, id=13588, stack(0x000000001e800000,0x000000001e900000)]
  0x000000001d533000 JavaThread "Asynchronous log dispatcher for DefaultDaemonConnection: socket connection from /127.0.0.1:53171 to /127.0.0.1:53172" [_thread_blocked, id=18664, stack(0x000000001e600000,0x000000001e700000)]
  0x000000001d517800 JavaThread "Daemon worker" [_thread_in_Java, id=1768, stack(0x000000001e500000,0x000000001e600000)]
  0x000000001d54a000 JavaThread "Cancel handler" [_thread_blocked, id=18080, stack(0x000000001e400000,0x000000001e500000)]
  0x000000001d43f800 JavaThread "Handler for socket connection from /127.0.0.1:53171 to /127.0.0.1:53172" [_thread_in_native, id=15092, stack(0x000000001e100000,0x000000001e200000)]
  0x000000001d445800 JavaThread "Daemon" [_thread_blocked, id=15508, stack(0x000000001e000000,0x000000001e100000)]
  0x000000001d3f1000 JavaThread "Daemon periodic checks" [_thread_blocked, id=16212, stack(0x000000001df00000,0x000000001e000000)]
  0x000000001d3e7800 JavaThread "Incoming local TCP Connector on port 53171" [_thread_in_native, id=23088, stack(0x000000001da10000,0x000000001db10000)]
  0x000000001d115800 JavaThread "Daemon health stats" [_thread_blocked, id=9324, stack(0x000000001d710000,0x000000001d810000)]
  0x000000001b113800 JavaThread "Service Thread" daemon [_thread_blocked, id=5220, stack(0x000000001bd40000,0x000000001be40000)]
  0x000000001b087000 JavaThread "C1 CompilerThread3" daemon [_thread_in_native, id=7076, stack(0x000000001bc40000,0x000000001bd40000)]
  0x000000001928a800 JavaThread "C2 CompilerThread2" daemon [_thread_blocked, id=23060, stack(0x000000001bb40000,0x000000001bc40000)]
  0x000000001b085000 JavaThread "C2 CompilerThread1" daemon [_thread_blocked, id=15648, stack(0x000000001ba40000,0x000000001bb40000)]
=>0x000000001b07e000 JavaThread "C2 CompilerThread0" daemon [_thread_in_native, id=1516, stack(0x000000001b940000,0x000000001ba40000)]
  0x000000001b07d000 JavaThread "Attach Listener" daemon [_thread_blocked, id=4740, stack(0x000000001b840000,0x000000001b940000)]
  0x000000001b07c000 JavaThread "Signal Dispatcher" daemon [_thread_blocked, id=16688, stack(0x000000001b740000,0x000000001b840000)]
  0x00000000054be000 JavaThread "Finalizer" daemon [_thread_blocked, id=22704, stack(0x000000001b550000,0x000000001b650000)]
  0x000000001927c800 JavaThread "Reference Handler" daemon [_thread_blocked, id=5060, stack(0x000000001b450000,0x000000001b550000)]
  0x0000000004e0e800 JavaThread "main" [_thread_blocked, id=7524, stack(0x0000000005200000,0x0000000005300000)]

Other Threads:
  0x0000000019275800 VMThread [stack: 0x000000001af50000,0x000000001b050000] [id=20500]
  0x000000001b114000 WatcherThread [stack: 0x000000001be40000,0x000000001bf40000] [id=18104]

VM state:not at safepoint (normal execution)

VM Mutex/Monitor currently owned by a thread: None

heap address: 0x00000000a0000000, size: 1536 MB, Compressed Oops mode: 32-bit
Narrow klass base: 0x0000000000000000, Narrow klass shift: 3
Compressed class space size: 1073741824 Address: 0x0000000100000000

Heap:
 PSYoungGen      total 108544K, used 88964K [0x00000000e0000000, 0x00000000e7800000, 0x0000000100000000)
  eden space 96256K, 92% used [0x00000000e0000000,0x00000000e56e1048,0x00000000e5e00000)
  from space 12288K, 0% used [0x00000000e6a00000,0x00000000e6a00000,0x00000000e7600000)
  to   space 12288K, 0% used [0x00000000e5e00000,0x00000000e5e00000,0x00000000e6a00000)
 ParOldGen       total 191488K, used 16710K [0x00000000a0000000, 0x00000000abb00000, 0x00000000e0000000)
  object space 191488K, 8% used [0x00000000a0000000,0x00000000a1051b20,0x00000000abb00000)
 Metaspace       used 44341K, capacity 45186K, committed 45656K, reserved 1089536K
  class space    used 5960K, capacity 6201K, committed 6272K, reserved 1048576K

Card table byte_map: [0x0000000014880000,0x0000000014b90000] byte_map_base: 0x0000000014380000

Marking Bits: (ParMarkBitMap*) 0x00000000728f9f30
 Begin Bits: [0x0000000015590000, 0x0000000016d90000)
 End Bits:   [0x0000000016d90000, 0x0000000018590000)

Polling page: 0x00000000033b0000

CodeCache: size=245760Kb used=11651Kb max_used=11842Kb free=234108Kb
 bounds [0x00000000054c0000, 0x0000000006060000, 0x00000000144c0000]
 total_blobs=4185 nmethods=3433 adapters=665
 compilation: enabled

Compilation events (10 events):
Event: 6.882 Thread 0x000000001b087000 nmethod 3762 0x0000000005cba4d0 code [0x0000000005cba6a0, 0x0000000005cbae78]
Event: 6.883 Thread 0x000000001b087000 3763       1       java.lang.reflect.Field::getDeclaringClass (5 bytes)
Event: 6.883 Thread 0x000000001b087000 nmethod 3763 0x00000000058215d0 code [0x0000000005821720, 0x0000000005821830]
Event: 6.887 Thread 0x000000001928a800 nmethod 3756 0x0000000005ae9750 code [0x0000000005ae9a00, 0x0000000005aeaa10]
Event: 6.887 Thread 0x000000001b087000 3764       3       java.lang.Class::isAnonymousClass (10 bytes)
Event: 6.888 Thread 0x000000001b087000 nmethod 3764 0x0000000005a44c50 code [0x0000000005a44dc0, 0x0000000005a45078]
Event: 6.889 Thread 0x000000001b087000 3765       3       com.google.gson.internal.bind.TypeAdapters$32::create (20 bytes)
Event: 6.890 Thread 0x000000001b087000 nmethod 3765 0x0000000005a32010 code [0x0000000005a32180, 0x0000000005a323d0]
Event: 6.891 Thread 0x000000001b087000 3766       1       com.google.gson.reflect.TypeToken::hashCode (5 bytes)
Event: 6.892 Thread 0x000000001b087000 nmethod 3766 0x00000000057bf550 code [0x00000000057bf6a0, 0x00000000057bf7b0]

GC Heap History (10 events):
Event: 3.336 GC heap before
{Heap before GC invocations=4 (full 1):
 PSYoungGen      total 76288K, used 10749K [0x00000000e0000000, 0x00000000e5500000, 0x0000000100000000)
  eden space 65536K, 0% used [0x00000000e0000000,0x00000000e0000000,0x00000000e4000000)
  from space 10752K, 99% used [0x00000000e4000000,0x00000000e4a7f618,0x00000000e4a80000)
  to   space 10752K, 0% used [0x00000000e4a80000,0x00000000e4a80000,0x00000000e5500000)
 ParOldGen       total 175104K, used 777K [0x00000000a0000000, 0x00000000aab00000, 0x00000000e0000000)
  object space 175104K, 0% used [0x00000000a0000000,0x00000000a00c26f8,0x00000000aab00000)
 Metaspace       used 20763K, capacity 21104K, committed 21248K, reserved 1067008K
  class space    used 2916K, capacity 3062K, committed 3072K, reserved 1048576K
Event: 3.368 GC heap after
Heap after GC invocations=4 (full 1):
 PSYoungGen      total 76288K, used 0K [0x00000000e0000000, 0x00000000e5500000, 0x0000000100000000)
  eden space 65536K, 0% used [0x00000000e0000000,0x00000000e0000000,0x00000000e4000000)
  from space 10752K, 0% used [0x00000000e4000000,0x00000000e4000000,0x00000000e4a80000)
  to   space 10752K, 0% used [0x00000000e4a80000,0x00000000e4a80000,0x00000000e5500000)
 ParOldGen       total 113152K, used 11108K [0x00000000a0000000, 0x00000000a6e80000, 0x00000000e0000000)
  object space 113152K, 9% used [0x00000000a0000000,0x00000000a0ad93d8,0x00000000a6e80000)
 Metaspace       used 20763K, capacity 21104K, committed 21248K, reserved 1067008K
  class space    used 2916K, capacity 3062K, committed 3072K, reserved 1048576K
}
Event: 4.191 GC heap before
{Heap before GC invocations=5 (full 1):
 PSYoungGen      total 76288K, used 65536K [0x00000000e0000000, 0x00000000e5500000, 0x0000000100000000)
  eden space 65536K, 100% used [0x00000000e0000000,0x00000000e4000000,0x00000000e4000000)
  from space 10752K, 0% used [0x00000000e4000000,0x00000000e4000000,0x00000000e4a80000)
  to   space 10752K, 0% used [0x00000000e4a80000,0x00000000e4a80000,0x00000000e5500000)
 ParOldGen       total 113152K, used 11108K [0x00000000a0000000, 0x00000000a6e80000, 0x00000000e0000000)
  object space 113152K, 9% used [0x00000000a0000000,0x00000000a0ad93d8,0x00000000a6e80000)
 Metaspace       used 28516K, capacity 28976K, committed 29440K, reserved 1075200K
  class space    used 3850K, capacity 4011K, committed 4096K, reserved 1048576K
Event: 4.198 GC heap after
Heap after GC invocations=5 (full 1):
 PSYoungGen      total 76288K, used 7670K [0x00000000e0000000, 0x00000000e7300000, 0x0000000100000000)
  eden space 65536K, 0% used [0x00000000e0000000,0x00000000e0000000,0x00000000e4000000)
  from space 10752K, 71% used [0x00000000e4a80000,0x00000000e51fd9a8,0x00000000e5500000)
  to   space 10752K, 0% used [0x00000000e4000000,0x00000000e4000000,0x00000000e4a80000)
 ParOldGen       total 113152K, used 11116K [0x00000000a0000000, 0x00000000a6e80000, 0x00000000e0000000)
  object space 113152K, 9% used [0x00000000a0000000,0x00000000a0adb3d8,0x00000000a6e80000)
 Metaspace       used 28516K, capacity 28976K, committed 29440K, reserved 1075200K
  class space    used 3850K, capacity 4011K, committed 4096K, reserved 1048576K
}
Event: 4.790 GC heap before
{Heap before GC invocations=6 (full 1):
 PSYoungGen      total 76288K, used 73206K [0x00000000e0000000, 0x00000000e7300000, 0x0000000100000000)
  eden space 65536K, 100% used [0x00000000e0000000,0x00000000e4000000,0x00000000e4000000)
  from space 10752K, 71% used [0x00000000e4a80000,0x00000000e51fd9a8,0x00000000e5500000)
  to   space 10752K, 0% used [0x00000000e4000000,0x00000000e4000000,0x00000000e4a80000)
 ParOldGen       total 113152K, used 11116K [0x00000000a0000000, 0x00000000a6e80000, 0x00000000e0000000)
  object space 113152K, 9% used [0x00000000a0000000,0x00000000a0adb3d8,0x00000000a6e80000)
 Metaspace       used 32002K, capacity 32488K, committed 32768K, reserved 1077248K
  class space    used 4397K, capacity 4563K, committed 4608K, reserved 1048576K
Event: 4.795 GC heap after
Heap after GC invocations=6 (full 1):
 PSYoungGen      total 76288K, used 8748K [0x00000000e0000000, 0x00000000e7600000, 0x0000000100000000)
  eden space 65536K, 0% used [0x00000000e0000000,0x00000000e0000000,0x00000000e4000000)
  from space 10752K, 81% used [0x00000000e4000000,0x00000000e488b3c0,0x00000000e4a80000)
  to   space 12288K, 0% used [0x00000000e6a00000,0x00000000e6a00000,0x00000000e7600000)
 ParOldGen       total 113152K, used 11124K [0x00000000a0000000, 0x00000000a6e80000, 0x00000000e0000000)
  object space 113152K, 9% used [0x00000000a0000000,0x00000000a0add3d8,0x00000000a6e80000)
 Metaspace       used 32002K, capacity 32488K, committed 32768K, reserved 1077248K
  class space    used 4397K, capacity 4563K, committed 4608K, reserved 1048576K
}
Event: 5.600 GC heap before
{Heap before GC invocations=7 (full 1):
 PSYoungGen      total 76288K, used 61232K [0x00000000e0000000, 0x00000000e7600000, 0x0000000100000000)
  eden space 65536K, 80% used [0x00000000e0000000,0x00000000e3340fa8,0x00000000e4000000)
  from space 10752K, 81% used [0x00000000e4000000,0x00000000e488b3c0,0x00000000e4a80000)
  to   space 12288K, 0% used [0x00000000e6a00000,0x00000000e6a00000,0x00000000e7600000)
 ParOldGen       total 113152K, used 11124K [0x00000000a0000000, 0x00000000a6e80000, 0x00000000e0000000)
  object space 113152K, 9% used [0x00000000a0000000,0x00000000a0add3d8,0x00000000a6e80000)
 Metaspace       used 34635K, capacity 35354K, committed 35416K, reserved 1079296K
  class space    used 4765K, capacity 4980K, committed 4992K, reserved 1048576K
Event: 5.610 GC heap after
Heap after GC invocations=7 (full 1):
 PSYoungGen      total 108544K, used 10167K [0x00000000e0000000, 0x00000000e7800000, 0x0000000100000000)
  eden space 96256K, 0% used [0x00000000e0000000,0x00000000e0000000,0x00000000e5e00000)
  from space 12288K, 82% used [0x00000000e6a00000,0x00000000e73edde8,0x00000000e7600000)
  to   space 12288K, 0% used [0x00000000e5e00000,0x00000000e5e00000,0x00000000e6a00000)
 ParOldGen       total 113152K, used 11132K [0x00000000a0000000, 0x00000000a6e80000, 0x00000000e0000000)
  object space 113152K, 9% used [0x00000000a0000000,0x00000000a0adf3d8,0x00000000a6e80000)
 Metaspace       used 34635K, capacity 35354K, committed 35416K, reserved 1079296K
  class space    used 4765K, capacity 4980K, committed 4992K, reserved 1048576K
}
Event: 5.610 GC heap before
{Heap before GC invocations=8 (full 2):
 PSYoungGen      total 108544K, used 10167K [0x00000000e0000000, 0x00000000e7800000, 0x0000000100000000)
  eden space 96256K, 0% used [0x00000000e0000000,0x00000000e0000000,0x00000000e5e00000)
  from space 12288K, 82% used [0x00000000e6a00000,0x00000000e73edde8,0x00000000e7600000)
  to   space 12288K, 0% used [0x00000000e5e00000,0x00000000e5e00000,0x00000000e6a00000)
 ParOldGen       total 113152K, used 11132K [0x00000000a0000000, 0x00000000a6e80000, 0x00000000e0000000)
  object space 113152K, 9% used [0x00000000a0000000,0x00000000a0adf3d8,0x00000000a6e80000)
 Metaspace       used 34635K, capacity 35354K, committed 35416K, reserved 1079296K
  class space    used 4765K, capacity 4980K, committed 4992K, reserved 1048576K
Event: 5.700 GC heap after
Heap after GC invocations=8 (full 2):
 PSYoungGen      total 108544K, used 0K [0x00000000e0000000, 0x00000000e7800000, 0x0000000100000000)
  eden space 96256K, 0% used [0x00000000e0000000,0x00000000e0000000,0x00000000e5e00000)
  from space 12288K, 0% used [0x00000000e6a00000,0x00000000e6a00000,0x00000000e7600000)
  to   space 12288K, 0% used [0x00000000e5e00000,0x00000000e5e00000,0x00000000e6a00000)
 ParOldGen       total 191488K, used 16710K [0x00000000a0000000, 0x00000000abb00000, 0x00000000e0000000)
  object space 191488K, 8% used [0x00000000a0000000,0x00000000a1051b20,0x00000000abb00000)
 Metaspace       used 34609K, capacity 35264K, committed 35416K, reserved 1079296K
  class space    used 4757K, capacity 4965K, committed 4992K, reserved 1048576K
}

Deoptimization events (10 events):
Event: 6.481 Thread 0x000000001d517800 Uncommon trap: reason=unstable_if action=reinterpret pc=0x0000000005992d30 method=java.util.jar.JarFile.maybeInstantiateVerifier()V @ 4
Event: 6.481 Thread 0x000000001d517800 Uncommon trap: reason=unstable_if action=reinterpret pc=0x0000000005eff2f0 method=java.security.CodeSource.<init>(Ljava/net/URL;[Ljava/security/CodeSigner;)V @ 25
Event: 6.483 Thread 0x000000001d517800 Uncommon trap: reason=unstable_if action=reinterpret pc=0x0000000005a0d92c method=java.security.CodeSource.getCertificates()[Ljava/security/cert/Certificate; @ 22
Event: 6.483 Thread 0x000000001d517800 Uncommon trap: reason=unstable_if action=reinterpret pc=0x0000000005d7186c method=java.util.jar.JarFile.maybeInstantiateVerifier()V @ 4
Event: 6.483 Thread 0x000000001d517800 Uncommon trap: reason=unstable_if action=reinterpret pc=0x0000000005e65a28 method=java.util.jar.JarFile.maybeInstantiateVerifier()V @ 4
Event: 6.484 Thread 0x000000001d517800 Uncommon trap: reason=unstable_if action=reinterpret pc=0x000000000565aa94 method=java.security.CodeSource.matchCerts(Ljava/security/CodeSource;Z)Z @ 11
Event: 6.514 Thread 0x000000001d517800 Uncommon trap: reason=unstable_if action=reinterpret pc=0x0000000005f323c0 method=java.util.LinkedHashMap.get(Ljava/lang/Object;)Ljava/lang/Object; @ 20
Event: 6.557 Thread 0x000000001d517800 Uncommon trap: reason=unstable_if action=reinterpret pc=0x00000000055c363c method=java.security.CodeSource.matchCerts(Ljava/security/CodeSource;Z)Z @ 11
Event: 6.591 Thread 0x000000001d517800 Uncommon trap: reason=unstable_if action=reinterpret pc=0x0000000005d1cf68 method=org.objectweb.asm.ByteVector.putUTF8(Ljava/lang/String;)Lorg/objectweb/asm/ByteVector; @ 93
Event: 6.716 Thread 0x000000001d517800 Uncommon trap: reason=unstable_if action=reinterpret pc=0x0000000005b39a70 method=org.objectweb.asm.ByteVector.putUTF8(Ljava/lang/String;)Lorg/objectweb/asm/ByteVector; @ 93

Classes redefined (0 events):
No events

Internal exceptions (10 events):
Event: 5.566 Thread 0x000000001d517800 Exception <a 'java/lang/ClassNotFoundException': org/gradle/api/internal/plugins/DefaultObjectConfigurationActionBeanInfo> (0x00000000e30fd630) thrown at [D:\src\AOSP-openjdk-cygwin\jdk8u\hotspot\src\share\vm\classfile\systemDictionary.cpp, line 210]
Event: 5.567 Thread 0x000000001d517800 Exception <a 'java/lang/ClassNotFoundException': org/gradle/api/internal/plugins/DefaultObjectConfigurationActionCustomizer> (0x00000000e313a850) thrown at [D:\src\AOSP-openjdk-cygwin\jdk8u\hotspot\src\share\vm\classfile\systemDictionary.cpp, line 210]
Event: 5.856 Thread 0x000000001d517800 Implicit null exception at 0x0000000005f6f5ca to 0x0000000005f73291
Event: 5.857 Thread 0x000000001d517800 Implicit null exception at 0x0000000005e5c415 to 0x0000000005e5c6fd
Event: 5.949 Thread 0x000000001d517800 Exception <a 'sun/nio/fs/WindowsException'> (0x00000000e0fd4be8) thrown at [D:\src\AOSP-openjdk-cygwin\jdk8u\hotspot\src\share\vm\prims\jni.cpp, line 710]
Event: 6.405 Thread 0x000000001d517800 Implicit null exception at 0x0000000005639d28 to 0x000000000563a241
Event: 6.735 Thread 0x000000001d517800 Exception <a 'java/lang/ClassNotFoundException': com/android/build/gradle/internal/api/DefaultAndroidSourceSet_DecoratedBeanInfo> (0x00000000e4b05e58) thrown at [D:\src\AOSP-openjdk-cygwin\jdk8u\hotspot\src\share\vm\classfile\systemDictionary.cpp, line 21
Event: 6.735 Thread 0x000000001d517800 Exception <a 'java/lang/ClassNotFoundException': com/android/build/gradle/internal/api/DefaultAndroidSourceSetBeanInfo> (0x00000000e4b21fa0) thrown at [D:\src\AOSP-openjdk-cygwin\jdk8u\hotspot\src\share\vm\classfile\systemDictionary.cpp, line 210]
Event: 6.736 Thread 0x000000001d517800 Exception <a 'java/lang/ClassNotFoundException': com/android/build/gradle/internal/api/DefaultAndroidSourceSetCustomizer> (0x00000000e4b3e3e0) thrown at [D:\src\AOSP-openjdk-cygwin\jdk8u\hotspot\src\share\vm\classfile\systemDictionary.cpp, line 210]
Event: 6.739 Thread 0x000000001d517800 Exception <a 'java/lang/ClassNotFoundException': com/android/build/gradle/internal/api/DefaultAndroidSourceSet_DecoratedCustomizer> (0x00000000e4baba68) thrown at [D:\src\AOSP-openjdk-cygwin\jdk8u\hotspot\src\share\vm\classfile\systemDictionary.cpp, line 

Events (10 events):
Event: 6.888 loading class java/util/concurrent/ConcurrentNavigableMap
Event: 6.888 loading class java/util/concurrent/ConcurrentNavigableMap done
Event: 6.888 loading class com/google/gson/internal/ConstructorConstructor$13
Event: 6.888 loading class com/google/gson/internal/ConstructorConstructor$13 done
Event: 6.889 loading class com/android/tools/build/jetifier/core/type/TypesMap
Event: 6.889 loading class com/android/tools/build/jetifier/core/type/TypesMap done
Event: 6.890 loading class com/google/gson/internal/ConstructorConstructor$11
Event: 6.890 loading class com/google/gson/internal/ConstructorConstructor$11 done
Event: 6.890 loading class com/android/tools/build/jetifier/core/proguard/ProGuardTypesMap
Event: 6.890 loading class com/android/tools/build/jetifier/core/proguard/ProGuardTypesMap done


Dynamic libraries:
0x00007ff6bbff0000 - 0x00007ff6bc021000 	C:\Program Files\Android\Android Studio\jre\bin\java.exe
0x00007fff8c4a0000 - 0x00007fff8c680000 	C:\WINDOWS\SYSTEM32\ntdll.dll
0x00007fff89f40000 - 0x00007fff89fee000 	C:\WINDOWS\System32\KERNEL32.DLL
0x00007fff88de0000 - 0x00007fff89046000 	C:\WINDOWS\System32\KERNELBASE.dll
0x00007fff8bc60000 - 0x00007fff8bd01000 	C:\WINDOWS\System32\ADVAPI32.dll
0x00007fff8c2e0000 - 0x00007fff8c37d000 	C:\WINDOWS\System32\msvcrt.dll
0x00007fff8b8e0000 - 0x00007fff8b93b000 	C:\WINDOWS\System32\sechost.dll
0x00007fff8bb40000 - 0x00007fff8bc5f000 	C:\WINDOWS\System32\RPCRT4.dll
0x00007fff89db0000 - 0x00007fff89f3f000 	C:\WINDOWS\System32\USER32.dll
0x00007fff89100000 - 0x00007fff89120000 	C:\WINDOWS\System32\win32u.dll
0x00007fff8b8b0000 - 0x00007fff8b8d8000 	C:\WINDOWS\System32\GDI32.dll
0x00007fff88920000 - 0x00007fff88ab3000 	C:\WINDOWS\System32\gdi32full.dll
0x00007fff89120000 - 0x00007fff891bb000 	C:\WINDOWS\System32\msvcp_win.dll
0x00007fff88ce0000 - 0x00007fff88dd4000 	C:\WINDOWS\System32\ucrtbase.dll
0x00007fff746e0000 - 0x00007fff74949000 	C:\WINDOWS\WinSxS\amd64_microsoft.windows.common-controls_6595b64144ccf1df_6.0.16299.1364_none_0f8eb80e5a670b19\COMCTL32.dll
0x00007fff89ff0000 - 0x00007fff8a2f6000 	C:\WINDOWS\System32\combase.dll
0x00007fff888a0000 - 0x00007fff88918000 	C:\WINDOWS\System32\bcryptPrimitives.dll
0x00007fff89c10000 - 0x00007fff89c3d000 	C:\WINDOWS\System32\IMM32.DLL
0x00007fff66810000 - 0x00007fff668bf000 	C:\Program Files\McAfee\Endpoint Security\Threat Prevention\Ips\EpMPApi.dll
0x00007fff89910000 - 0x00007fff89969000 	C:\WINDOWS\System32\WINTRUST.dll
0x00007fff88810000 - 0x00007fff88822000 	C:\WINDOWS\System32\MSASN1.dll
0x00007fff88ac0000 - 0x00007fff88c8e000 	C:\WINDOWS\System32\CRYPT32.dll
0x00000000745c0000 - 0x00000000745cc000 	C:\Program Files\McAfee\Endpoint Security\Threat Prevention\Ips\EpMPThe.dll
0x00007fff7a570000 - 0x00007fff7a58b000 	C:\Program Files\McAfee\Endpoint Security\Threat Prevention\Ips\HIPHandlers64.dll
0x00007fff8bae0000 - 0x00007fff8bb31000 	C:\WINDOWS\System32\SHLWAPI.dll
0x00000000737d0000 - 0x00000000738a2000 	C:\Program Files\Android\Android Studio\jre\jre\bin\msvcr100.dll
0x0000000072130000 - 0x0000000072976000 	C:\Program Files\Android\Android Studio\jre\jre\bin\server\jvm.dll
0x00007fff8c400000 - 0x00007fff8c408000 	C:\WINDOWS\System32\PSAPI.DLL
0x00007fff7a3c0000 - 0x00007fff7a3c9000 	C:\WINDOWS\SYSTEM32\WSOCK32.dll
0x00007fff79ae0000 - 0x00007fff79aea000 	C:\WINDOWS\SYSTEM32\VERSION.dll
0x00007fff83c80000 - 0x00007fff83ca3000 	C:\WINDOWS\SYSTEM32\WINMM.dll
0x00007fff8bd70000 - 0x00007fff8bddc000 	C:\WINDOWS\System32\WS2_32.dll
0x00007fff83c50000 - 0x00007fff83c7a000 	C:\WINDOWS\SYSTEM32\winmmbase.dll
0x00007fff88c90000 - 0x00007fff88cda000 	C:\WINDOWS\System32\cfgmgr32.dll
0x00007fff84ae0000 - 0x00007fff84aef000 	C:\Program Files\Android\Android Studio\jre\jre\bin\verify.dll
0x00007fff79b80000 - 0x00007fff79ba9000 	C:\Program Files\Android\Android Studio\jre\jre\bin\java.dll
0x00007fff79b60000 - 0x00007fff79b76000 	C:\Program Files\Android\Android Studio\jre\jre\bin\zip.dll
0x00007fff8a300000 - 0x00007fff8b73c000 	C:\WINDOWS\System32\SHELL32.dll
0x00007fff8c230000 - 0x00007fff8c2d6000 	C:\WINDOWS\System32\shcore.dll
0x00007fff891c0000 - 0x00007fff89907000 	C:\WINDOWS\System32\windows.storage.dll
0x00007fff887f0000 - 0x00007fff88801000 	C:\WINDOWS\System32\kernel.appcore.dll
0x00007fff88850000 - 0x00007fff8889c000 	C:\WINDOWS\System32\powrprof.dll
0x00007fff88830000 - 0x00007fff8884b000 	C:\WINDOWS\System32\profapi.dll
0x00007fff79b40000 - 0x00007fff79b5a000 	C:\Program Files\Android\Android Studio\jre\jre\bin\net.dll
0x00007fff88080000 - 0x00007fff880e6000 	C:\WINDOWS\system32\mswsock.dll
0x00007fff73ee0000 - 0x00007fff73ef1000 	C:\Program Files\Android\Android Studio\jre\jre\bin\nio.dll
0x00007fff660a0000 - 0x00007fff660c6000 	C:\Users\s987216\.gradle\native\29\windows-amd64\native-platform.dll
0x00007fff84a80000 - 0x00007fff84a8d000 	C:\Program Files\Android\Android Studio\jre\jre\bin\management.dll
0x00007fff88240000 - 0x00007fff88257000 	C:\WINDOWS\SYSTEM32\CRYPTSP.dll
0x00007fff87c40000 - 0x00007fff87c73000 	C:\WINDOWS\system32\rsaenh.dll
0x00007fff88350000 - 0x00007fff88375000 	C:\WINDOWS\SYSTEM32\bcrypt.dll
0x00007fff886f0000 - 0x00007fff88719000 	C:\WINDOWS\SYSTEM32\USERENV.dll
0x00007fff88260000 - 0x00007fff8826b000 	C:\WINDOWS\SYSTEM32\CRYPTBASE.dll
0x00007fff87dd0000 - 0x00007fff87e09000 	C:\WINDOWS\SYSTEM32\IPHLPAPI.DLL
0x00007fff89970000 - 0x00007fff89978000 	C:\WINDOWS\System32\NSI.dll
0x00007fff83c30000 - 0x00007fff83c46000 	C:\WINDOWS\SYSTEM32\dhcpcsvc6.DLL
0x00007fff83ba0000 - 0x00007fff83bba000 	C:\WINDOWS\SYSTEM32\dhcpcsvc.DLL

VM Arguments:
jvm_args: -Xmx1536m -Dfile.encoding=windows-1252 -Duser.country=ZA -Duser.language=en -Duser.variant 
java_command: org.gradle.launcher.daemon.bootstrap.GradleDaemon 5.4.1
java_class_path (initial): C:\Users\s987216\.gradle\wrapper\dists\gradle-5.4.1-all\3221gyojl5jsh0helicew7rwx\gradle-5.4.1\lib\gradle-launcher-5.4.1.jar
Launcher Type: SUN_STANDARD

Environment Variables:
JAVA_HOME=C:\Program Files\Java\jdk1.8.0_131
PATH=C:\Program Files (x86)\Common Files\Oracle\Java\javapath;C:\WINDOWS\system32;C:\WINDOWS;C:\WINDOWS\System32\Wbem;C:\WINDOWS\System32\WindowsPowerShell\v1.0\;C:\Program Files\dotnet\;C:\Program Files\Microsoft SQL Server\130\Tools\Binn\;C:\Program Files\Microsoft SQL Server\Client SDK\ODBC\170\Tools\Binn\;C:\Program Files\MySQL\MySQL Utilities 1.6\;C:\Users\s987216\AppData\Local\Android\Sdk\platform-tools;C:\Users\s987216\AppData\Local\Android\Sdk\tools;C:\Users\s987216\AppData\Local\Android\Sdk\tools\bin;C:\Program Files\apache-maven-3.6.1\bin;C:\Program Files\nodejs\;C:\Users\s987216\AppData\Local\Microsoft\WindowsApps;C:\Users\s987216\AppData\Roaming\npm;C:\Program Files\JetBrains\IntelliJ IDEA Community Edition 2019.2\bin;
USERNAME=S987216
OS=Windows_NT
PROCESSOR_IDENTIFIER=Intel64 Family 6 Model 142 Stepping 10, GenuineIntel



---------------  S Y S T E M  ---------------

OS: Windows 10.0 , 64 bit Build 16299 (10.0.16299.1146)

CPU:total 8 (initial active 8) (4 cores per cpu, 2 threads per core) family 6 model 142 stepping 10, cmov, cx8, fxsr, mmx, sse, sse2, sse3, ssse3, sse4.1, sse4.2, popcnt, avx, avx2, aes, clmul, erms, 3dnowpref, lzcnt, ht, tsc, tscinvbit, bmi1, bmi2, adx

Memory: 4k page, physical 16669144k(3703296k free), swap 20253144k(6268k free)

vm_info: OpenJDK 64-Bit Server VM (25.202-b03) for windows-amd64 JRE (1.8.0_202-release-1483-b03), built by "builder" with MS VC++ 10.0 (VS2010)

time: Fri Sep 27 10:05:04 2019
timezone: South Africa Standard Time
elapsed time: 6 seconds (0d 0h 0m 6s)

