#
# There is insufficient memory for the Java Runtime Environment to continue.
# Native memory allocation (malloc) failed to allocate 714096 bytes for Chunk::new
# Possible reasons:
#   The system is out of physical RAM or swap space
#   The process is running with CompressedOops enabled, and the Java Heap may be blocking the growth of the native heap
# Possible solutions:
#   Reduce memory load on the system
#   Increase physical memory or swap space
#   Check if swap backing store is full
#   Decrease Java heap size (-Xmx/-Xms)
#   Decrease number of Java threads
#   Decrease Java thread stack sizes (-Xss)
#   Set larger code cache with -XX:ReservedCodeCacheSize=
#   JVM is running with Unscaled Compressed Oops mode in which the Java heap is
#     placed in the first 4GB address space. The Java Heap base address is the
#     maximum limit for the native heap growth. Please use -XX:HeapBaseMinAddress
#     to set the Java Heap base and to place the Java Heap above 4GB virtual address.
# This output file may be truncated or incomplete.
#
#  Out of Memory Error (allocation.cpp:389), pid=11040, tid=0x0000000000000c10
#
# JRE version: OpenJDK Runtime Environment (8.0_202-b03) (build 1.8.0_202-release-1483-b03)
# Java VM: OpenJDK 64-Bit Server VM (25.202-b03 mixed mode windows-amd64 compressed oops)
# Failed to write core dump. Minidumps are not enabled by default on client versions of Windows
#

---------------  T H R E A D  ---------------

Current thread (0x000000001a551000):  JavaThread "C2 CompilerThread1" daemon [_thread_in_native, id=3088, stack(0x000000001af10000,0x000000001b010000)]

Stack: [0x000000001af10000,0x000000001b010000]
[error occurred during error reporting (printing stack bounds), id 0xc0000005]

Native frames: (J=compiled Java code, j=interpreted, Vv=VM code, C=native code)


Current CompileTask:
C2:   3041 1429   !   4       java.net.URLClassLoader$1::run (63 bytes)


---------------  P R O C E S S  ---------------

Java Threads: ( => current thread )
  0x000000001c99c000 JavaThread "Cache worker for file hash cache (C:\Users\s987216\AndroidStudioProjects\Gruv\.gradle\5.4.1\fileHashes)" [_thread_blocked, id=19496, stack(0x0000000021540000,0x0000000021640000)]
  0x000000001c99b000 JavaThread "Cache worker for journal cache (C:\Users\s987216\.gradle\caches\journal-1)" [_thread_blocked, id=21080, stack(0x000000001f0a0000,0x000000001f1a0000)]
  0x000000001c998800 JavaThread "File lock request listener" [_thread_in_native, id=14900, stack(0x000000001efa0000,0x000000001f0a0000)]
  0x000000001c90e000 JavaThread "Cache worker for file hash cache (C:\Users\s987216\.gradle\caches\5.4.1\fileHashes)" [_thread_blocked, id=22120, stack(0x000000001eea0000,0x000000001efa0000)]
  0x000000001c958800 JavaThread "Thread-9" [_thread_blocked, id=316, stack(0x000000001ddd0000,0x000000001ded0000)]
  0x000000001c958000 JavaThread "Stdin handler" [_thread_blocked, id=17504, stack(0x000000001dcd0000,0x000000001ddd0000)]
  0x000000001c940000 JavaThread "Asynchronous log dispatcher for DefaultDaemonConnection: socket connection from /127.0.0.1:58192 to /127.0.0.1:58193" [_thread_blocked, id=2628, stack(0x000000001dad0000,0x000000001dbd0000)]
  0x000000001c8c7800 JavaThread "Daemon worker" [_thread_in_Java, id=19964, stack(0x000000001d9d0000,0x000000001dad0000)]
  0x000000001c8c6800 JavaThread "Cancel handler" [_thread_blocked, id=8660, stack(0x000000001d8d0000,0x000000001d9d0000)]
  0x000000001c8ba000 JavaThread "Handler for socket connection from /127.0.0.1:58192 to /127.0.0.1:58193" [_thread_in_native, id=18848, stack(0x000000001d5d0000,0x000000001d6d0000)]
  0x000000001c8b7800 JavaThread "Daemon" [_thread_blocked, id=15324, stack(0x000000001d4d0000,0x000000001d5d0000)]
  0x000000001c851800 JavaThread "Daemon periodic checks" [_thread_blocked, id=6848, stack(0x000000001d3d0000,0x000000001d4d0000)]
  0x000000001c842000 JavaThread "Incoming local TCP Connector on port 58192" [_thread_in_native, id=5060, stack(0x000000001cee0000,0x000000001cfe0000)]
  0x000000001c46d000 JavaThread "Daemon health stats" [_thread_blocked, id=22008, stack(0x000000001cbe0000,0x000000001cce0000)]
  0x000000001a5ea000 JavaThread "Service Thread" daemon [_thread_blocked, id=21716, stack(0x000000001b210000,0x000000001b310000)]
  0x000000001873c000 JavaThread "C1 CompilerThread3" daemon [_thread_blocked, id=3744, stack(0x000000001b110000,0x000000001b210000)]
  0x000000001a556000 JavaThread "C2 CompilerThread2" daemon [_thread_in_native, id=12316, stack(0x000000001b010000,0x000000001b110000)]
=>0x000000001a551000 JavaThread "C2 CompilerThread1" daemon [_thread_in_native, id=3088, stack(0x000000001af10000,0x000000001b010000)]
  0x000000001a54e000 JavaThread "C2 CompilerThread0" daemon [_thread_blocked, id=16748, stack(0x000000001ae10000,0x000000001af10000)]
  0x000000001a54c800 JavaThread "Attach Listener" daemon [_thread_blocked, id=19452, stack(0x000000001ad10000,0x000000001ae10000)]
  0x000000001a54c000 JavaThread "Signal Dispatcher" daemon [_thread_blocked, id=6184, stack(0x000000001ac10000,0x000000001ad10000)]
  0x000000001a540800 JavaThread "Finalizer" daemon [_thread_blocked, id=19920, stack(0x000000001aa20000,0x000000001ab20000)]
  0x000000001872c800 JavaThread "Reference Handler" daemon [_thread_blocked, id=13832, stack(0x000000001a920000,0x000000001aa20000)]
  0x0000000002bce800 JavaThread "main" [_thread_blocked, id=17716, stack(0x00000000043a0000,0x00000000044a0000)]

Other Threads:
  0x0000000018726000 VMThread [stack: 0x000000001a420000,0x000000001a520000] [id=13280]
  0x000000001a5eb000 WatcherThread [stack: 0x000000001b310000,0x000000001b410000] [id=18552]

VM state:not at safepoint (normal execution)

VM Mutex/Monitor currently owned by a thread: None

heap address: 0x00000000a0000000, size: 1536 MB, Compressed Oops mode: 32-bit
Narrow klass base: 0x0000000000000000, Narrow klass shift: 3
Compressed class space size: 1073741824 Address: 0x0000000100000000

Heap:
 PSYoungGen      total 76288K, used 26844K [0x00000000e0000000, 0x00000000e5500000, 0x0000000100000000)
  eden space 65536K, 25% used [0x00000000e0000000,0x00000000e1097d68,0x00000000e4000000)
  from space 10752K, 91% used [0x00000000e4a80000,0x00000000e541f560,0x00000000e5500000)
  to   space 10752K, 0% used [0x00000000e4000000,0x00000000e4000000,0x00000000e4a80000)
 ParOldGen       total 175104K, used 24K [0x00000000a0000000, 0x00000000aab00000, 0x00000000e0000000)
  object space 175104K, 0% used [0x00000000a0000000,0x00000000a0006000,0x00000000aab00000)
 Metaspace       used 16658K, capacity 17104K, committed 17408K, reserved 1064960K
  class space    used 2398K, capacity 2542K, committed 2560K, reserved 1048576K

Card table byte_map: [0x0000000013d30000,0x0000000014040000] byte_map_base: 0x0000000013830000

Marking Bits: (ParMarkBitMap*) 0x000000005adf9f30
 Begin Bits: [0x0000000014a40000, 0x0000000016240000)
 End Bits:   [0x0000000016240000, 0x0000000017a40000)

Polling page: 0x0000000002b80000

CodeCache: size=245760Kb used=5228Kb max_used=5236Kb free=240531Kb
 bounds [0x0000000004970000, 0x0000000004e90000, 0x0000000013970000]
 total_blobs=1923 nmethods=1526 adapters=310
 compilation: enabled

Compilation events (10 events):
Event: 3.027 Thread 0x000000001873c000 1524       3       org.gradle.internal.service.DefaultServiceRegistry$ManagedObjectServiceProvider::requiredBy (20 bytes)
Event: 3.027 Thread 0x000000001873c000 nmethod 1524 0x0000000004e8ab90 code [0x0000000004e8ad20, 0x0000000004e8b248]
Event: 3.027 Thread 0x000000001873c000 1525       3       org.gradle.internal.service.DefaultServiceRegistry$ManagedObjectServiceProvider::fromSameRegistry (27 bytes)
Event: 3.027 Thread 0x000000001873c000 nmethod 1525 0x0000000004e8a590 code [0x0000000004e8a700, 0x0000000004e8aad0]
Event: 3.028 Thread 0x000000001a54e000 1526       4       java.lang.ReflectiveOperationException::<init> (7 bytes)
Event: 3.030 Thread 0x000000001a54e000 nmethod 1526 0x0000000004e89e90 code [0x0000000004e89fe0, 0x0000000004e8a348]
Event: 3.032 Thread 0x000000001873c000 1527       3       java.util.concurrent.locks.AbstractQueuedSynchronizer::release (33 bytes)
Event: 3.033 Thread 0x000000001873c000 nmethod 1527 0x0000000004e8f710 code [0x0000000004e8f880, 0x0000000004e8fb98]
Event: 3.033 Thread 0x000000001873c000 1528       3       java.util.concurrent.locks.AbstractQueuedSynchronizer::compareAndSetState (13 bytes)
Event: 3.033 Thread 0x000000001873c000 nmethod 1528 0x0000000004e815d0 code [0x0000000004e81720, 0x0000000004e81890]

GC Heap History (4 events):
Event: 1.397 GC heap before
{Heap before GC invocations=1 (full 0):
 PSYoungGen      total 76288K, used 65536K [0x00000000e0000000, 0x00000000e5500000, 0x0000000100000000)
  eden space 65536K, 100% used [0x00000000e0000000,0x00000000e4000000,0x00000000e4000000)
  from space 10752K, 0% used [0x00000000e4a80000,0x00000000e4a80000,0x00000000e5500000)
  to   space 10752K, 0% used [0x00000000e4000000,0x00000000e4000000,0x00000000e4a80000)
 ParOldGen       total 175104K, used 0K [0x00000000a0000000, 0x00000000aab00000, 0x00000000e0000000)
  object space 175104K, 0% used [0x00000000a0000000,0x00000000a0000000,0x00000000aab00000)
 Metaspace       used 8541K, capacity 8806K, committed 8960K, reserved 1056768K
  class space    used 1100K, capacity 1173K, committed 1280K, reserved 1048576K
Event: 1.403 GC heap after
Heap after GC invocations=1 (full 0):
 PSYoungGen      total 76288K, used 6642K [0x00000000e0000000, 0x00000000e5500000, 0x0000000100000000)
  eden space 65536K, 0% used [0x00000000e0000000,0x00000000e0000000,0x00000000e4000000)
  from space 10752K, 61% used [0x00000000e4000000,0x00000000e467c950,0x00000000e4a80000)
  to   space 10752K, 0% used [0x00000000e4a80000,0x00000000e4a80000,0x00000000e5500000)
 ParOldGen       total 175104K, used 16K [0x00000000a0000000, 0x00000000aab00000, 0x00000000e0000000)
  object space 175104K, 0% used [0x00000000a0000000,0x00000000a0004000,0x00000000aab00000)
 Metaspace       used 8541K, capacity 8806K, committed 8960K, reserved 1056768K
  class space    used 1100K, capacity 1173K, committed 1280K, reserved 1048576K
}
Event: 2.815 GC heap before
{Heap before GC invocations=2 (full 0):
 PSYoungGen      total 76288K, used 72178K [0x00000000e0000000, 0x00000000e5500000, 0x0000000100000000)
  eden space 65536K, 100% used [0x00000000e0000000,0x00000000e4000000,0x00000000e4000000)
  from space 10752K, 61% used [0x00000000e4000000,0x00000000e467c950,0x00000000e4a80000)
  to   space 10752K, 0% used [0x00000000e4a80000,0x00000000e4a80000,0x00000000e5500000)
 ParOldGen       total 175104K, used 16K [0x00000000a0000000, 0x00000000aab00000, 0x00000000e0000000)
  object space 175104K, 0% used [0x00000000a0000000,0x00000000a0004000,0x00000000aab00000)
 Metaspace       used 15257K, capacity 15664K, committed 16000K, reserved 1062912K
  class space    used 2164K, capacity 2318K, committed 2432K, reserved 1048576K
Event: 2.828 GC heap after
Heap after GC invocations=2 (full 0):
 PSYoungGen      total 76288K, used 9853K [0x00000000e0000000, 0x00000000e5500000, 0x0000000100000000)
  eden space 65536K, 0% used [0x00000000e0000000,0x00000000e0000000,0x00000000e4000000)
  from space 10752K, 91% used [0x00000000e4a80000,0x00000000e541f560,0x00000000e5500000)
  to   space 10752K, 0% used [0x00000000e4000000,0x00000000e4000000,0x00000000e4a80000)
 ParOldGen       total 175104K, used 24K [0x00000000a0000000, 0x00000000aab00000, 0x00000000e0000000)
  object space 175104K, 0% used [0x00000000a0000000,0x00000000a0006000,0x00000000aab00000)
 Metaspace       used 15257K, capacity 15664K, committed 16000K, reserved 1062912K
  class space    used 2164K, capacity 2318K, committed 2432K, reserved 1048576K
}

Deoptimization events (10 events):
Event: 1.786 Thread 0x0000000002bce800 Uncommon trap: reason=unstable_if action=reinterpret pc=0x0000000004c96d48 method=java.io.WinNTFileSystem.normalize(Ljava/lang/String;II)Ljava/lang/String; @ 90
Event: 2.368 Thread 0x000000001c8ba000 Uncommon trap: reason=unstable_if action=reinterpret pc=0x0000000004d11f70 method=java.util.concurrent.ConcurrentHashMap.putVal(Ljava/lang/Object;Ljava/lang/Object;Z)Ljava/lang/Object; @ 206
Event: 2.427 Thread 0x000000001c8c7800 Uncommon trap: reason=bimorphic action=maybe_recompile pc=0x0000000004be6ba4 method=java.util.HashMap.putVal(ILjava/lang/Object;Ljava/lang/Object;ZZ)Ljava/lang/Object; @ 253
Event: 2.428 Thread 0x000000001c8c7800 Uncommon trap: reason=bimorphic action=maybe_recompile pc=0x0000000004be6ba4 method=java.util.HashMap.putVal(ILjava/lang/Object;Ljava/lang/Object;ZZ)Ljava/lang/Object; @ 253
Event: 2.428 Thread 0x000000001c8c7800 Uncommon trap: reason=bimorphic action=maybe_recompile pc=0x0000000004be6ba4 method=java.util.HashMap.putVal(ILjava/lang/Object;Ljava/lang/Object;ZZ)Ljava/lang/Object; @ 253
Event: 2.600 Thread 0x000000001c8c7800 Uncommon trap: reason=class_check action=maybe_recompile pc=0x0000000004c3b4d8 method=java.util.regex.Matcher.match(II)Z @ 86
Event: 2.611 Thread 0x000000001c8c7800 Uncommon trap: reason=class_check action=maybe_recompile pc=0x0000000004c3b4d8 method=java.util.regex.Matcher.match(II)Z @ 86
Event: 2.611 Thread 0x000000001c8c7800 Uncommon trap: reason=class_check action=maybe_recompile pc=0x0000000004c3b4d8 method=java.util.regex.Matcher.match(II)Z @ 86
Event: 2.612 Thread 0x000000001c8c7800 Uncommon trap: reason=class_check action=maybe_recompile pc=0x0000000004bff61c method=java.util.regex.Matcher.match(II)Z @ 86
Event: 2.793 Thread 0x000000001c8c7800 Uncommon trap: reason=unstable_if action=reinterpret pc=0x0000000004d095f4 method=java.lang.String.lastIndexOf([CII[CIII)I @ 66

Classes redefined (0 events):
No events

Internal exceptions (10 events):
Event: 1.436 Thread 0x0000000002bce800 Exception <a 'java/lang/NoSuchFieldError': method resolution failed> (0x00000000e03c31d0) thrown at [D:\src\AOSP-openjdk-cygwin\jdk8u\hotspot\src\share\vm\prims\methodHandles.cpp, line 1167]
Event: 1.437 Thread 0x0000000002bce800 Exception <a 'java/lang/NoSuchFieldError': method resolution failed> (0x00000000e03d0ef0) thrown at [D:\src\AOSP-openjdk-cygwin\jdk8u\hotspot\src\share\vm\prims\methodHandles.cpp, line 1167]
Event: 2.318 Thread 0x0000000002bce800 Exception <a 'java/io/IOException'> (0x00000000e0c54a50) thrown at [D:\src\AOSP-openjdk-cygwin\jdk8u\hotspot\src\share\vm\prims\jni.cpp, line 710]
Event: 2.369 Thread 0x000000001c8ba000 Exception <a 'java/lang/NoSuchMethodError': <clinit>> (0x00000000e0fd4990) thrown at [D:\src\AOSP-openjdk-cygwin\jdk8u\hotspot\src\share\vm\prims\jni.cpp, line 1614]
Event: 2.370 Thread 0x000000001c8ba000 Exception <a 'java/lang/NoSuchMethodError': <clinit>> (0x00000000e0fde740) thrown at [D:\src\AOSP-openjdk-cygwin\jdk8u\hotspot\src\share\vm\prims\jni.cpp, line 1614]
Event: 2.372 Thread 0x000000001c8ba000 Exception <a 'java/lang/NoSuchMethodError': <clinit>> (0x00000000e0ff2920) thrown at [D:\src\AOSP-openjdk-cygwin\jdk8u\hotspot\src\share\vm\prims\jni.cpp, line 1614]
Event: 2.382 Thread 0x000000001c8ba000 Exception <a 'java/lang/NoSuchMethodError': <clinit>> (0x00000000e104d860) thrown at [D:\src\AOSP-openjdk-cygwin\jdk8u\hotspot\src\share\vm\prims\jni.cpp, line 1614]
Event: 2.389 Thread 0x000000001c8ba000 Exception <a 'java/lang/NoSuchMethodError': <clinit>> (0x00000000e10853c8) thrown at [D:\src\AOSP-openjdk-cygwin\jdk8u\hotspot\src\share\vm\prims\jni.cpp, line 1614]
Event: 2.395 Thread 0x000000001c8ba000 Exception <a 'java/lang/NoSuchMethodError': <clinit>> (0x00000000e10bb2b8) thrown at [D:\src\AOSP-openjdk-cygwin\jdk8u\hotspot\src\share\vm\prims\jni.cpp, line 1614]
Event: 2.396 Thread 0x000000001c8ba000 Exception <a 'java/lang/NoSuchMethodError': <clinit>> (0x00000000e10c6d20) thrown at [D:\src\AOSP-openjdk-cygwin\jdk8u\hotspot\src\share\vm\prims\jni.cpp, line 1614]

Events (10 events):
Event: 3.028 loading class org/gradle/scripts/ScriptingLanguage done
Event: 3.028 loading class org/gradle/internal/scripts/ScriptingLanguages$1
Event: 3.028 loading class org/gradle/internal/scripts/ScriptingLanguages$1 done
Event: 3.029 loading class org/gradle/initialization/layout/BuildLayout
Event: 3.029 loading class org/gradle/initialization/layout/BuildLayout done
Event: 3.029 loading class org/gradle/initialization/SettingsLocation
Event: 3.029 loading class org/gradle/initialization/SettingsLocation done
Event: 3.033 Thread 0x000000001c99c000 Thread added: 0x000000001c99c000
Event: 3.036 loading class org/gradle/api/internal/changedetection/state/SplitFileHasher
Event: 3.036 loading class org/gradle/api/internal/changedetection/state/SplitFileHasher done


Dynamic libraries:
0x00007ff6f6c90000 - 0x00007ff6f6cc1000 	C:\Program Files\Android\Android Studio\jre\bin\java.exe
0x00007ffec7130000 - 0x00007ffec7310000 	C:\WINDOWS\SYSTEM32\ntdll.dll
0x00007ffec5f90000 - 0x00007ffec603e000 	C:\WINDOWS\System32\KERNEL32.DLL
0x00007ffec3ed0000 - 0x00007ffec4136000 	C:\WINDOWS\System32\KERNELBASE.dll
0x00007ffec5dc0000 - 0x00007ffec5e61000 	C:\WINDOWS\System32\ADVAPI32.dll
0x00007ffec6a30000 - 0x00007ffec6acd000 	C:\WINDOWS\System32\msvcrt.dll
0x00007ffec6ad0000 - 0x00007ffec6b2b000 	C:\WINDOWS\System32\sechost.dll
0x00007ffec5e70000 - 0x00007ffec5f8f000 	C:\WINDOWS\System32\RPCRT4.dll
0x00007ffec6810000 - 0x00007ffec699f000 	C:\WINDOWS\System32\USER32.dll
0x00007ffec4240000 - 0x00007ffec4260000 	C:\WINDOWS\System32\win32u.dll
0x00007ffec6b30000 - 0x00007ffec6b58000 	C:\WINDOWS\System32\GDI32.dll
0x00007ffec4260000 - 0x00007ffec43f3000 	C:\WINDOWS\System32\gdi32full.dll
0x00007ffec4510000 - 0x00007ffec45ab000 	C:\WINDOWS\System32\msvcp_win.dll
0x00007ffec4140000 - 0x00007ffec4234000 	C:\WINDOWS\System32\ucrtbase.dll
0x00007ffeae440000 - 0x00007ffeae6a9000 	C:\WINDOWS\WinSxS\amd64_microsoft.windows.common-controls_6595b64144ccf1df_6.0.16299.1364_none_0f8eb80e5a670b19\COMCTL32.dll
0x00007ffec6500000 - 0x00007ffec6806000 	C:\WINDOWS\System32\combase.dll
0x00007ffec3e50000 - 0x00007ffec3ec8000 	C:\WINDOWS\System32\bcryptPrimitives.dll
0x00007ffec6100000 - 0x00007ffec612d000 	C:\WINDOWS\System32\IMM32.DLL
0x00007ffebdd20000 - 0x00007ffebddcf000 	C:\Program Files\McAfee\Endpoint Security\Threat Prevention\Ips\EpMPApi.dll
0x00007ffec44b0000 - 0x00007ffec4509000 	C:\WINDOWS\System32\WINTRUST.dll
0x00007ffec3510000 - 0x00007ffec3522000 	C:\WINDOWS\System32\MSASN1.dll
0x00007ffec3c80000 - 0x00007ffec3e4e000 	C:\WINDOWS\System32\CRYPT32.dll
0x000000005b7c0000 - 0x000000005b7cc000 	C:\Program Files\McAfee\Endpoint Security\Threat Prevention\Ips\EpMPThe.dll
0x00007ffe8d5c0000 - 0x00007ffe8d5db000 	C:\Program Files\McAfee\Endpoint Security\Threat Prevention\Ips\HIPHandlers64.dll
0x00007ffec69c0000 - 0x00007ffec6a11000 	C:\WINDOWS\System32\SHLWAPI.dll
0x000000005a550000 - 0x000000005a622000 	C:\Program Files\Android\Android Studio\jre\jre\bin\msvcr100.dll
0x000000005a630000 - 0x000000005ae76000 	C:\Program Files\Android\Android Studio\jre\jre\bin\server\jvm.dll
0x00007ffec6a20000 - 0x00007ffec6a28000 	C:\WINDOWS\System32\PSAPI.DLL
0x00007ffeb8eb0000 - 0x00007ffeb8eba000 	C:\WINDOWS\SYSTEM32\VERSION.dll
0x00007ffeb9130000 - 0x00007ffeb9139000 	C:\WINDOWS\SYSTEM32\WSOCK32.dll
0x00007ffebf7f0000 - 0x00007ffebf813000 	C:\WINDOWS\SYSTEM32\WINMM.dll
0x00007ffec61d0000 - 0x00007ffec623c000 	C:\WINDOWS\System32\WS2_32.dll
0x00007ffebf7a0000 - 0x00007ffebf7ca000 	C:\WINDOWS\SYSTEM32\winmmbase.dll
0x00007ffec45b0000 - 0x00007ffec45fa000 	C:\WINDOWS\System32\cfgmgr32.dll
0x00007ffea7b40000 - 0x00007ffea7b4f000 	C:\Program Files\Android\Android Studio\jre\jre\bin\verify.dll
0x00007ffea7af0000 - 0x00007ffea7b19000 	C:\Program Files\Android\Android Studio\jre\jre\bin\java.dll
0x00007ffea7000000 - 0x00007ffea7016000 	C:\Program Files\Android\Android Studio\jre\jre\bin\zip.dll
0x00007ffec4920000 - 0x00007ffec5d5c000 	C:\WINDOWS\System32\SHELL32.dll
0x00007ffec6050000 - 0x00007ffec60f6000 	C:\WINDOWS\System32\shcore.dll
0x00007ffec3530000 - 0x00007ffec3c77000 	C:\WINDOWS\System32\windows.storage.dll
0x00007ffec34a0000 - 0x00007ffec34b1000 	C:\WINDOWS\System32\kernel.appcore.dll
0x00007ffec34c0000 - 0x00007ffec350c000 	C:\WINDOWS\System32\powrprof.dll
0x00007ffec3480000 - 0x00007ffec349b000 	C:\WINDOWS\System32\profapi.dll
0x00007ffea2130000 - 0x00007ffea214a000 	C:\Program Files\Android\Android Studio\jre\jre\bin\net.dll
0x00007ffec2cb0000 - 0x00007ffec2d16000 	C:\WINDOWS\system32\mswsock.dll
0x00007ffea20e0000 - 0x00007ffea20f1000 	C:\Program Files\Android\Android Studio\jre\jre\bin\nio.dll
0x00007ffe9c8b0000 - 0x00007ffe9c8d6000 	C:\Users\s987216\.gradle\native\29\windows-amd64\native-platform.dll
0x00007ffea6ef0000 - 0x00007ffea6efd000 	C:\Program Files\Android\Android Studio\jre\jre\bin\management.dll
0x00007ffec2e70000 - 0x00007ffec2e87000 	C:\WINDOWS\SYSTEM32\CRYPTSP.dll
0x00007ffec2870000 - 0x00007ffec28a3000 	C:\WINDOWS\system32\rsaenh.dll
0x00007ffec2fe0000 - 0x00007ffec3005000 	C:\WINDOWS\SYSTEM32\bcrypt.dll
0x00007ffec33b0000 - 0x00007ffec33d9000 	C:\WINDOWS\SYSTEM32\USERENV.dll
0x00007ffec2e90000 - 0x00007ffec2e9b000 	C:\WINDOWS\SYSTEM32\CRYPTBASE.dll
0x00007ffec2a00000 - 0x00007ffec2a39000 	C:\WINDOWS\SYSTEM32\IPHLPAPI.DLL
0x00007ffec6040000 - 0x00007ffec6048000 	C:\WINDOWS\System32\NSI.dll
0x00007ffebe520000 - 0x00007ffebe536000 	C:\WINDOWS\SYSTEM32\dhcpcsvc6.DLL
0x00007ffebe2f0000 - 0x00007ffebe30a000 	C:\WINDOWS\SYSTEM32\dhcpcsvc.DLL

VM Arguments:
jvm_args: -Xmx1536m -Dfile.encoding=windows-1252 -Duser.country=ZA -Duser.language=en -Duser.variant 
java_command: org.gradle.launcher.daemon.bootstrap.GradleDaemon 5.4.1
java_class_path (initial): C:\Users\s987216\.gradle\wrapper\dists\gradle-5.4.1-all\3221gyojl5jsh0helicew7rwx\gradle-5.4.1\lib\gradle-launcher-5.4.1.jar
Launcher Type: SUN_STANDARD

Environment Variables:
JAVA_HOME=C:\Program Files\Java\jdk1.8.0_131
PATH=C:\Program Files (x86)\Common Files\Oracle\Java\javapath;C:\WINDOWS\system32;C:\WINDOWS;C:\WINDOWS\System32\Wbem;C:\WINDOWS\System32\WindowsPowerShell\v1.0\;C:\Program Files\dotnet\;C:\Program Files\Microsoft SQL Server\130\Tools\Binn\;C:\Program Files\Microsoft SQL Server\Client SDK\ODBC\170\Tools\Binn\;C:\Program Files\MySQL\MySQL Utilities 1.6\;C:\Users\s987216\AppData\Local\Android\Sdk\platform-tools;C:\Users\s987216\AppData\Local\Android\Sdk\tools;C:\Users\s987216\AppData\Local\Android\Sdk\tools\bin;C:\Program Files\apache-maven-3.6.1\bin;C:\Program Files\nodejs\;C:\Users\s987216\AppData\Local\Microsoft\WindowsApps;C:\Users\s987216\AppData\Roaming\npm;C:\Program Files\JetBrains\IntelliJ IDEA Community Edition 2019.2\bin;
USERNAME=s987216
OS=Windows_NT
PROCESSOR_IDENTIFIER=Intel64 Family 6 Model 142 Stepping 10, GenuineIntel



---------------  S Y S T E M  ---------------

OS: Windows 10.0 , 64 bit Build 16299 (10.0.16299.1146)

CPU:total 8 (initial active 8) (4 cores per cpu, 2 threads per core) family 6 model 142 stepping 10, cmov, cx8, fxsr, mmx, sse, sse2, sse3, ssse3, sse4.1, sse4.2, popcnt, avx, avx2, aes, clmul, erms, 3dnowpref, lzcnt, ht, tsc, tscinvbit, bmi1, bmi2, adx

Memory: 4k page, physical 16669144k(3475796k free), swap 20253144k(4704k free)

vm_info: OpenJDK 64-Bit Server VM (25.202-b03) for windows-amd64 JRE (1.8.0_202-release-1483-b03), built by "builder" with MS VC++ 10.0 (VS2010)

time: Fri Sep 20 14:37:28 2019
timezone: South Africa Standard Time
elapsed time: 3 seconds (0d 0h 0m 3s)

