#
# There is insufficient memory for the Java Runtime Environment to continue.
# Native memory allocation (malloc) failed to allocate 32744 bytes for ChunkPool::allocate
# Possible reasons:
#   The system is out of physical RAM or swap space
#   The process is running with CompressedOops enabled, and the Java Heap may be blocking the growth of the native heap
# Possible solutions:
#   Reduce memory load on the system
#   Increase physical memory or swap space
#   Check if swap backing store is full
#   Decrease Java heap size (-Xmx/-Xms)
#   Decrease number of Java threads
#   Decrease Java thread stack sizes (-Xss)
#   Set larger code cache with -XX:ReservedCodeCacheSize=
#   JVM is running with Unscaled Compressed Oops mode in which the Java heap is
#     placed in the first 4GB address space. The Java Heap base address is the
#     maximum limit for the native heap growth. Please use -XX:HeapBaseMinAddress
#     to set the Java Heap base and to place the Java Heap above 4GB virtual address.
# This output file may be truncated or incomplete.
#
#  Out of Memory Error (allocation.cpp:272), pid=27124, tid=0x0000000000003d60
#
# JRE version: OpenJDK Runtime Environment (8.0_202-b03) (build 1.8.0_202-release-1483-b03)
# Java VM: OpenJDK 64-Bit Server VM (25.202-b03 mixed mode windows-amd64 compressed oops)
# Failed to write core dump. Minidumps are not enabled by default on client versions of Windows
#

---------------  T H R E A D  ---------------

Current thread (0x000000001937a800):  JavaThread "C2 CompilerThread2" daemon [_thread_in_vm, id=15712, stack(0x000000001bc60000,0x000000001bd60000)]

Stack: [0x000000001bc60000,0x000000001bd60000]
[error occurred during error reporting (printing stack bounds), id 0xc0000005]

Native frames: (J=compiled Java code, j=interpreted, Vv=VM code, C=native code)


Current CompileTask:
C2:  58594 1998   !   4       sun.misc.URLClassPath$JarLoader::getResource (85 bytes)


---------------  P R O C E S S  ---------------

Java Threads: ( => current thread )
  0x000000001d430000 JavaThread "Cache worker for file hash cache (C:\Users\s987216\AndroidStudioProjects\Gruv\.gradle\5.4.1\fileHashes)" [_thread_blocked, id=27936, stack(0x00000000211c0000,0x00000000212c0000)]
  0x000000001d42d000 JavaThread "Cache worker for journal cache (C:\Users\s987216\.gradle\caches\journal-1)" [_thread_blocked, id=14124, stack(0x000000001ef20000,0x000000001f020000)]
  0x000000001d42a000 JavaThread "File lock request listener" [_thread_in_native, id=26652, stack(0x000000001ec20000,0x000000001ed20000)]
  0x000000001d42e800 JavaThread "Cache worker for file hash cache (C:\Users\s987216\.gradle\caches\5.4.1\fileHashes)" [_thread_blocked, id=29184, stack(0x000000001eb20000,0x000000001ec20000)]
  0x000000001cd8c800 JavaThread "Thread-9" [_thread_blocked, id=15504, stack(0x000000001ea20000,0x000000001eb20000)]
  0x000000001cd8c000 JavaThread "Stdin handler" [_thread_blocked, id=28884, stack(0x000000001e920000,0x000000001ea20000)]
  0x000000001cd8b000 JavaThread "Asynchronous log dispatcher for DefaultDaemonConnection: socket connection from /127.0.0.1:51184 to /127.0.0.1:51185" [_thread_blocked, id=13288, stack(0x000000001e720000,0x000000001e820000)]
  0x000000001cd53000 JavaThread "Daemon worker" [_thread_in_vm, id=22156, stack(0x000000001e620000,0x000000001e720000)]
  0x000000001cd52000 JavaThread "Cancel handler" [_thread_blocked, id=21240, stack(0x000000001e520000,0x000000001e620000)]
  0x000000001c469000 JavaThread "Handler for socket connection from /127.0.0.1:51184 to /127.0.0.1:51185" [_thread_in_native, id=27260, stack(0x000000001e220000,0x000000001e320000)]
  0x000000001c701000 JavaThread "Daemon" [_thread_blocked, id=12496, stack(0x000000001e120000,0x000000001e220000)]
  0x000000001b51b800 JavaThread "Daemon periodic checks" [_thread_blocked, id=13548, stack(0x000000001e020000,0x000000001e120000)]
  0x000000001b3b3800 JavaThread "Incoming local TCP Connector on port 51184" [_thread_in_native, id=25696, stack(0x000000001db30000,0x000000001dc30000)]
  0x000000001b564800 JavaThread "Daemon health stats" [_thread_blocked, id=7476, stack(0x000000001d830000,0x000000001d930000)]
  0x000000001b230000 JavaThread "Service Thread" daemon [_thread_blocked, id=27496, stack(0x000000001be60000,0x000000001bf60000)]
  0x000000001b1a7000 JavaThread "C1 CompilerThread3" daemon [_thread_in_native, id=25996, stack(0x000000001bd60000,0x000000001be60000)]
=>0x000000001937a800 JavaThread "C2 CompilerThread2" daemon [_thread_in_vm, id=15712, stack(0x000000001bc60000,0x000000001bd60000)]
  0x000000001b1a5800 JavaThread "C2 CompilerThread1" daemon [_thread_in_native, id=28588, stack(0x000000001bb60000,0x000000001bc60000)]
  0x000000001b19e000 JavaThread "C2 CompilerThread0" daemon [_thread_in_native, id=29168, stack(0x000000001ba60000,0x000000001bb60000)]
  0x000000001b19d000 JavaThread "Attach Listener" daemon [_thread_blocked, id=28776, stack(0x000000001b960000,0x000000001ba60000)]
  0x000000001b19c000 JavaThread "Signal Dispatcher" daemon [_thread_blocked, id=28120, stack(0x000000001b860000,0x000000001b960000)]
  0x000000001b190800 JavaThread "Finalizer" daemon [_thread_blocked, id=25680, stack(0x000000001b670000,0x000000001b770000)]
  0x000000001936c800 JavaThread "Reference Handler" daemon [_thread_blocked, id=24304, stack(0x000000001b570000,0x000000001b670000)]
  0x00000000054ae800 JavaThread "main" [_thread_blocked, id=5372, stack(0x0000000005360000,0x0000000005460000)]

Other Threads:
  0x0000000019365800 VMThread [stack: 0x000000001b070000,0x000000001b170000] [id=25632]
  0x000000001b1db000 WatcherThread [stack: 0x000000001bf60000,0x000000001c060000] [id=21108]

VM state:not at safepoint (normal execution)

VM Mutex/Monitor currently owned by a thread: None

heap address: 0x00000000a0000000, size: 1536 MB, Compressed Oops mode: 32-bit
Narrow klass base: 0x0000000000000000, Narrow klass shift: 3
Compressed class space size: 1073741824 Address: 0x0000000100000000

Heap:
 PSYoungGen      total 76288K, used 23241K [0x00000000e0000000, 0x00000000e5500000, 0x0000000100000000)
  eden space 65536K, 35% used [0x00000000e0000000,0x00000000e16b24d8,0x00000000e4000000)
  from space 10752K, 0% used [0x00000000e4000000,0x00000000e4000000,0x00000000e4a80000)
  to   space 10752K, 0% used [0x00000000e4a80000,0x00000000e4a80000,0x00000000e5500000)
 ParOldGen       total 78848K, used 11588K [0x00000000a0000000, 0x00000000a4d00000, 0x00000000e0000000)
  object space 78848K, 14% used [0x00000000a0000000,0x00000000a0b51318,0x00000000a4d00000)
 Metaspace       used 24695K, capacity 25216K, committed 25472K, reserved 1071104K
  class space    used 3447K, capacity 3603K, committed 3712K, reserved 1048576K

Card table byte_map: [0x0000000014970000,0x0000000014c80000] byte_map_base: 0x0000000014470000

Marking Bits: (ParMarkBitMap*) 0x0000000054499f30
 Begin Bits: [0x0000000015680000, 0x0000000016e80000)
 End Bits:   [0x0000000016e80000, 0x0000000018680000)

Polling page: 0x0000000004e00000

CodeCache: size=245760Kb used=6046Kb max_used=6046Kb free=239713Kb
 bounds [0x00000000055b0000, 0x0000000005ba0000, 0x00000000145b0000]
 total_blobs=2302 nmethods=1874 adapters=341
 compilation: enabled

Compilation events (10 events):
Event: 58.497 Thread 0x000000001b1a7000 nmethod 2029 0x0000000005b9b590 code [0x0000000005b9b740, 0x0000000005b9bb58]
Event: 58.497 Thread 0x000000001b1a7000 2031       3       sun.reflect.generics.parser.SignatureParser::parseTypeSignature (130 bytes)
Event: 58.497 Thread 0x000000001b1a7000 nmethod 2031 0x0000000005b9bd90 code [0x0000000005b9bf20, 0x0000000005b9c1c8]
Event: 58.497 Thread 0x000000001b1a7000 2032       3       sun.reflect.generics.visitor.Reifier::getResult (26 bytes)
Event: 58.497 Thread 0x000000001b1a7000 nmethod 2032 0x0000000005b9c2d0 code [0x0000000005b9c420, 0x0000000005b9c590]
Event: 58.497 Thread 0x000000001b1a7000 2026       1       java.lang.Class$MethodArray::getArray (5 bytes)
Event: 58.497 Thread 0x000000001b1a7000 nmethod 2026 0x0000000005b9c610 code [0x0000000005b9c760, 0x0000000005b9c870]
Event: 58.498 Thread 0x000000001b1a7000 2033       3       java.beans.FeatureDescriptor::setClass0 (9 bytes)
Event: 58.498 Thread 0x000000001b1a7000 nmethod 2033 0x0000000005b9c8d0 code [0x0000000005b9ca60, 0x0000000005b9cde8]
Event: 58.498 Thread 0x000000001b1a7000 2034       3       java.util.TreeMap::fixAfterInsertion (267 bytes)

GC Heap History (8 events):
Event: 16.179 GC heap before
{Heap before GC invocations=1 (full 0):
 PSYoungGen      total 76288K, used 65536K [0x00000000e0000000, 0x00000000e5500000, 0x0000000100000000)
  eden space 65536K, 100% used [0x00000000e0000000,0x00000000e4000000,0x00000000e4000000)
  from space 10752K, 0% used [0x00000000e4a80000,0x00000000e4a80000,0x00000000e5500000)
  to   space 10752K, 0% used [0x00000000e4000000,0x00000000e4000000,0x00000000e4a80000)
 ParOldGen       total 175104K, used 0K [0x00000000a0000000, 0x00000000aab00000, 0x00000000e0000000)
  object space 175104K, 0% used [0x00000000a0000000,0x00000000a0000000,0x00000000aab00000)
 Metaspace       used 8534K, capacity 8798K, committed 8960K, reserved 1056768K
  class space    used 1100K, capacity 1173K, committed 1280K, reserved 1048576K
Event: 16.187 GC heap after
Heap after GC invocations=1 (full 0):
 PSYoungGen      total 76288K, used 6660K [0x00000000e0000000, 0x00000000e5500000, 0x0000000100000000)
  eden space 65536K, 0% used [0x00000000e0000000,0x00000000e0000000,0x00000000e4000000)
  from space 10752K, 61% used [0x00000000e4000000,0x00000000e46812a8,0x00000000e4a80000)
  to   space 10752K, 0% used [0x00000000e4a80000,0x00000000e4a80000,0x00000000e5500000)
 ParOldGen       total 175104K, used 16K [0x00000000a0000000, 0x00000000aab00000, 0x00000000e0000000)
  object space 175104K, 0% used [0x00000000a0000000,0x00000000a0004000,0x00000000aab00000)
 Metaspace       used 8534K, capacity 8798K, committed 8960K, reserved 1056768K
  class space    used 1100K, capacity 1173K, committed 1280K, reserved 1048576K
}
Event: 21.702 GC heap before
{Heap before GC invocations=2 (full 0):
 PSYoungGen      total 76288K, used 72196K [0x00000000e0000000, 0x00000000e5500000, 0x0000000100000000)
  eden space 65536K, 100% used [0x00000000e0000000,0x00000000e4000000,0x00000000e4000000)
  from space 10752K, 61% used [0x00000000e4000000,0x00000000e46812a8,0x00000000e4a80000)
  to   space 10752K, 0% used [0x00000000e4a80000,0x00000000e4a80000,0x00000000e5500000)
 ParOldGen       total 175104K, used 16K [0x00000000a0000000, 0x00000000aab00000, 0x00000000e0000000)
  object space 175104K, 0% used [0x00000000a0000000,0x00000000a0004020,0x00000000aab00000)
 Metaspace       used 15322K, capacity 15780K, committed 16000K, reserved 1062912K
  class space    used 2165K, capacity 2328K, committed 2432K, reserved 1048576K
Event: 21.712 GC heap after
Heap after GC invocations=2 (full 0):
 PSYoungGen      total 76288K, used 9913K [0x00000000e0000000, 0x00000000e5500000, 0x0000000100000000)
  eden space 65536K, 0% used [0x00000000e0000000,0x00000000e0000000,0x00000000e4000000)
  from space 10752K, 92% used [0x00000000e4a80000,0x00000000e542e4b8,0x00000000e5500000)
  to   space 10752K, 0% used [0x00000000e4000000,0x00000000e4000000,0x00000000e4a80000)
 ParOldGen       total 175104K, used 24K [0x00000000a0000000, 0x00000000aab00000, 0x00000000e0000000)
  object space 175104K, 0% used [0x00000000a0000000,0x00000000a0006020,0x00000000aab00000)
 Metaspace       used 15322K, capacity 15780K, committed 16000K, reserved 1062912K
  class space    used 2165K, capacity 2328K, committed 2432K, reserved 1048576K
}
Event: 25.439 GC heap before
{Heap before GC invocations=3 (full 0):
 PSYoungGen      total 76288K, used 65208K [0x00000000e0000000, 0x00000000e5500000, 0x0000000100000000)
  eden space 65536K, 84% used [0x00000000e0000000,0x00000000e35ffc70,0x00000000e4000000)
  from space 10752K, 92% used [0x00000000e4a80000,0x00000000e542e4b8,0x00000000e5500000)
  to   space 10752K, 0% used [0x00000000e4000000,0x00000000e4000000,0x00000000e4a80000)
 ParOldGen       total 175104K, used 24K [0x00000000a0000000, 0x00000000aab00000, 0x00000000e0000000)
  object space 175104K, 0% used [0x00000000a0000000,0x00000000a0006020,0x00000000aab00000)
 Metaspace       used 20714K, capacity 21138K, committed 21296K, reserved 1067008K
  class space    used 2953K, capacity 3119K, committed 3200K, reserved 1048576K
Event: 25.448 GC heap after
Heap after GC invocations=3 (full 0):
 PSYoungGen      total 76288K, used 10743K [0x00000000e0000000, 0x00000000e5500000, 0x0000000100000000)
  eden space 65536K, 0% used [0x00000000e0000000,0x00000000e0000000,0x00000000e4000000)
  from space 10752K, 99% used [0x00000000e4000000,0x00000000e4a7dc40,0x00000000e4a80000)
  to   space 10752K, 0% used [0x00000000e4a80000,0x00000000e4a80000,0x00000000e5500000)
 ParOldGen       total 175104K, used 1301K [0x00000000a0000000, 0x00000000aab00000, 0x00000000e0000000)
  object space 175104K, 0% used [0x00000000a0000000,0x00000000a01455d0,0x00000000aab00000)
 Metaspace       used 20714K, capacity 21138K, committed 21296K, reserved 1067008K
  class space    used 2953K, capacity 3119K, committed 3200K, reserved 1048576K
}
Event: 25.448 GC heap before
{Heap before GC invocations=4 (full 1):
 PSYoungGen      total 76288K, used 10743K [0x00000000e0000000, 0x00000000e5500000, 0x0000000100000000)
  eden space 65536K, 0% used [0x00000000e0000000,0x00000000e0000000,0x00000000e4000000)
  from space 10752K, 99% used [0x00000000e4000000,0x00000000e4a7dc40,0x00000000e4a80000)
  to   space 10752K, 0% used [0x00000000e4a80000,0x00000000e4a80000,0x00000000e5500000)
 ParOldGen       total 175104K, used 1301K [0x00000000a0000000, 0x00000000aab00000, 0x00000000e0000000)
  object space 175104K, 0% used [0x00000000a0000000,0x00000000a01455d0,0x00000000aab00000)
 Metaspace       used 20714K, capacity 21138K, committed 21296K, reserved 1067008K
  class space    used 2953K, capacity 3119K, committed 3200K, reserved 1048576K
Event: 25.487 GC heap after
Heap after GC invocations=4 (full 1):
 PSYoungGen      total 76288K, used 0K [0x00000000e0000000, 0x00000000e5500000, 0x0000000100000000)
  eden space 65536K, 0% used [0x00000000e0000000,0x00000000e0000000,0x00000000e4000000)
  from space 10752K, 0% used [0x00000000e4000000,0x00000000e4000000,0x00000000e4a80000)
  to   space 10752K, 0% used [0x00000000e4a80000,0x00000000e4a80000,0x00000000e5500000)
 ParOldGen       total 78848K, used 11588K [0x00000000a0000000, 0x00000000a4d00000, 0x00000000e0000000)
  object space 78848K, 14% used [0x00000000a0000000,0x00000000a0b51318,0x00000000a4d00000)
 Metaspace       used 20714K, capacity 21138K, committed 21296K, reserved 1067008K
  class space    used 2953K, capacity 3119K, committed 3200K, reserved 1048576K
}

Deoptimization events (10 events):
Event: 24.611 Thread 0x000000001cd53000 Uncommon trap: reason=bimorphic action=maybe_recompile pc=0x000000000588db14 method=java.io.BufferedInputStream.read([BII)I @ 101
Event: 24.611 Thread 0x000000001cd53000 Uncommon trap: reason=bimorphic action=maybe_recompile pc=0x000000000588db14 method=java.io.BufferedInputStream.read([BII)I @ 101
Event: 24.612 Thread 0x000000001cd53000 Uncommon trap: reason=bimorphic action=maybe_recompile pc=0x000000000588db14 method=java.io.BufferedInputStream.read([BII)I @ 101
Event: 24.612 Thread 0x000000001cd53000 Uncommon trap: reason=bimorphic action=maybe_recompile pc=0x000000000588db14 method=java.io.BufferedInputStream.read([BII)I @ 101
Event: 58.402 Thread 0x000000001cd53000 Uncommon trap: reason=class_check action=maybe_recompile pc=0x0000000005b1d4fc method=sun.misc.URLClassPath.getLoader(I)Lsun/misc/URLClassPath$Loader; @ 94
Event: 58.402 Thread 0x000000001cd53000 Uncommon trap: reason=class_check action=maybe_recompile pc=0x00000000058df96c method=sun.misc.URLClassPath.getResource(Ljava/lang/String;Z)Lsun/misc/Resource; @ 62
Event: 58.402 Thread 0x000000001cd53000 Uncommon trap: reason=unstable_if action=reinterpret pc=0x0000000005b31da8 method=java.lang.String.regionMatches(ZILjava/lang/String;II)Z @ 41
Event: 58.476 Thread 0x000000001cd53000 Uncommon trap: reason=unstable_if action=reinterpret pc=0x00000000057fbe00 method=java.lang.ClassLoader.getClassLoadingLock(Ljava/lang/String;)Ljava/lang/Object; @ 6
Event: 58.491 Thread 0x000000001cd53000 Uncommon trap: reason=class_check action=maybe_recompile pc=0x0000000005b1d5f0 method=sun.misc.URLClassPath.getLoader(I)Lsun/misc/URLClassPath$Loader; @ 239
Event: 58.497 Thread 0x000000001cd53000 Uncommon trap: reason=class_check action=maybe_recompile pc=0x0000000005b1d5f0 method=sun.misc.URLClassPath.getLoader(I)Lsun/misc/URLClassPath$Loader; @ 239

Classes redefined (0 events):
No events

Internal exceptions (10 events):
Event: 58.493 Thread 0x000000001cd53000 Exception <a 'java/security/PrivilegedActionException'> (0x00000000e150a440) thrown at [D:\src\AOSP-openjdk-cygwin\jdk8u\hotspot\src\share\vm\prims\jvm.cpp, line 1508]
Event: 58.493 Thread 0x000000001cd53000 Exception <a 'java/security/PrivilegedActionException'> (0x00000000e150afd8) thrown at [D:\src\AOSP-openjdk-cygwin\jdk8u\hotspot\src\share\vm\prims\jvm.cpp, line 1508]
Event: 58.493 Thread 0x000000001cd53000 Exception <a 'java/security/PrivilegedActionException'> (0x00000000e15157e8) thrown at [D:\src\AOSP-openjdk-cygwin\jdk8u\hotspot\src\share\vm\prims\jvm.cpp, line 1508]
Event: 58.493 Thread 0x000000001cd53000 Exception <a 'java/security/PrivilegedActionException'> (0x00000000e1516380) thrown at [D:\src\AOSP-openjdk-cygwin\jdk8u\hotspot\src\share\vm\prims\jvm.cpp, line 1508]
Event: 58.493 Thread 0x000000001cd53000 Exception <a 'java/lang/ClassNotFoundException': groovy/lang/ScriptCustomizer> (0x00000000e1519e60) thrown at [D:\src\AOSP-openjdk-cygwin\jdk8u\hotspot\src\share\vm\classfile\systemDictionary.cpp, line 210]
Event: 58.494 Thread 0x000000001cd53000 Exception <a 'java/lang/ClassNotFoundException': org/gradle/groovy/scripts/ScriptCustomizer> (0x00000000e1536dd8) thrown at [D:\src\AOSP-openjdk-cygwin\jdk8u\hotspot\src\share\vm\classfile\systemDictionary.cpp, line 210]
Event: 58.495 Thread 0x000000001cd53000 Exception <a 'java/lang/ClassNotFoundException': org/gradle/groovy/scripts/BasicScriptCustomizer> (0x00000000e1554820) thrown at [D:\src\AOSP-openjdk-cygwin\jdk8u\hotspot\src\share\vm\classfile\systemDictionary.cpp, line 210]
Event: 58.495 Thread 0x000000001cd53000 Exception <a 'java/lang/ClassNotFoundException': org/gradle/groovy/scripts/DefaultScriptCustomizer> (0x00000000e1577970) thrown at [D:\src\AOSP-openjdk-cygwin\jdk8u\hotspot\src\share\vm\classfile\systemDictionary.cpp, line 210]
Event: 58.497 Thread 0x000000001cd53000 Exception <a 'java/lang/ClassNotFoundException': org/gradle/initialization/SettingsScriptCustomizer> (0x00000000e15b4218) thrown at [D:\src\AOSP-openjdk-cygwin\jdk8u\hotspot\src\share\vm\classfile\systemDictionary.cpp, line 210]
Event: 58.497 Thread 0x000000001cd53000 Exception <a 'java/lang/ClassNotFoundException': settings_d55ouylujq5ap9qkion46vwjpCustomizer> (0x00000000e15c76a8) thrown at [D:\src\AOSP-openjdk-cygwin\jdk8u\hotspot\src\share\vm\classfile\systemDictionary.cpp, line 210]

Events (10 events):
Event: 58.497 loading class settings_d55ouylujq5ap9qkion46vwjpCustomizer
Event: 58.497 loading class settings_d55ouylujq5ap9qkion46vwjpCustomizer done
Event: 58.497 loading class settings_d55ouylujq5ap9qkion46vwjpCustomizer
Event: 58.497 loading class settings_d55ouylujq5ap9qkion46vwjpCustomizer done
Event: 58.498 loading class org/gradle/groovy/scripts/BasicScript$ScriptDynamicObject
Event: 58.498 loading class org/gradle/groovy/scripts/BasicScript$ScriptDynamicObject done
Event: 58.498 loading class org/codehaus/groovy/reflection/ClassInfo
Event: 58.498 loading class org/codehaus/groovy/reflection/ClassInfo done
Event: 58.499 loading class org/gradle/internal/metaobject/DynamicObjectUtil
Event: 58.499 loading class org/gradle/internal/metaobject/DynamicObjectUtil done


Dynamic libraries:
0x00007ff79ac60000 - 0x00007ff79ac91000 	C:\Program Files\Android\Android Studio\jre\bin\java.exe
0x00007ffcca990000 - 0x00007ffccab70000 	C:\WINDOWS\SYSTEM32\ntdll.dll
0x00007ffcca120000 - 0x00007ffcca1ce000 	C:\WINDOWS\System32\KERNEL32.DLL
0x00007ffcc7b30000 - 0x00007ffcc7d96000 	C:\WINDOWS\System32\KERNELBASE.dll
0x00007ffcc7e60000 - 0x00007ffcc7f01000 	C:\WINDOWS\System32\ADVAPI32.dll
0x00007ffcca8c0000 - 0x00007ffcca95d000 	C:\WINDOWS\System32\msvcrt.dll
0x00007ffcc9f70000 - 0x00007ffcc9fcb000 	C:\WINDOWS\System32\sechost.dll
0x00007ffcc9ba0000 - 0x00007ffcc9cbf000 	C:\WINDOWS\System32\RPCRT4.dll
0x00007ffcc94f0000 - 0x00007ffcc967f000 	C:\WINDOWS\System32\USER32.dll
0x00007ffcc7e40000 - 0x00007ffcc7e60000 	C:\WINDOWS\System32\win32u.dll
0x00007ffcca1d0000 - 0x00007ffcca1f8000 	C:\WINDOWS\System32\GDI32.dll
0x00007ffcc7670000 - 0x00007ffcc7803000 	C:\WINDOWS\System32\gdi32full.dll
0x00007ffcc7da0000 - 0x00007ffcc7e3b000 	C:\WINDOWS\System32\msvcp_win.dll
0x00007ffcc79e0000 - 0x00007ffcc7ad4000 	C:\WINDOWS\System32\ucrtbase.dll
0x00007ffcbaf00000 - 0x00007ffcbb169000 	C:\WINDOWS\WinSxS\amd64_microsoft.windows.common-controls_6595b64144ccf1df_6.0.16299.1387_none_0f90744a5a658aaa\COMCTL32.dll
0x00007ffcca510000 - 0x00007ffcca816000 	C:\WINDOWS\System32\combase.dll
0x00007ffcc75f0000 - 0x00007ffcc7668000 	C:\WINDOWS\System32\bcryptPrimitives.dll
0x00007ffcc94c0000 - 0x00007ffcc94ed000 	C:\WINDOWS\System32\IMM32.DLL
0x00007ffca5700000 - 0x00007ffca57af000 	C:\Program Files\McAfee\Endpoint Security\Threat Prevention\Ips\EpMPApi.dll
0x00007ffcc6e40000 - 0x00007ffcc6e99000 	C:\WINDOWS\System32\WINTRUST.dll
0x00007ffcc6d70000 - 0x00007ffcc6d82000 	C:\WINDOWS\System32\MSASN1.dll
0x00007ffcc7810000 - 0x00007ffcc79de000 	C:\WINDOWS\System32\CRYPT32.dll
0x0000000054ec0000 - 0x0000000054ecc000 	C:\Program Files\McAfee\Endpoint Security\Threat Prevention\Ips\EpMPThe.dll
0x00007ffc98ae0000 - 0x00007ffc98afb000 	C:\Program Files\McAfee\Endpoint Security\Threat Prevention\Ips\HIPHandlers64.dll
0x00007ffcc9b40000 - 0x00007ffcc9b91000 	C:\WINDOWS\System32\SHLWAPI.dll
0x0000000054710000 - 0x00000000547e2000 	C:\Program Files\Android\Android Studio\jre\jre\bin\msvcr100.dll
0x0000000053cd0000 - 0x0000000054516000 	C:\Program Files\Android\Android Studio\jre\jre\bin\server\jvm.dll
0x00007ffcc9eb0000 - 0x00007ffcc9eb8000 	C:\WINDOWS\System32\PSAPI.DLL
0x00007ffcbd800000 - 0x00007ffcbd80a000 	C:\WINDOWS\SYSTEM32\VERSION.dll
0x00007ffcbdf90000 - 0x00007ffcbdfb3000 	C:\WINDOWS\SYSTEM32\WINMM.dll
0x00007ffcc0010000 - 0x00007ffcc0019000 	C:\WINDOWS\SYSTEM32\WSOCK32.dll
0x00007ffcc9cc0000 - 0x00007ffcc9d2c000 	C:\WINDOWS\System32\WS2_32.dll
0x00007ffcbdf60000 - 0x00007ffcbdf8a000 	C:\WINDOWS\SYSTEM32\winmmbase.dll
0x00007ffcc7ae0000 - 0x00007ffcc7b2a000 	C:\WINDOWS\System32\cfgmgr32.dll
0x00007ffcbed50000 - 0x00007ffcbed5f000 	C:\Program Files\Android\Android Studio\jre\jre\bin\verify.dll
0x00007ffca4f00000 - 0x00007ffca4f29000 	C:\Program Files\Android\Android Studio\jre\jre\bin\java.dll
0x00007ffca4e90000 - 0x00007ffca4ea6000 	C:\Program Files\Android\Android Studio\jre\jre\bin\zip.dll
0x00007ffcc8080000 - 0x00007ffcc94ba000 	C:\WINDOWS\System32\SHELL32.dll
0x00007ffcc9ec0000 - 0x00007ffcc9f66000 	C:\WINDOWS\System32\shcore.dll
0x00007ffcc6ea0000 - 0x00007ffcc75e7000 	C:\WINDOWS\System32\windows.storage.dll
0x00007ffcc6d50000 - 0x00007ffcc6d61000 	C:\WINDOWS\System32\kernel.appcore.dll
0x00007ffcc6d00000 - 0x00007ffcc6d4c000 	C:\WINDOWS\System32\powrprof.dll
0x00007ffcc6ce0000 - 0x00007ffcc6cfb000 	C:\WINDOWS\System32\profapi.dll
0x00007ffca29e0000 - 0x00007ffca29fa000 	C:\Program Files\Android\Android Studio\jre\jre\bin\net.dll
0x00007ffcc6510000 - 0x00007ffcc6576000 	C:\WINDOWS\system32\mswsock.dll
0x00007ffca2950000 - 0x00007ffca2961000 	C:\Program Files\Android\Android Studio\jre\jre\bin\nio.dll
0x00007ffc9e1d0000 - 0x00007ffc9e1f6000 	C:\Users\s987216\.gradle\native\29\windows-amd64\native-platform.dll
0x00007ffcbaa80000 - 0x00007ffcbaa8d000 	C:\Program Files\Android\Android Studio\jre\jre\bin\management.dll
0x00007ffcc66e0000 - 0x00007ffcc66f7000 	C:\WINDOWS\SYSTEM32\CRYPTSP.dll
0x00007ffcc60d0000 - 0x00007ffcc6103000 	C:\WINDOWS\system32\rsaenh.dll
0x00007ffcc67e0000 - 0x00007ffcc6805000 	C:\WINDOWS\SYSTEM32\bcrypt.dll
0x00007ffcc6c10000 - 0x00007ffcc6c39000 	C:\WINDOWS\SYSTEM32\USERENV.dll
0x00007ffcc66d0000 - 0x00007ffcc66db000 	C:\WINDOWS\SYSTEM32\CRYPTBASE.dll
0x00007ffcc6260000 - 0x00007ffcc6299000 	C:\WINDOWS\SYSTEM32\IPHLPAPI.DLL
0x00007ffcc9b30000 - 0x00007ffcc9b38000 	C:\WINDOWS\System32\NSI.dll
0x00007ffcc1b90000 - 0x00007ffcc1ba6000 	C:\WINDOWS\SYSTEM32\dhcpcsvc6.DLL
0x00007ffcc1990000 - 0x00007ffcc19aa000 	C:\WINDOWS\SYSTEM32\dhcpcsvc.DLL

VM Arguments:
jvm_args: -Xmx1536m -Dfile.encoding=windows-1252 -Duser.country=ZA -Duser.language=en -Duser.variant 
java_command: org.gradle.launcher.daemon.bootstrap.GradleDaemon 5.4.1
java_class_path (initial): C:\Users\s987216\.gradle\wrapper\dists\gradle-5.4.1-all\3221gyojl5jsh0helicew7rwx\gradle-5.4.1\lib\gradle-launcher-5.4.1.jar
Launcher Type: SUN_STANDARD

Environment Variables:
JAVA_HOME=C:\Program Files\Java\jdk1.8.0_131
PATH=C:\Program Files (x86)\Common Files\Oracle\Java\javapath;C:\WINDOWS\system32;C:\WINDOWS;C:\WINDOWS\System32\Wbem;C:\WINDOWS\System32\WindowsPowerShell\v1.0\;C:\Program Files\dotnet\;C:\Program Files\Microsoft SQL Server\130\Tools\Binn\;C:\Program Files\Microsoft SQL Server\Client SDK\ODBC\170\Tools\Binn\;C:\Program Files\MySQL\MySQL Utilities 1.6\;C:\Users\s987216\AppData\Local\Android\Sdk\platform-tools;C:\Users\s987216\AppData\Local\Android\Sdk\tools;C:\Users\s987216\AppData\Local\Android\Sdk\tools\bin;C:\Program Files\apache-maven-3.6.1\bin;C:\Program Files\nodejs\;C:\Users\s987216\AppData\Local\Microsoft\WindowsApps;C:\Users\s987216\AppData\Roaming\npm;C:\Program Files\JetBrains\IntelliJ IDEA Community Edition 2019.2\bin;
USERNAME=s987216
OS=Windows_NT
PROCESSOR_IDENTIFIER=Intel64 Family 6 Model 142 Stepping 10, GenuineIntel



---------------  S Y S T E M  ---------------

OS: Windows 10.0 , 64 bit Build 16299 (10.0.16299.1146)

CPU:total 8 (initial active 8) (4 cores per cpu, 2 threads per core) family 6 model 142 stepping 10, cmov, cx8, fxsr, mmx, sse, sse2, sse3, ssse3, sse4.1, sse4.2, popcnt, avx, avx2, aes, clmul, erms, 3dnowpref, lzcnt, ht, tsc, tscinvbit, bmi1, bmi2, adx

Memory: 4k page, physical 16669144k(1882696k free), swap 20253144k(1432k free)

vm_info: OpenJDK 64-Bit Server VM (25.202-b03) for windows-amd64 JRE (1.8.0_202-release-1483-b03), built by "builder" with MS VC++ 10.0 (VS2010)

time: Wed Oct 02 16:24:21 2019
timezone: South Africa Standard Time
elapsed time: 58 seconds (0d 0h 0m 58s)

