#
# There is insufficient memory for the Java Runtime Environment to continue.
# Native memory allocation (malloc) failed to allocate 553296 bytes for Chunk::new
# Possible reasons:
#   The system is out of physical RAM or swap space
#   The process is running with CompressedOops enabled, and the Java Heap may be blocking the growth of the native heap
# Possible solutions:
#   Reduce memory load on the system
#   Increase physical memory or swap space
#   Check if swap backing store is full
#   Decrease Java heap size (-Xmx/-Xms)
#   Decrease number of Java threads
#   Decrease Java thread stack sizes (-Xss)
#   Set larger code cache with -XX:ReservedCodeCacheSize=
#   JVM is running with Unscaled Compressed Oops mode in which the Java heap is
#     placed in the first 4GB address space. The Java Heap base address is the
#     maximum limit for the native heap growth. Please use -XX:HeapBaseMinAddress
#     to set the Java Heap base and to place the Java Heap above 4GB virtual address.
# This output file may be truncated or incomplete.
#
#  Out of Memory Error (allocation.cpp:389), pid=19172, tid=0x0000000000002840
#
# JRE version: OpenJDK Runtime Environment (8.0_202-b03) (build 1.8.0_202-release-1483-b03)
# Java VM: OpenJDK 64-Bit Server VM (25.202-b03 mixed mode windows-amd64 compressed oops)
# Failed to write core dump. Minidumps are not enabled by default on client versions of Windows
#

---------------  T H R E A D  ---------------

Current thread (0x000000001ad79800):  JavaThread "C2 CompilerThread0" daemon [_thread_in_native, id=10304, stack(0x000000001b640000,0x000000001b740000)]

Stack: [0x000000001b640000,0x000000001b740000]
[error occurred during error reporting (printing stack bounds), id 0xc0000005]

Native frames: (J=compiled Java code, j=interpreted, Vv=VM code, C=native code)


Current CompileTask:
C2:  17175 2396       4       org.objectweb.asm.Frame::execute (2318 bytes)


---------------  P R O C E S S  ---------------

Java Threads: ( => current thread )
  0x000000002072b000 JavaThread "Cache worker for execution history cache (C:\Users\s987216\.gradle\caches\5.4.1\executionHistory)" [_thread_blocked, id=3744, stack(0x0000000022e60000,0x0000000022f60000)]
  0x000000001c0d4800 JavaThread "Cache worker for cache directory md-rule (C:\Users\s987216\.gradle\caches\5.4.1\md-rule)" [_thread_blocked, id=12316, stack(0x0000000022b60000,0x0000000022c60000)]
  0x000000001c0d3800 JavaThread "Cache worker for cache directory md-supplier (C:\Users\s987216\.gradle\caches\5.4.1\md-supplier)" [_thread_blocked, id=3088, stack(0x00000000218a0000,0x00000000219a0000)]
  0x000000001c0d9000 JavaThread "Cache worker for file hash cache (C:\Users\s987216\AndroidStudioProjects\Gruv\.gradle\5.4.1\fileHashes)" [_thread_blocked, id=19452, stack(0x0000000020da0000,0x0000000020ea0000)]
  0x000000001c0d6000 JavaThread "Cache worker for journal cache (C:\Users\s987216\.gradle\caches\journal-1)" [_thread_blocked, id=6184, stack(0x000000001f8d0000,0x000000001f9d0000)]
  0x000000001c0d8000 JavaThread "File lock request listener" [_thread_in_native, id=16772, stack(0x000000001f7d0000,0x000000001f8d0000)]
  0x000000001d207800 JavaThread "Cache worker for file hash cache (C:\Users\s987216\.gradle\caches\5.4.1\fileHashes)" [_thread_blocked, id=18604, stack(0x000000001f6d0000,0x000000001f7d0000)]
  0x000000001d175000 JavaThread "Thread-9" [_thread_blocked, id=19920, stack(0x000000001e600000,0x000000001e700000)]
  0x000000001d172000 JavaThread "Stdin handler" [_thread_blocked, id=13832, stack(0x000000001e500000,0x000000001e600000)]
  0x000000001d18d800 JavaThread "Asynchronous log dispatcher for DefaultDaemonConnection: socket connection from /127.0.0.1:58152 to /127.0.0.1:58153" [_thread_blocked, id=16748, stack(0x000000001e300000,0x000000001e400000)]
  0x000000001d186000 JavaThread "Daemon worker" [_thread_in_native, id=13280, stack(0x000000001e200000,0x000000001e300000)]
  0x000000001d18a800 JavaThread "Cancel handler" [_thread_blocked, id=5600, stack(0x000000001e100000,0x000000001e200000)]
  0x000000001d165800 JavaThread "Handler for socket connection from /127.0.0.1:58152 to /127.0.0.1:58153" [_thread_in_native, id=19968, stack(0x000000001de00000,0x000000001df00000)]
  0x000000001d120000 JavaThread "Daemon" [_thread_blocked, id=20432, stack(0x000000001dd00000,0x000000001de00000)]
  0x000000001d10c000 JavaThread "Daemon periodic checks" [_thread_blocked, id=15152, stack(0x000000001dc00000,0x000000001dd00000)]
  0x000000001d0fe000 JavaThread "Incoming local TCP Connector on port 58152" [_thread_in_native, id=17148, stack(0x000000001d710000,0x000000001d810000)]
  0x000000001cb33000 JavaThread "Daemon health stats" [_thread_blocked, id=21612, stack(0x000000001d410000,0x000000001d510000)]
  0x000000001ae0c800 JavaThread "Service Thread" daemon [_thread_blocked, id=17716, stack(0x000000001ba40000,0x000000001bb40000)]
  0x000000001ad88000 JavaThread "C1 CompilerThread3" daemon [_thread_blocked, id=11240, stack(0x000000001b940000,0x000000001ba40000)]
  0x000000001ad81000 JavaThread "C2 CompilerThread2" daemon [_thread_in_native, id=7708, stack(0x000000001b840000,0x000000001b940000)]
  0x000000001ad7c800 JavaThread "C2 CompilerThread1" daemon [_thread_blocked, id=19960, stack(0x000000001b740000,0x000000001b840000)]
=>0x000000001ad79800 JavaThread "C2 CompilerThread0" daemon [_thread_in_native, id=10304, stack(0x000000001b640000,0x000000001b740000)]
  0x000000001ad78000 JavaThread "Attach Listener" daemon [_thread_blocked, id=12680, stack(0x000000001b540000,0x000000001b640000)]
  0x000000001ad77000 JavaThread "Signal Dispatcher" daemon [_thread_blocked, id=20472, stack(0x000000001b440000,0x000000001b540000)]
  0x0000000018f72000 JavaThread "Finalizer" daemon [_thread_blocked, id=13700, stack(0x000000001b250000,0x000000001b350000)]
  0x0000000018f6b800 JavaThread "Reference Handler" daemon [_thread_blocked, id=21736, stack(0x000000001b150000,0x000000001b250000)]
  0x00000000051ae800 JavaThread "main" [_thread_blocked, id=864, stack(0x0000000004ab0000,0x0000000004bb0000)]

Other Threads:
  0x0000000018f66000 VMThread [stack: 0x000000001ac50000,0x000000001ad50000] [id=16580]
  0x000000001ae0d000 WatcherThread [stack: 0x000000001bb40000,0x000000001bc40000] [id=9164]

VM state:not at safepoint (normal execution)

VM Mutex/Monitor currently owned by a thread: None

heap address: 0x00000000a0000000, size: 1536 MB, Compressed Oops mode: 32-bit
Narrow klass base: 0x0000000000000000, Narrow klass shift: 3
Compressed class space size: 1073741824 Address: 0x0000000100000000

Heap:
 PSYoungGen      total 76288K, used 49185K [0x00000000e0000000, 0x00000000e6780000, 0x0000000100000000)
  eden space 65536K, 63% used [0x00000000e0000000,0x00000000e2877a40,0x00000000e4000000)
  from space 10752K, 72% used [0x00000000e4a80000,0x00000000e5210d88,0x00000000e5500000)
  to   space 10752K, 0% used [0x00000000e4000000,0x00000000e4000000,0x00000000e4a80000)
 ParOldGen       total 123392K, used 11217K [0x00000000a0000000, 0x00000000a7880000, 0x00000000e0000000)
  object space 123392K, 9% used [0x00000000a0000000,0x00000000a0af44d8,0x00000000a7880000)
 Metaspace       used 30732K, capacity 31212K, committed 31616K, reserved 1077248K
  class space    used 4191K, capacity 4371K, committed 4480K, reserved 1048576K

Card table byte_map: [0x0000000014570000,0x0000000014880000] byte_map_base: 0x0000000014070000

Marking Bits: (ParMarkBitMap*) 0x000000005adf9f30
 Begin Bits: [0x0000000015280000, 0x0000000016a80000)
 End Bits:   [0x0000000016a80000, 0x0000000018280000)

Polling page: 0x00000000032f0000

CodeCache: size=245760Kb used=9120Kb max_used=9139Kb free=236639Kb
 bounds [0x00000000051b0000, 0x0000000005ab0000, 0x00000000141b0000]
 total_blobs=3045 nmethods=2368 adapters=590
 compilation: enabled

Compilation events (10 events):
Event: 17.070 Thread 0x000000001ad88000 nmethod 2400 0x0000000005a89f50 code [0x0000000005a8a140, 0x0000000005a8aa38]
Event: 17.070 Thread 0x000000001ad88000 2399       3       com.google.common.collect.CompactLinkedHashMap::accessEntry (48 bytes)
Event: 17.071 Thread 0x000000001ad88000 nmethod 2399 0x0000000005a95d90 code [0x0000000005a95f20, 0x0000000005a962a8]
Event: 17.071 Thread 0x000000001ad88000 2394       3       org.objectweb.asm.ClassWriter::visitField (53 bytes)
Event: 17.071 Thread 0x000000001ad88000 nmethod 2394 0x0000000005a89a10 code [0x0000000005a89b80, 0x0000000005a89e48]
Event: 17.071 Thread 0x000000001ad88000 2397       3       org.objectweb.asm.MethodWriter::visitJumpInsn (495 bytes)
Event: 17.073 Thread 0x000000001ad7c800 2401   !   4       java.util.zip.ZipFile::getInputStream (304 bytes)
Event: 17.073 Thread 0x000000001ad88000 nmethod 2397 0x0000000005a96490 code [0x0000000005a967c0, 0x0000000005a97ff8]
Event: 17.073 Thread 0x000000001ad88000 2398       3       org.objectweb.asm.Label::put (83 bytes)
Event: 17.073 Thread 0x000000001ad88000 nmethod 2398 0x0000000005a98c10 code [0x0000000005a98de0, 0x0000000005a991f8]

GC Heap History (10 events):
Event: 2.652 GC heap before
{Heap before GC invocations=1 (full 0):
 PSYoungGen      total 76288K, used 65536K [0x00000000e0000000, 0x00000000e5500000, 0x0000000100000000)
  eden space 65536K, 100% used [0x00000000e0000000,0x00000000e4000000,0x00000000e4000000)
  from space 10752K, 0% used [0x00000000e4a80000,0x00000000e4a80000,0x00000000e5500000)
  to   space 10752K, 0% used [0x00000000e4000000,0x00000000e4000000,0x00000000e4a80000)
 ParOldGen       total 175104K, used 0K [0x00000000a0000000, 0x00000000aab00000, 0x00000000e0000000)
  object space 175104K, 0% used [0x00000000a0000000,0x00000000a0000000,0x00000000aab00000)
 Metaspace       used 8545K, capacity 8798K, committed 8960K, reserved 1056768K
  class space    used 1102K, capacity 1173K, committed 1280K, reserved 1048576K
Event: 2.671 GC heap after
Heap after GC invocations=1 (full 0):
 PSYoungGen      total 76288K, used 6586K [0x00000000e0000000, 0x00000000e5500000, 0x0000000100000000)
  eden space 65536K, 0% used [0x00000000e0000000,0x00000000e0000000,0x00000000e4000000)
  from space 10752K, 61% used [0x00000000e4000000,0x00000000e466eb08,0x00000000e4a80000)
  to   space 10752K, 0% used [0x00000000e4a80000,0x00000000e4a80000,0x00000000e5500000)
 ParOldGen       total 175104K, used 8K [0x00000000a0000000, 0x00000000aab00000, 0x00000000e0000000)
  object space 175104K, 0% used [0x00000000a0000000,0x00000000a0002000,0x00000000aab00000)
 Metaspace       used 8545K, capacity 8798K, committed 8960K, reserved 1056768K
  class space    used 1102K, capacity 1173K, committed 1280K, reserved 1048576K
}
Event: 7.434 GC heap before
{Heap before GC invocations=2 (full 0):
 PSYoungGen      total 76288K, used 72122K [0x00000000e0000000, 0x00000000e5500000, 0x0000000100000000)
  eden space 65536K, 100% used [0x00000000e0000000,0x00000000e4000000,0x00000000e4000000)
  from space 10752K, 61% used [0x00000000e4000000,0x00000000e466eb08,0x00000000e4a80000)
  to   space 10752K, 0% used [0x00000000e4a80000,0x00000000e4a80000,0x00000000e5500000)
 ParOldGen       total 175104K, used 8K [0x00000000a0000000, 0x00000000aab00000, 0x00000000e0000000)
  object space 175104K, 0% used [0x00000000a0000000,0x00000000a0002000,0x00000000aab00000)
 Metaspace       used 15151K, capacity 15496K, committed 15616K, reserved 1062912K
  class space    used 2153K, capacity 2286K, committed 2304K, reserved 1048576K
Event: 7.445 GC heap after
Heap after GC invocations=2 (full 0):
 PSYoungGen      total 76288K, used 9752K [0x00000000e0000000, 0x00000000e5500000, 0x0000000100000000)
  eden space 65536K, 0% used [0x00000000e0000000,0x00000000e0000000,0x00000000e4000000)
  from space 10752K, 90% used [0x00000000e4a80000,0x00000000e5406330,0x00000000e5500000)
  to   space 10752K, 0% used [0x00000000e4000000,0x00000000e4000000,0x00000000e4a80000)
 ParOldGen       total 175104K, used 24K [0x00000000a0000000, 0x00000000aab00000, 0x00000000e0000000)
  object space 175104K, 0% used [0x00000000a0000000,0x00000000a0006000,0x00000000aab00000)
 Metaspace       used 15151K, capacity 15496K, committed 15616K, reserved 1062912K
  class space    used 2153K, capacity 2286K, committed 2304K, reserved 1048576K
}
Event: 12.185 GC heap before
{Heap before GC invocations=3 (full 0):
 PSYoungGen      total 76288K, used 63001K [0x00000000e0000000, 0x00000000e5500000, 0x0000000100000000)
  eden space 65536K, 81% used [0x00000000e0000000,0x00000000e3400240,0x00000000e4000000)
  from space 10752K, 90% used [0x00000000e4a80000,0x00000000e5406330,0x00000000e5500000)
  to   space 10752K, 0% used [0x00000000e4000000,0x00000000e4000000,0x00000000e4a80000)
 ParOldGen       total 175104K, used 24K [0x00000000a0000000, 0x00000000aab00000, 0x00000000e0000000)
  object space 175104K, 0% used [0x00000000a0000000,0x00000000a0006000,0x00000000aab00000)
 Metaspace       used 20758K, capacity 21108K, committed 21248K, reserved 1067008K
  class space    used 2916K, capacity 3062K, committed 3072K, reserved 1048576K
Event: 12.198 GC heap after
Heap after GC invocations=3 (full 0):
 PSYoungGen      total 76288K, used 10751K [0x00000000e0000000, 0x00000000e5500000, 0x0000000100000000)
  eden space 65536K, 0% used [0x00000000e0000000,0x00000000e0000000,0x00000000e4000000)
  from space 10752K, 99% used [0x00000000e4000000,0x00000000e4a7fd20,0x00000000e4a80000)
  to   space 10752K, 0% used [0x00000000e4a80000,0x00000000e4a80000,0x00000000e5500000)
 ParOldGen       total 175104K, used 784K [0x00000000a0000000, 0x00000000aab00000, 0x00000000e0000000)
  object space 175104K, 0% used [0x00000000a0000000,0x00000000a00c4238,0x00000000aab00000)
 Metaspace       used 20758K, capacity 21108K, committed 21248K, reserved 1067008K
  class space    used 2916K, capacity 3062K, committed 3072K, reserved 1048576K
}
Event: 12.198 GC heap before
{Heap before GC invocations=4 (full 1):
 PSYoungGen      total 76288K, used 10751K [0x00000000e0000000, 0x00000000e5500000, 0x0000000100000000)
  eden space 65536K, 0% used [0x00000000e0000000,0x00000000e0000000,0x00000000e4000000)
  from space 10752K, 99% used [0x00000000e4000000,0x00000000e4a7fd20,0x00000000e4a80000)
  to   space 10752K, 0% used [0x00000000e4a80000,0x00000000e4a80000,0x00000000e5500000)
 ParOldGen       total 175104K, used 784K [0x00000000a0000000, 0x00000000aab00000, 0x00000000e0000000)
  object space 175104K, 0% used [0x00000000a0000000,0x00000000a00c4238,0x00000000aab00000)
 Metaspace       used 20758K, capacity 21108K, committed 21248K, reserved 1067008K
  class space    used 2916K, capacity 3062K, committed 3072K, reserved 1048576K
Event: 12.311 GC heap after
Heap after GC invocations=4 (full 1):
 PSYoungGen      total 76288K, used 0K [0x00000000e0000000, 0x00000000e5500000, 0x0000000100000000)
  eden space 65536K, 0% used [0x00000000e0000000,0x00000000e0000000,0x00000000e4000000)
  from space 10752K, 0% used [0x00000000e4000000,0x00000000e4000000,0x00000000e4a80000)
  to   space 10752K, 0% used [0x00000000e4a80000,0x00000000e4a80000,0x00000000e5500000)
 ParOldGen       total 123392K, used 11209K [0x00000000a0000000, 0x00000000a7880000, 0x00000000e0000000)
  object space 123392K, 9% used [0x00000000a0000000,0x00000000a0af24d8,0x00000000a7880000)
 Metaspace       used 20758K, capacity 21108K, committed 21248K, reserved 1067008K
  class space    used 2916K, capacity 3062K, committed 3072K, reserved 1048576K
}
Event: 15.389 GC heap before
{Heap before GC invocations=5 (full 1):
 PSYoungGen      total 76288K, used 65536K [0x00000000e0000000, 0x00000000e5500000, 0x0000000100000000)
  eden space 65536K, 100% used [0x00000000e0000000,0x00000000e4000000,0x00000000e4000000)
  from space 10752K, 0% used [0x00000000e4000000,0x00000000e4000000,0x00000000e4a80000)
  to   space 10752K, 0% used [0x00000000e4a80000,0x00000000e4a80000,0x00000000e5500000)
 ParOldGen       total 123392K, used 11209K [0x00000000a0000000, 0x00000000a7880000, 0x00000000e0000000)
  object space 123392K, 9% used [0x00000000a0000000,0x00000000a0af24d8,0x00000000a7880000)
 Metaspace       used 28612K, capacity 29044K, committed 29440K, reserved 1075200K
  class space    used 3858K, capacity 4011K, committed 4096K, reserved 1048576K
Event: 15.397 GC heap after
Heap after GC invocations=5 (full 1):
 PSYoungGen      total 76288K, used 7747K [0x00000000e0000000, 0x00000000e6780000, 0x0000000100000000)
  eden space 65536K, 0% used [0x00000000e0000000,0x00000000e0000000,0x00000000e4000000)
  from space 10752K, 72% used [0x00000000e4a80000,0x00000000e5210d88,0x00000000e5500000)
  to   space 10752K, 0% used [0x00000000e4000000,0x00000000e4000000,0x00000000e4a80000)
 ParOldGen       total 123392K, used 11217K [0x00000000a0000000, 0x00000000a7880000, 0x00000000e0000000)
  object space 123392K, 9% used [0x00000000a0000000,0x00000000a0af44d8,0x00000000a7880000)
 Metaspace       used 28612K, capacity 29044K, committed 29440K, reserved 1075200K
  class space    used 3858K, capacity 4011K, committed 4096K, reserved 1048576K
}

Deoptimization events (10 events):
Event: 15.182 Thread 0x000000001d186000 Uncommon trap: reason=unstable_if action=reinterpret pc=0x00000000059d6ac4 method=java.util.WeakHashMap.put(Ljava/lang/Object;Ljava/lang/Object;)Ljava/lang/Object; @ 72
Event: 15.231 Thread 0x000000001d186000 Uncommon trap: reason=class_check action=maybe_recompile pc=0x000000000577db04 method=sun.misc.URLClassPath.getLoader(I)Lsun/misc/URLClassPath$Loader; @ 94
Event: 15.280 Thread 0x000000001d186000 Uncommon trap: reason=class_check action=maybe_recompile pc=0x0000000005776f2c method=sun.misc.URLClassPath.getLoader(I)Lsun/misc/URLClassPath$Loader; @ 239
Event: 15.399 Thread 0x0000000018f6b800 Uncommon trap: reason=unstable_if action=reinterpret pc=0x00000000056c417c method=java.lang.ref.Reference.tryHandlePending(Z)Z @ 104
Event: 15.883 Thread 0x000000001d186000 Uncommon trap: reason=class_check action=maybe_recompile pc=0x0000000005740798 method=java.util.regex.Pattern$BmpCharProperty.match(Ljava/util/regex/Matcher;ILjava/lang/CharSequence;)Z @ 11
Event: 15.884 Thread 0x000000001d186000 Uncommon trap: reason=class_check action=maybe_recompile pc=0x0000000005740798 method=java.util.regex.Pattern$BmpCharProperty.match(Ljava/util/regex/Matcher;ILjava/lang/CharSequence;)Z @ 11
Event: 15.884 Thread 0x000000001d186000 Uncommon trap: reason=class_check action=maybe_recompile pc=0x0000000005740798 method=java.util.regex.Pattern$BmpCharProperty.match(Ljava/util/regex/Matcher;ILjava/lang/CharSequence;)Z @ 11
Event: 15.884 Thread 0x000000001d186000 Uncommon trap: reason=class_check action=maybe_recompile pc=0x0000000005740798 method=java.util.regex.Pattern$BmpCharProperty.match(Ljava/util/regex/Matcher;ILjava/lang/CharSequence;)Z @ 11
Event: 15.978 Thread 0x000000001d186000 Uncommon trap: reason=unstable_if action=reinterpret pc=0x0000000005458a8c method=java.io.WinNTFileSystem.resolve(Ljava/lang/String;Ljava/lang/String;)Ljava/lang/String; @ 49
Event: 16.296 Thread 0x000000001d186000 Uncommon trap: reason=unstable_if action=reinterpret pc=0x0000000005a3d1b8 method=org.codehaus.groovy.runtime.metaclass.MetaMethodIndex.addMethodToList(Ljava/lang/Object;Lgroovy/lang/MetaMethod;)Ljava/lang/Object; @ 226

Classes redefined (0 events):
No events

Internal exceptions (10 events):
Event: 16.319 Thread 0x000000001d186000 Exception <a 'java/lang/ClassNotFoundException': org/gradle/api/internal/DefaultNamedDomainObjectCollectionBeanInfo> (0x00000000e0e43188) thrown at [D:\src\AOSP-openjdk-cygwin\jdk8u\hotspot\src\share\vm\classfile\systemDictionary.cpp, line 210]
Event: 16.320 Thread 0x000000001d186000 Exception <a 'java/lang/ClassNotFoundException': org/gradle/api/internal/DefaultDomainObjectCollectionBeanInfo> (0x00000000e0e72598) thrown at [D:\src\AOSP-openjdk-cygwin\jdk8u\hotspot\src\share\vm\classfile\systemDictionary.cpp, line 210]
Event: 16.320 Thread 0x000000001d186000 Exception <a 'java/lang/ClassNotFoundException': java/util/AbstractCollectionBeanInfo> (0x00000000e0e76d68) thrown at [D:\src\AOSP-openjdk-cygwin\jdk8u\hotspot\src\share\vm\classfile\systemDictionary.cpp, line 210]
Event: 16.320 Thread 0x000000001d186000 Exception <a 'java/lang/ClassNotFoundException': java/util/AbstractCollectionCustomizer> (0x00000000e0e7b4d0) thrown at [D:\src\AOSP-openjdk-cygwin\jdk8u\hotspot\src\share\vm\classfile\systemDictionary.cpp, line 210]
Event: 16.323 Thread 0x000000001d186000 Exception <a 'java/lang/ClassNotFoundException': org/gradle/api/internal/DefaultDomainObjectCollectionCustomizer> (0x00000000e0eb5e60) thrown at [D:\src\AOSP-openjdk-cygwin\jdk8u\hotspot\src\share\vm\classfile\systemDictionary.cpp, line 210]
Event: 16.326 Thread 0x000000001d186000 Exception <a 'java/lang/ClassNotFoundException': org/gradle/api/internal/DefaultNamedDomainObjectCollectionCustomizer> (0x00000000e0f3b9b0) thrown at [D:\src\AOSP-openjdk-cygwin\jdk8u\hotspot\src\share\vm\classfile\systemDictionary.cpp, line 210]
Event: 16.332 Thread 0x000000001d186000 Exception <a 'java/lang/ClassNotFoundException': org/gradle/api/internal/DefaultNamedDomainObjectListCustomizer> (0x00000000e0faa358) thrown at [D:\src\AOSP-openjdk-cygwin\jdk8u\hotspot\src\share\vm\classfile\systemDictionary.cpp, line 210]
Event: 16.336 Thread 0x000000001d186000 Exception <a 'java/lang/ClassNotFoundException': org/gradle/api/internal/artifacts/DefaultArtifactRepositoryContainerCustomizer> (0x00000000e1016c30) thrown at [D:\src\AOSP-openjdk-cygwin\jdk8u\hotspot\src\share\vm\classfile\systemDictionary.cpp, line 210
Event: 16.338 Thread 0x000000001d186000 Exception <a 'java/lang/ClassNotFoundException': org/gradle/api/internal/artifacts/dsl/DefaultRepositoryHandlerCustomizer> (0x00000000e10742f0) thrown at [D:\src\AOSP-openjdk-cygwin\jdk8u\hotspot\src\share\vm\classfile\systemDictionary.cpp, line 210]
Event: 16.340 Thread 0x000000001d186000 Exception <a 'java/lang/ClassNotFoundException': org/gradle/api/internal/artifacts/dsl/DefaultRepositoryHandler_DecoratedCustomizer> (0x00000000e10e7658) thrown at [D:\src\AOSP-openjdk-cygwin\jdk8u\hotspot\src\share\vm\classfile\systemDictionary.cpp, line

Events (10 events):
Event: 17.074 loading class org/gradle/api/artifacts/ConfigurablePublishArtifact
Event: 17.074 loading class org/gradle/api/artifacts/ConfigurablePublishArtifact done
Event: 17.074 loading class org/gradle/api/artifacts/PublishArtifact
Event: 17.074 loading class org/gradle/api/artifacts/PublishArtifact done
Event: 17.075 loading class org/gradle/api/internal/artifacts/dsl/PublishArtifactNotationParserFactory$DecoratingConverter
Event: 17.075 loading class org/gradle/api/internal/artifacts/dsl/PublishArtifactNotationParserFactory$DecoratingConverter done
Event: 17.075 loading class org/gradle/api/internal/artifacts/dsl/PublishArtifactNotationParserFactory$ArchiveTaskNotationConverter
Event: 17.075 loading class org/gradle/api/internal/artifacts/dsl/PublishArtifactNotationParserFactory$ArchiveTaskNotationConverter done
Event: 17.077 loading class org/gradle/api/tasks/bundling/AbstractArchiveTask
Event: 17.077 loading class org/gradle/api/tasks/bundling/AbstractArchiveTask done


Dynamic libraries:
0x00007ff6f6c90000 - 0x00007ff6f6cc1000 	C:\Program Files\Android\Android Studio\jre\bin\java.exe
0x00007ffec7130000 - 0x00007ffec7310000 	C:\WINDOWS\SYSTEM32\ntdll.dll
0x00007ffec5f90000 - 0x00007ffec603e000 	C:\WINDOWS\System32\KERNEL32.DLL
0x00007ffec3ed0000 - 0x00007ffec4136000 	C:\WINDOWS\System32\KERNELBASE.dll
0x00007ffec5dc0000 - 0x00007ffec5e61000 	C:\WINDOWS\System32\ADVAPI32.dll
0x00007ffec6a30000 - 0x00007ffec6acd000 	C:\WINDOWS\System32\msvcrt.dll
0x00007ffec6ad0000 - 0x00007ffec6b2b000 	C:\WINDOWS\System32\sechost.dll
0x00007ffec5e70000 - 0x00007ffec5f8f000 	C:\WINDOWS\System32\RPCRT4.dll
0x00007ffec6810000 - 0x00007ffec699f000 	C:\WINDOWS\System32\USER32.dll
0x00007ffec4240000 - 0x00007ffec4260000 	C:\WINDOWS\System32\win32u.dll
0x00007ffec6b30000 - 0x00007ffec6b58000 	C:\WINDOWS\System32\GDI32.dll
0x00007ffec4260000 - 0x00007ffec43f3000 	C:\WINDOWS\System32\gdi32full.dll
0x00007ffec4510000 - 0x00007ffec45ab000 	C:\WINDOWS\System32\msvcp_win.dll
0x00007ffec4140000 - 0x00007ffec4234000 	C:\WINDOWS\System32\ucrtbase.dll
0x00007ffeae440000 - 0x00007ffeae6a9000 	C:\WINDOWS\WinSxS\amd64_microsoft.windows.common-controls_6595b64144ccf1df_6.0.16299.1364_none_0f8eb80e5a670b19\COMCTL32.dll
0x00007ffec6500000 - 0x00007ffec6806000 	C:\WINDOWS\System32\combase.dll
0x00007ffec3e50000 - 0x00007ffec3ec8000 	C:\WINDOWS\System32\bcryptPrimitives.dll
0x00007ffec6100000 - 0x00007ffec612d000 	C:\WINDOWS\System32\IMM32.DLL
0x00007ffebdd20000 - 0x00007ffebddcf000 	C:\Program Files\McAfee\Endpoint Security\Threat Prevention\Ips\EpMPApi.dll
0x00007ffec44b0000 - 0x00007ffec4509000 	C:\WINDOWS\System32\WINTRUST.dll
0x00007ffec3510000 - 0x00007ffec3522000 	C:\WINDOWS\System32\MSASN1.dll
0x00007ffec3c80000 - 0x00007ffec3e4e000 	C:\WINDOWS\System32\CRYPT32.dll
0x000000005b7c0000 - 0x000000005b7cc000 	C:\Program Files\McAfee\Endpoint Security\Threat Prevention\Ips\EpMPThe.dll
0x00007ffe8d5c0000 - 0x00007ffe8d5db000 	C:\Program Files\McAfee\Endpoint Security\Threat Prevention\Ips\HIPHandlers64.dll
0x00007ffec69c0000 - 0x00007ffec6a11000 	C:\WINDOWS\System32\SHLWAPI.dll
0x000000005a550000 - 0x000000005a622000 	C:\Program Files\Android\Android Studio\jre\jre\bin\msvcr100.dll
0x000000005a630000 - 0x000000005ae76000 	C:\Program Files\Android\Android Studio\jre\jre\bin\server\jvm.dll
0x00007ffec6a20000 - 0x00007ffec6a28000 	C:\WINDOWS\System32\PSAPI.DLL
0x00007ffeb9130000 - 0x00007ffeb9139000 	C:\WINDOWS\SYSTEM32\WSOCK32.dll
0x00007ffeb8eb0000 - 0x00007ffeb8eba000 	C:\WINDOWS\SYSTEM32\VERSION.dll
0x00007ffebf7f0000 - 0x00007ffebf813000 	C:\WINDOWS\SYSTEM32\WINMM.dll
0x00007ffec61d0000 - 0x00007ffec623c000 	C:\WINDOWS\System32\WS2_32.dll
0x00007ffebf7a0000 - 0x00007ffebf7ca000 	C:\WINDOWS\SYSTEM32\WINMMBASE.dll
0x00007ffec45b0000 - 0x00007ffec45fa000 	C:\WINDOWS\System32\cfgmgr32.dll
0x00007ffea7b40000 - 0x00007ffea7b4f000 	C:\Program Files\Android\Android Studio\jre\jre\bin\verify.dll
0x00007ffea7af0000 - 0x00007ffea7b19000 	C:\Program Files\Android\Android Studio\jre\jre\bin\java.dll
0x00007ffea7000000 - 0x00007ffea7016000 	C:\Program Files\Android\Android Studio\jre\jre\bin\zip.dll
0x00007ffec4920000 - 0x00007ffec5d5c000 	C:\WINDOWS\System32\SHELL32.dll
0x00007ffec6050000 - 0x00007ffec60f6000 	C:\WINDOWS\System32\shcore.dll
0x00007ffec3530000 - 0x00007ffec3c77000 	C:\WINDOWS\System32\windows.storage.dll
0x00007ffec34a0000 - 0x00007ffec34b1000 	C:\WINDOWS\System32\kernel.appcore.dll
0x00007ffec34c0000 - 0x00007ffec350c000 	C:\WINDOWS\System32\powrprof.dll
0x00007ffec3480000 - 0x00007ffec349b000 	C:\WINDOWS\System32\profapi.dll
0x00007ffea2130000 - 0x00007ffea214a000 	C:\Program Files\Android\Android Studio\jre\jre\bin\net.dll
0x00007ffec2cb0000 - 0x00007ffec2d16000 	C:\WINDOWS\system32\mswsock.dll
0x00007ffea20e0000 - 0x00007ffea20f1000 	C:\Program Files\Android\Android Studio\jre\jre\bin\nio.dll
0x00007ffe9c8b0000 - 0x00007ffe9c8d6000 	C:\Users\s987216\.gradle\native\29\windows-amd64\native-platform.dll
0x00007ffea6ef0000 - 0x00007ffea6efd000 	C:\Program Files\Android\Android Studio\jre\jre\bin\management.dll
0x00007ffec2e70000 - 0x00007ffec2e87000 	C:\WINDOWS\SYSTEM32\CRYPTSP.dll
0x00007ffec2870000 - 0x00007ffec28a3000 	C:\WINDOWS\system32\rsaenh.dll
0x00007ffec2fe0000 - 0x00007ffec3005000 	C:\WINDOWS\SYSTEM32\bcrypt.dll
0x00007ffec33b0000 - 0x00007ffec33d9000 	C:\WINDOWS\SYSTEM32\USERENV.dll
0x00007ffec2e90000 - 0x00007ffec2e9b000 	C:\WINDOWS\SYSTEM32\CRYPTBASE.dll
0x00007ffec2a00000 - 0x00007ffec2a39000 	C:\WINDOWS\SYSTEM32\IPHLPAPI.DLL
0x00007ffec6040000 - 0x00007ffec6048000 	C:\WINDOWS\System32\NSI.dll
0x00007ffebe520000 - 0x00007ffebe536000 	C:\WINDOWS\SYSTEM32\dhcpcsvc6.DLL
0x00007ffebe2f0000 - 0x00007ffebe30a000 	C:\WINDOWS\SYSTEM32\dhcpcsvc.DLL

VM Arguments:
jvm_args: -Xmx1536m -Dfile.encoding=windows-1252 -Duser.country=ZA -Duser.language=en -Duser.variant 
java_command: org.gradle.launcher.daemon.bootstrap.GradleDaemon 5.4.1
java_class_path (initial): C:\Users\s987216\.gradle\wrapper\dists\gradle-5.4.1-all\3221gyojl5jsh0helicew7rwx\gradle-5.4.1\lib\gradle-launcher-5.4.1.jar
Launcher Type: SUN_STANDARD

Environment Variables:
JAVA_HOME=C:\Program Files\Java\jdk1.8.0_131
PATH=C:\Program Files (x86)\Common Files\Oracle\Java\javapath;C:\WINDOWS\system32;C:\WINDOWS;C:\WINDOWS\System32\Wbem;C:\WINDOWS\System32\WindowsPowerShell\v1.0\;C:\Program Files\dotnet\;C:\Program Files\Microsoft SQL Server\130\Tools\Binn\;C:\Program Files\Microsoft SQL Server\Client SDK\ODBC\170\Tools\Binn\;C:\Program Files\MySQL\MySQL Utilities 1.6\;C:\Users\s987216\AppData\Local\Android\Sdk\platform-tools;C:\Users\s987216\AppData\Local\Android\Sdk\tools;C:\Users\s987216\AppData\Local\Android\Sdk\tools\bin;C:\Program Files\apache-maven-3.6.1\bin;C:\Program Files\nodejs\;C:\Users\s987216\AppData\Local\Microsoft\WindowsApps;C:\Users\s987216\AppData\Roaming\npm;C:\Program Files\JetBrains\IntelliJ IDEA Community Edition 2019.2\bin;
USERNAME=s987216
OS=Windows_NT
PROCESSOR_IDENTIFIER=Intel64 Family 6 Model 142 Stepping 10, GenuineIntel



---------------  S Y S T E M  ---------------

OS: Windows 10.0 , 64 bit Build 16299 (10.0.16299.1146)

CPU:total 8 (initial active 8) (4 cores per cpu, 2 threads per core) family 6 model 142 stepping 10, cmov, cx8, fxsr, mmx, sse, sse2, sse3, ssse3, sse4.1, sse4.2, popcnt, avx, avx2, aes, clmul, erms, 3dnowpref, lzcnt, ht, tsc, tscinvbit, bmi1, bmi2, adx

Memory: 4k page, physical 16669144k(3396868k free), swap 20253144k(5176k free)

vm_info: OpenJDK 64-Bit Server VM (25.202-b03) for windows-amd64 JRE (1.8.0_202-release-1483-b03), built by "builder" with MS VC++ 10.0 (VS2010)

time: Fri Sep 20 14:37:06 2019
timezone: South Africa Standard Time
elapsed time: 17 seconds (0d 0h 0m 17s)

